{"recorder_version":"75","session":"26041900-45d2353e472a","build":"232.9559.62","bucket":"37","time":1776559889006,"group":{"id":"platform.registry","version":"5"},"event":{"state":true,"data":{"plugin_type":"PLATFORM","system_event_id":8135,"id":"new.large.text.file.viewer","created":1776559889008},"id":"experiment"}}
{"recorder_version":"75","session":"26041900-45d2353e472a","build":"232.9559.62","bucket":"37","time":1776559889006,"group":{"id":"platform.registry","version":"5"},"event":{"state":true,"data":{"plugin_type":"PLATFORM","system_event_id":8136,"id":"wsl.prefer.p9.support","created":1776559889008},"id":"experiment"}}
{"recorder_version":"75","session":"26041900-45d2353e472a","build":"232.9559.62","bucket":"37","time":1776559889006,"group":{"id":"platform.registry","version":"5"},"event":{"state":true,"data":{"plugin_type":"PLATFORM","system_event_id":8137,"id":"editor.reader.mode","created":1776559889008},"id":"experiment"}}
{"recorder_version":"75","session":"26041900-45d2353e472a","build":"232.9559.62","bucket":"37","time":1776559889006,"group":{"id":"platform.registry","version":"5"},"event":{"state":true,"data":{"plugin_type":"PLATFORM","system_event_id":8138,"id":"linux.native.menu","created":1776559889008},"id":"experiment"}}
{"recorder_version":"75","session":"26041900-45d2353e472a","build":"232.9559.62","bucket":"37","time":1776559889006,"group":{"id":"platform.registry","version":"5"},"event":{"state":true,"data":{"plugin_type":"PLATFORM","system_event_id":8139,"id":"wsl.p9.show.roots.in.file.chooser","created":1776559889008},"id":"experiment"}}
{"recorder_version":"75","session":"26041900-45d2353e472a","build":"232.9559.62","bucket":"37","time":1776559889006,"group":{"id":"settings","version":"9"},"event":{"state":true,"data":{"component":"CommonProfilerUISettings","plugin_version":"232.9559.62","plugin":"com.jetbrains.performancePlugin.async","created":1776559889008,"plugin_type":"JB_BUNDLED","system_event_id":8140,"id":127},"id":"invoked"}}
{"recorder_version":"75","session":"26041900-45d2353e472a","build":"232.9559.62","bucket":"37","time":1776559889006,"group":{"id":"platform.installer","version":"2"},"event":{"state":true,"data":{"created":1776559889008,"system_event_id":8141},"id":"invoked"}}
{"recorder_version":"75","session":"26041900-45d2353e472a","build":"232.9559.62","bucket":"37","time":1776559889006,"group":{"id":"settings","version":"9"},"event":{"state":true,"data":{"component":"ExternalDiffSettings","created":1776559889009,"plugin_type":"PLATFORM","name":"settingsMigrated","system_event_id":8142,"id":128,"type":"bool","value":true},"id":"not.default"}}
{"recorder_version":"75","session":"26041900-45d2353e472a","build":"232.9559.62","bucket":"37","time":1776559889006,"group":{"id":"settings","version":"9"},"event":{"state":true,"data":{"plugin_type":"PLATFORM","system_event_id":8143,"component":"ExternalDiffSettings","id":128,"created":1776559889009},"id":"invoked"}}
{"recorder_version":"75","session":"26041900-45d2353e472a","build":"232.9559.62","bucket":"37","time":1776559889006,"group":{"id":"ui.editor.color.schemes","version":"6"},"event":{"state":true,"data":{"system_event_id":8144,"scheme":"Darcula","is_dark":true,"created":1776559889009},"id":"enabled.color.scheme"}}
{"recorder_version":"75","session":"26041900-45d2353e472a","build":"232.9559.62","bucket":"37","time":1776559889006,"group":{"id":"platform.installer","version":"2"},"event":{"state":true,"data":{"system_event_id":8145,"value":"Other","created":1776559889009},"id":"Update Manager"}}
{"recorder_version":"75","session":"26041900-45d2353e472a","build":"232.9559.62","bucket":"37","time":1776559889006,"group":{"id":"keymaps.name","version":"2"},"event":{"state":true,"data":{"system_event_id":8146,"created":1776559889009,"keymap_name":"Mac OS X 10.5+"},"id":"ide.keymap"}}
{"recorder_version":"75","session":"26041900-45d2353e472a","build":"232.9559.62","bucket":"37","time":1776559889006,"group":{"id":"event.log.session","version":"1"},"event":{"state":true,"data":{"created":1776559889009,"system_event_id":8147},"id":"invoked"}}
{"recorder_version":"75","session":"26041900-45d2353e472a","build":"232.9559.62","bucket":"37","time":1776559889006,"group":{"id":"settings.sync.state","version":"3"},"event":{"state":true,"data":{"created":1776559889009,"system_event_id":8148},"id":"invoked"}}
{"recorder_version":"75","session":"26041900-45d2353e472a","build":"232.9559.62","bucket":"37","time":1776559889006,"group":{"id":"event.log.session","version":"1"},"event":{"state":true,"data":{"system_event_id":8149,"debug_agent":false,"created":1776559889009},"id":"debug.mode"}}
{"recorder_version":"75","session":"26041900-45d2353e472a","build":"232.9559.62","bucket":"37","time":1776559889006,"group":{"id":"wsl.installations","version":"1"},"event":{"state":true,"data":{"created":1776559889009,"system_event_id":8150},"id":"invoked"}}
{"recorder_version":"75","session":"26041900-45d2353e472a","build":"232.9559.62","bucket":"37","time":1776559889006,"group":{"id":"vcs.application.configuration","version":"3"},"event":{"state":true,"data":{"created":1776559889009,"system_event_id":8151},"id":"invoked"}}
{"recorder_version":"75","session":"26041900-45d2353e472a","build":"232.9559.62","bucket":"37","time":1776559889006,"group":{"id":"event.log.session","version":"1"},"event":{"state":true,"data":{"system_event_id":8152,"only_local":false,"suppress_report":false,"created":1776559889009},"id":"reporting"}}
{"recorder_version":"75","session":"26041900-45d2353e472a","build":"232.9559.62","bucket":"37","time":1776559889006,"group":{"id":"event.log.session","version":"1"},"event":{"state":true,"data":{"system_event_id":8153,"fus_test":false,"internal":true,"teamcity":false,"created":1776559889009},"id":"test.mode"}}
{"recorder_version":"75","session":"26041900-45d2353e472a","build":"232.9559.62","bucket":"37","time":1776559889006,"group":{"id":"event.log.session","version":"1"},"event":{"state":true,"data":{"headless":false,"system_event_id":8154,"command_line":false,"created":1776559889009},"id":"headless"}}
{"recorder_version":"75","session":"26041900-45d2353e472a","build":"232.9559.62","bucket":"37","time":1776559889007,"group":{"id":"vcs.log.index.application","version":"3"},"event":{"state":true,"data":{"created":1776559889009,"system_event_id":8155},"id":"invoked"}}
{"recorder_version":"75","session":"26041900-45d2353e472a","build":"232.9559.62","bucket":"37","time":1776559889007,"group":{"id":"settings.sync.state","version":"3"},"event":{"state":true,"data":{"system_event_id":8156,"enabled":false,"created":1776559889009},"id":"general.state"}}
{"recorder_version":"75","session":"26041900-45d2353e472a","build":"232.9559.62","bucket":"37","time":1776559889007,"group":{"id":"vcs.log.index.application","version":"3"},"event":{"state":true,"data":{"count":1,"system_event_id":8157,"created":1776559889009},"id":"big.repositories"}}
{"recorder_version":"75","session":"26041900-45d2353e472a","build":"232.9559.62","bucket":"37","time":1776559889007,"group":{"id":"settings.sync.state","version":"3"},"event":{"state":true,"data":{"system_event_id":8158,"enabled":false,"created":1776559889010},"id":"editor.font.state"}}
{"recorder_version":"75","session":"26041900-45d2353e472a","build":"232.9559.62","bucket":"37","time":1776559889007,"group":{"id":"notification.settings","version":"2"},"event":{"state":true,"data":{"created":1776559889010,"system_event_id":8159},"id":"invoked"}}
{"recorder_version":"75","session":"26041900-45d2353e472a","build":"232.9559.62","bucket":"37","time":1776559889007,"group":{"id":"settings","version":"9"},"event":{"state":true,"data":{"plugin_type":"PLATFORM","system_event_id":8160,"component":"ToolWindowLayout","id":129,"created":1776559889010},"id":"invoked"}}
{"recorder_version":"75","session":"26041900-45d2353e472a","build":"232.9559.62","bucket":"37","time":1776559889010,"group":{"id":"ui.info.features","version":"14"},"event":{"state":true,"data":{"system_event_id":8161,"value":"per_monitor_dpi","created":1776559889010},"id":"Hidpi.Mode"}}
{"recorder_version":"75","session":"26041900-45d2353e472a","build":"232.9559.62","bucket":"37","time":1776559889010,"group":{"id":"ui.info.features","version":"14"},"event":{"state":true,"data":{"system_event_id":8162,"value":"hidden","created":1776559889010},"id":"Toolbar"}}
{"recorder_version":"75","session":"26041900-45d2353e472a","build":"232.9559.62","bucket":"37","time":1776559889010,"group":{"id":"ui.info.features","version":"14"},"event":{"state":true,"data":{"system_event_id":8163,"value":"visible","created":1776559889010},"id":"Nav.Bar"}}
{"recorder_version":"75","session":"26041900-45d2353e472a","build":"232.9559.62","bucket":"37","time":1776559889010,"group":{"id":"ui.info.features","version":"14"},"event":{"state":true,"data":{"system_event_id":8164,"enabled":true,"created":1776559889010},"id":"QuickDoc.AutoUpdate"}}
{"recorder_version":"75","session":"26041900-45d2353e472a","build":"232.9559.62","bucket":"37","time":1776559889010,"group":{"id":"ui.info.features","version":"14"},"event":{"state":true,"data":{"system_event_id":8165,"display_id":0,"value":"1512x982 (200%)","created":1776559889011},"id":"Screen.Resolution"}}
{"recorder_version":"75","session":"26041900-45d2353e472a","build":"232.9559.62","bucket":"37","time":1776559889010,"group":{"id":"ui.info.features","version":"14"},"event":{"state":true,"data":{"system_event_id":8166,"enabled":false,"created":1776559889011},"id":"laf.autodetect"}}
{"recorder_version":"75","session":"26041900-45d2353e472a","build":"232.9559.62","bucket":"37","time":1776559889010,"group":{"id":"ui.info.features","version":"14"},"event":{"state":true,"data":{"system_event_id":8167,"value":"visible","created":1776559889011},"id":"Nav.Bar.members"}}
{"recorder_version":"75","session":"26041900-45d2353e472a","build":"232.9559.62","bucket":"37","time":1776559889010,"group":{"id":"ui.info.features","version":"14"},"event":{"state":true,"data":{"system_event_id":8168,"enabled":true,"created":1776559889011},"id":"Retina"}}
{"recorder_version":"75","session":"26041900-45d2353e472a","build":"232.9559.62","bucket":"37","time":1776559889010,"group":{"id":"ui.info.features","version":"14"},"event":{"state":true,"data":{"count":1,"system_event_id":8169,"created":1776559889011},"id":"tool.window.layouts"}}
{"recorder_version":"75","session":"26041900-45d2353e472a","build":"232.9559.62","bucket":"37","time":1776559889010,"group":{"id":"ui.info.features","version":"14"},"event":{"state":true,"data":{"toolbar":"hidden","system_event_id":8170,"navbar":"visible","created":1776559889011},"id":"Toolbar.and.NavBar"}}
{"recorder_version":"75","session":"26041900-45d2353e472a","build":"232.9559.62","bucket":"37","time":1776559889010,"group":{"id":"ui.info.features","version":"14"},"event":{"state":true,"data":{"system_event_id":8171,"value":"Darcula","created":1776559889011},"id":"Look.and.Feel"}}
{"recorder_version":"75","session":"26041900-45d2353e472a","build":"232.9559.62","bucket":"37","time":1776559889010,"group":{"id":"ui.info.features","version":"14"},"event":{"state":true,"data":{"system_event_id":8172,"value":0,"created":1776559889011},"id":"QuickListsCount"}}
{"recorder_version":"75","session":"26041900-45d2353e472a","build":"232.9559.62","bucket":"37","time":1776559889010,"group":{"id":"ui.info.features","version":"14"},"event":{"state":true,"data":{"system_event_id":8173,"scale":2.0,"user_scale":1.0,"created":1776559889011,"scale_mode":false},"id":"Screen.Scale"}}
{"recorder_version":"75","session":"26041900-45d2353e472a","build":"232.9559.62","bucket":"37","time":1776559889010,"group":{"id":"ui.info.features","version":"14"},"event":{"state":true,"data":{"created":1776559889011,"system_event_id":8174},"id":"invoked"}}
{"recorder_version":"75","session":"26041900-45d2353e472a","build":"232.9559.62","bucket":"37","time":1776559889010,"group":{"id":"ui.info.features","version":"14"},"event":{"state":true,"data":{"system_event_id":8175,"enabled":false,"created":1776559889011},"id":"QuickDoc.Show.Toolwindow"}}
{"recorder_version":"75","session":"26041900-45d2353e472a","build":"232.9559.62","bucket":"37","time":1776559889010,"group":{"id":"ui.info.features","version":"14"},"event":{"state":true,"data":{"system_event_id":8176,"enabled":false,"created":1776559889012},"id":"Screen.Reader"}}
{"recorder_version":"75","session":"26041900-45d2353e472a","build":"232.9559.62","bucket":"37","time":1776559889010,"group":{"id":"ui.info.features","version":"14"},"event":{"state":true,"data":{"system_event_id":8177,"value":1,"created":1776559889012},"id":"Number.Of.Monitors"}}
{"recorder_version":"75","session":"26041900-45d2353e472a","build":"232.9559.62","bucket":"37","time":1776559889010,"group":{"id":"editor.settings.ide","version":"9"},"event":{"state":true,"data":{"created":1776559889012,"system_event_id":8178},"id":"invoked"}}
{"recorder_version":"75","session":"26041900-45d2353e472a","build":"232.9559.62","bucket":"37","time":1776559892143,"group":{"id":"performance","version":"67"},"event":{"count":1,"data":{"duration_ms":0,"system_event_id":8179,"created":1776559892143},"id":"ui.latency"}}
{"recorder_version":"75","session":"26041900-45d2353e472a","build":"232.9559.62","bucket":"37","time":1776559932245,"group":{"id":"lifecycle","version":"69"},"event":{"count":1,"data":{"system_event_id":8180,"project":"8269cefc298b2c0875fc52773c5ac5183725dc7907bea37b4f3775a448a613db","created":1776559932245},"id":"frame.deactivated"}}
{"recorder_version":"75","session":"26041900-45d2353e472a","build":"232.9559.62","bucket":"37","time":1776559932566,"group":{"id":"settings.changes","version":"57"},"event":{"count":1,"data":{"plugin_type":"PLATFORM","system_event_id":8181,"project":"8269cefc298b2c0875fc52773c5ac5183725dc7907bea37b4f3775a448a613db","component":"CodeInsightWorkspaceSettings","id":130,"created":1776559932566},"id":"component_changed"}}
{"recorder_version":"75","session":"26041900-45d2353e472a","build":"232.9559.62","bucket":"37","time":1776559957814,"group":{"id":"performance","version":"67"},"event":{"count":1,"data":{"swap_load":0,"created":1776559957814,"gc_time_ms":16,"system_event_id":8182,"cpu_time_ms":43661,"system_cpu_load":8,"power_save_mode":false,"power_source":"AC"},"id":"heartbeat"}}
{"recorder_version":"75","session":"26041900-45d2353e472a","build":"232.9559.62","bucket":"37","time":1776559992529,"group":{"id":"performance","version":"67"},"event":{"count":1,"data":{"duration_ms":0,"system_event_id":8183,"created":1776559992529},"id":"ui.latency"}}
{"recorder_version":"75","session":"26041900-45d2353e472a","build":"232.9559.62","bucket":"37","time":1776560057820,"group":{"id":"performance","version":"67"},"event":{"count":1,"data":{"swap_load":0,"created":1776560057820,"gc_time_ms":80,"system_event_id":8184,"cpu_time_ms":21892,"system_cpu_load":10,"power_save_mode":false,"power_source":"AC"},"id":"heartbeat"}}
{"recorder_version":"75","session":"26041900-45d2353e472a","build":"232.9559.62","bucket":"37","time":1776560060457,"group":{"id":"settings.changes","version":"57"},"event":{"count":1,"data":{"created":1776560060457,"system_event_id":8185},"id":"registered"}}
{"recorder_version":"75","session":"26041900-45d2353e472a","build":"232.9559.62","bucket":"37","time":1776560060457,"group":{"id":"event.log","version":"57"},"event":{"count":1,"data":{"created":1776560060458,"system_event_id":8186},"id":"registered"}}
{"recorder_version":"75","session":"26041900-45d2353e472a","build":"232.9559.62","bucket":"37","time":1776560060457,"group":{"id":"new.project.wizard","version":"3"},"event":{"count":1,"data":{"created":1776560060458,"system_event_id":8187},"id":"registered"}}
{"recorder_version":"75","session":"26041900-45d2353e472a","build":"232.9559.62","bucket":"37","time":1776560060523,"group":{"id":"similar.usages","version":"7"},"event":{"count":1,"data":{"created":1776560060523,"system_event_id":8188},"id":"registered"}}
{"recorder_version":"75","session":"26041900-45d2353e472a","build":"232.9559.62","bucket":"37","time":1776560060523,"group":{"id":"coverage","version":"7"},"event":{"count":1,"data":{"created":1776560060524,"system_event_id":8189},"id":"registered"}}
{"recorder_version":"75","session":"26041900-45d2353e472a","build":"232.9559.62","bucket":"37","time":1776560060523,"group":{"id":"rename.refactoring","version":"5"},"event":{"count":1,"data":{"created":1776560060524,"system_event_id":8190},"id":"registered"}}
{"recorder_version":"75","session":"26041900-45d2353e472a","build":"232.9559.62","bucket":"37","time":1776560060523,"group":{"id":"refactoring","version":"4"},"event":{"count":1,"data":{"created":1776560060524,"system_event_id":8191},"id":"registered"}}
{"recorder_version":"75","session":"26041900-45d2353e472a","build":"232.9559.62","bucket":"37","time":1776560060523,"group":{"id":"ide.script.engine","version":"3"},"event":{"count":1,"data":{"created":1776560060525,"system_event_id":8192},"id":"registered"}}
{"recorder_version":"75","session":"26041900-45d2353e472a","build":"232.9559.62","bucket":"37","time":1776560060523,"group":{"id":"welcome.screen","version":"1"},"event":{"count":1,"data":{"created":1776560060525,"system_event_id":8193},"id":"registered"}}
{"recorder_version":"75","session":"26041900-45d2353e472a","build":"232.9559.62","bucket":"37","time":1776560060523,"group":{"id":"run.configuration.ui.interactions","version":"15"},"event":{"count":1,"data":{"created":1776560060525,"system_event_id":8194},"id":"registered"}}
{"recorder_version":"75","session":"26041900-45d2353e472a","build":"232.9559.62","bucket":"37","time":1776560060523,"group":{"id":"welcomescreen.interaction","version":"3"},"event":{"count":1,"data":{"created":1776560060525,"system_event_id":8195},"id":"registered"}}
{"recorder_version":"75","session":"26041900-45d2353e472a","build":"232.9559.62","bucket":"37","time":1776560060523,"group":{"id":"welcome_screen.clone","version":"1"},"event":{"count":1,"data":{"created":1776560060525,"system_event_id":8196},"id":"registered"}}
{"recorder_version":"75","session":"26041900-45d2353e472a","build":"232.9559.62","bucket":"37","time":1776560060523,"group":{"id":"vcs.clone","version":"1"},"event":{"count":1,"data":{"created":1776560060525,"system_event_id":8197},"id":"registered"}}
{"recorder_version":"75","session":"26041900-45d2353e472a","build":"232.9559.62","bucket":"37","time":1776560060523,"group":{"id":"file.types.usage","version":"69"},"event":{"count":1,"data":{"created":1776560060525,"system_event_id":8198},"id":"registered"}}
{"recorder_version":"75","session":"26041900-45d2353e472a","build":"232.9559.62","bucket":"37","time":1776560060523,"group":{"id":"lifecycle","version":"69"},"event":{"count":1,"data":{"created":1776560060525,"system_event_id":8199},"id":"registered"}}
{"recorder_version":"75","session":"26041900-45d2353e472a","build":"232.9559.62","bucket":"37","time":1776560060523,"group":{"id":"actions","version":"73"},"event":{"count":1,"data":{"created":1776560060526,"system_event_id":8200},"id":"registered"}}
{"recorder_version":"75","session":"26041900-45d2353e472a","build":"232.9559.62","bucket":"37","time":1776560060523,"group":{"id":"toolwindow","version":"62"},"event":{"count":1,"data":{"created":1776560060526,"system_event_id":8201},"id":"registered"}}
{"recorder_version":"75","session":"26041900-45d2353e472a","build":"232.9559.62","bucket":"37","time":1776560060523,"group":{"id":"toolbar","version":"61"},"event":{"count":1,"data":{"created":1776560060526,"system_event_id":8202},"id":"registered"}}
{"recorder_version":"75","session":"26041900-45d2353e472a","build":"232.9559.62","bucket":"37","time":1776560060523,"group":{"id":"actions.gtdu","version":"59"},"event":{"count":1,"data":{"created":1776560060526,"system_event_id":8203},"id":"registered"}}
{"recorder_version":"75","session":"26041900-45d2353e472a","build":"232.9559.62","bucket":"37","time":1776560060523,"group":{"id":"accessibility","version":"1"},"event":{"count":1,"data":{"created":1776560060526,"system_event_id":8204},"id":"registered"}}
{"recorder_version":"75","session":"26041900-45d2353e472a","build":"232.9559.62","bucket":"37","time":1776560060523,"group":{"id":"search.everywhere.filters","version":"2"},"event":{"count":1,"data":{"created":1776560060526,"system_event_id":8205},"id":"registered"}}
{"recorder_version":"75","session":"26041900-45d2353e472a","build":"232.9559.62","bucket":"37","time":1776560060523,"group":{"id":"plugin.manager","version":"6"},"event":{"count":1,"data":{"created":1776560060526,"system_event_id":8206},"id":"registered"}}
{"recorder_version":"75","session":"26041900-45d2353e472a","build":"232.9559.62","bucket":"37","time":1776560060523,"group":{"id":"live.templates","version":"48"},"event":{"count":1,"data":{"created":1776560060526,"system_event_id":8207},"id":"registered"}}
{"recorder_version":"75","session":"26041900-45d2353e472a","build":"232.9559.62","bucket":"37","time":1776560060523,"group":{"id":"vcs.diff.trigger","version":"3"},"event":{"count":1,"data":{"created":1776560060526,"system_event_id":8208},"id":"registered"}}
{"recorder_version":"75","session":"26041900-45d2353e472a","build":"232.9559.62","bucket":"37","time":1776560060523,"group":{"id":"ide.self.update","version":"4"},"event":{"count":1,"data":{"created":1776560060526,"system_event_id":8209},"id":"registered"}}
{"recorder_version":"75","session":"26041900-45d2353e472a","build":"232.9559.62","bucket":"37","time":1776560060523,"group":{"id":"import.old.config","version":"4"},"event":{"count":1,"data":{"created":1776560060526,"system_event_id":8210},"id":"registered"}}
{"recorder_version":"75","session":"26041900-45d2353e472a","build":"232.9559.62","bucket":"37","time":1776560060523,"group":{"id":"leftover.dirs","version":"1"},"event":{"count":1,"data":{"created":1776560060526,"system_event_id":8211},"id":"registered"}}
{"recorder_version":"75","session":"26041900-45d2353e472a","build":"232.9559.62","bucket":"37","time":1776560060523,"group":{"id":"file.editor","version":"3"},"event":{"count":1,"data":{"created":1776560060526,"system_event_id":8212},"id":"registered"}}
{"recorder_version":"75","session":"26041900-45d2353e472a","build":"232.9559.62","bucket":"37","time":1776560060523,"group":{"id":"gutter.icon.click","version":"4"},"event":{"count":1,"data":{"created":1776560060526,"system_event_id":8213},"id":"registered"}}
{"recorder_version":"75","session":"26041900-45d2353e472a","build":"232.9559.62","bucket":"37","time":1776560060523,"group":{"id":"inspection.widget","version":"3"},"event":{"count":1,"data":{"created":1776560060527,"system_event_id":8214},"id":"registered"}}
{"recorder_version":"75","session":"26041900-45d2353e472a","build":"232.9559.62","bucket":"37","time":1776560060523,"group":{"id":"cache.recovery.actions","version":"3"},"event":{"count":1,"data":{"created":1776560060527,"system_event_id":8215},"id":"registered"}}
{"recorder_version":"75","session":"26041900-45d2353e472a","build":"232.9559.62","bucket":"37","time":1776560060523,"group":{"id":"defender","version":"1"},"event":{"count":1,"data":{"created":1776560060527,"system_event_id":8216},"id":"registered"}}
{"recorder_version":"75","session":"26041900-45d2353e472a","build":"232.9559.62","bucket":"37","time":1776560060523,"group":{"id":"vfs","version":"10"},"event":{"count":1,"data":{"created":1776560060527,"system_event_id":8217},"id":"registered"}}
{"recorder_version":"75","session":"26041900-45d2353e472a","build":"232.9559.62","bucket":"37","time":1776560060523,"group":{"id":"dumb.mode","version":"1"},"event":{"count":1,"data":{"created":1776560060527,"system_event_id":8218},"id":"registered"}}
{"recorder_version":"75","session":"26041900-45d2353e472a","build":"232.9559.62","bucket":"37","time":1776560060523,"group":{"id":"index.usage","version":"1"},"event":{"count":1,"data":{"created":1776560060527,"system_event_id":8219},"id":"registered"}}
{"recorder_version":"75","session":"26041900-45d2353e472a","build":"232.9559.62","bucket":"37","time":1776560060523,"group":{"id":"build","version":"7"},"event":{"count":1,"data":{"created":1776560060527,"system_event_id":8220},"id":"registered"}}
{"recorder_version":"75","session":"26041900-45d2353e472a","build":"232.9559.62","bucket":"37","time":1776560060523,"group":{"id":"project.import","version":"7"},"event":{"count":1,"data":{"created":1776560060527,"system_event_id":8221},"id":"registered"}}
{"recorder_version":"75","session":"26041900-45d2353e472a","build":"232.9559.62","bucket":"37","time":1776560060524,"group":{"id":"ui.event","version":"18"},"event":{"count":1,"data":{"created":1776560060527,"system_event_id":8222},"id":"registered"}}
{"recorder_version":"75","session":"26041900-45d2353e472a","build":"232.9559.62","bucket":"37","time":1776560060524,"group":{"id":"plugins.advertiser","version":"6"},"event":{"count":1,"data":{"created":1776560060528,"system_event_id":8223},"id":"registered"}}
{"recorder_version":"75","session":"26041900-45d2353e472a","build":"232.9559.62","bucket":"37","time":1776560060524,"group":{"id":"plugins.dynamic","version":"3"},"event":{"count":1,"data":{"created":1776560060528,"system_event_id":8224},"id":"registered"}}
{"recorder_version":"75","session":"26041900-45d2353e472a","build":"232.9559.62","bucket":"37","time":1776560060524,"group":{"id":"editor.notification.panel","version":"3"},"event":{"count":1,"data":{"created":1776560060528,"system_event_id":8225},"id":"registered"}}
{"recorder_version":"75","session":"26041900-45d2353e472a","build":"232.9559.62","bucket":"37","time":1776560060524,"group":{"id":"ide.update.dialog","version":"2"},"event":{"count":1,"data":{"created":1776560060528,"system_event_id":8226},"id":"registered"}}
{"recorder_version":"75","session":"26041900-45d2353e472a","build":"232.9559.62","bucket":"37","time":1776560060524,"group":{"id":"light.edit","version":"3"},"event":{"count":1,"data":{"created":1776560060528,"system_event_id":8227},"id":"registered"}}
{"recorder_version":"75","session":"26041900-45d2353e472a","build":"232.9559.62","bucket":"37","time":1776560060524,"group":{"id":"editor.typing","version":"7"},"event":{"count":1,"data":{"created":1776560060528,"system_event_id":8228},"id":"registered"}}
{"recorder_version":"75","session":"26041900-45d2353e472a","build":"232.9559.62","bucket":"37","time":1776560060524,"group":{"id":"ui.mnemonic","version":"2"},"event":{"count":1,"data":{"created":1776560060528,"system_event_id":8229},"id":"registered"}}
{"recorder_version":"75","session":"26041900-45d2353e472a","build":"232.9559.62","bucket":"37","time":1776560060524,"group":{"id":"performance","version":"67"},"event":{"count":1,"data":{"created":1776560060528,"system_event_id":8230},"id":"registered"}}
{"recorder_version":"75","session":"26041900-45d2353e472a","build":"232.9559.62","bucket":"37","time":1776560060524,"group":{"id":"notifications","version":"67"},"event":{"count":1,"data":{"created":1776560060528,"system_event_id":8231},"id":"registered"}}
{"recorder_version":"75","session":"26041900-45d2353e472a","build":"232.9559.62","bucket":"37","time":1776560060524,"group":{"id":"productivity","version":"59"},"event":{"count":1,"data":{"created":1776560060528,"system_event_id":8232},"id":"registered"}}
{"recorder_version":"75","session":"26041900-45d2353e472a","build":"232.9559.62","bucket":"37","time":1776560060524,"group":{"id":"ui.dialogs","version":"61"},"event":{"count":1,"data":{"created":1776560060528,"system_event_id":8233},"id":"registered"}}
{"recorder_version":"75","session":"26041900-45d2353e472a","build":"232.9559.62","bucket":"37","time":1776560060524,"group":{"id":"ui.settings","version":"62"},"event":{"count":1,"data":{"created":1776560060528,"system_event_id":8234},"id":"registered"}}
{"recorder_version":"75","session":"26041900-45d2353e472a","build":"232.9559.62","bucket":"37","time":1776560060524,"group":{"id":"got.it.tooltip","version":"2"},"event":{"count":1,"data":{"created":1776560060528,"system_event_id":8235},"id":"registered"}}
{"recorder_version":"75","session":"26041900-45d2353e472a","build":"232.9559.62","bucket":"37","time":1776560060524,"group":{"id":"balloons","version":"6"},"event":{"count":1,"data":{"created":1776560060529,"system_event_id":8236},"id":"registered"}}
{"recorder_version":"75","session":"26041900-45d2353e472a","build":"232.9559.62","bucket":"37","time":1776560060524,"group":{"id":"reader.mode","version":"2"},"event":{"count":1,"data":{"created":1776560060529,"system_event_id":8237},"id":"registered"}}
{"recorder_version":"75","session":"26041900-45d2353e472a","build":"232.9559.62","bucket":"37","time":1776560060524,"group":{"id":"ide.error.dialog","version":"2"},"event":{"count":1,"data":{"created":1776560060529,"system_event_id":8238},"id":"registered"}}
{"recorder_version":"75","session":"26041900-45d2353e472a","build":"232.9559.62","bucket":"37","time":1776560060524,"group":{"id":"new.project.wizard.interactions","version":"23"},"event":{"count":1,"data":{"created":1776560060529,"system_event_id":8239},"id":"registered"}}
{"recorder_version":"75","session":"26041900-45d2353e472a","build":"232.9559.62","bucket":"37","time":1776560060524,"group":{"id":"experimental.ui.interactions","version":"6"},"event":{"count":1,"data":{"created":1776560060529,"system_event_id":8240},"id":"registered"}}
{"recorder_version":"75","session":"26041900-45d2353e472a","build":"232.9559.62","bucket":"37","time":1776560060524,"group":{"id":"trusted_projects","version":"3"},"event":{"count":1,"data":{"created":1776560060529,"system_event_id":8241},"id":"registered"}}
{"recorder_version":"75","session":"26041900-45d2353e472a","build":"232.9559.62","bucket":"37","time":1776560060524,"group":{"id":"readme.on.start","version":"1"},"event":{"count":1,"data":{"created":1776560060529,"system_event_id":8242},"id":"registered"}}
{"recorder_version":"75","session":"26041900-45d2353e472a","build":"232.9559.62","bucket":"37","time":1776560060524,"group":{"id":"intellij.cds","version":"3"},"event":{"count":1,"data":{"created":1776560060529,"system_event_id":8243},"id":"registered"}}
{"recorder_version":"75","session":"26041900-45d2353e472a","build":"232.9559.62","bucket":"37","time":1776560060524,"group":{"id":"startup","version":"5"},"event":{"count":1,"data":{"created":1776560060529,"system_event_id":8244},"id":"registered"}}
{"recorder_version":"75","session":"26041900-45d2353e472a","build":"232.9559.62","bucket":"37","time":1776560060524,"group":{"id":"suggested.refactorings","version":"2"},"event":{"count":1,"data":{"created":1776560060529,"system_event_id":8245},"id":"registered"}}
{"recorder_version":"75","session":"26041900-45d2353e472a","build":"232.9559.62","bucket":"37","time":1776560060524,"group":{"id":"cwm.gateway","version":"2"},"event":{"count":1,"data":{"created":1776560060529,"system_event_id":8246},"id":"registered"}}
{"recorder_version":"75","session":"26041900-45d2353e472a","build":"232.9559.62","bucket":"37","time":1776560060524,"group":{"id":"problems.view.sessions","version":"2"},"event":{"count":1,"data":{"created":1776560060529,"system_event_id":8247},"id":"registered"}}
{"recorder_version":"75","session":"26041900-45d2353e472a","build":"232.9559.62","bucket":"37","time":1776560060524,"group":{"id":"file.structure.popup","version":"2"},"event":{"count":1,"data":{"created":1776560060529,"system_event_id":8248},"id":"registered"}}
{"recorder_version":"75","session":"26041900-45d2353e472a","build":"232.9559.62","bucket":"37","time":1776560060524,"group":{"id":"tooltip.action.events","version":"1"},"event":{"count":1,"data":{"created":1776560060529,"system_event_id":8249},"id":"registered"}}
{"recorder_version":"75","session":"26041900-45d2353e472a","build":"232.9559.62","bucket":"37","time":1776560060524,"group":{"id":"rename.inplace.popup","version":"3"},"event":{"count":1,"data":{"created":1776560060530,"system_event_id":8250},"id":"registered"}}
{"recorder_version":"75","session":"26041900-45d2353e472a","build":"232.9559.62","bucket":"37","time":1776560060524,"group":{"id":"move.refactoring","version":"2"},"event":{"count":1,"data":{"created":1776560060530,"system_event_id":8251},"id":"registered"}}
{"recorder_version":"75","session":"26041900-45d2353e472a","build":"232.9559.62","bucket":"37","time":1776560060524,"group":{"id":"package.management.ui","version":"2"},"event":{"count":1,"data":{"created":1776560060530,"system_event_id":8252},"id":"registered"}}
{"recorder_version":"75","session":"26041900-45d2353e472a","build":"232.9559.62","bucket":"37","time":1776560060524,"group":{"id":"completion","version":"14"},"event":{"count":1,"data":{"created":1776560060530,"system_event_id":8253},"id":"registered"}}
{"recorder_version":"75","session":"26041900-45d2353e472a","build":"232.9559.62","bucket":"37","time":1776560060524,"group":{"id":"find.usages","version":"3"},"event":{"count":1,"data":{"created":1776560060530,"system_event_id":8254},"id":"registered"}}
{"recorder_version":"75","session":"26041900-45d2353e472a","build":"232.9559.62","bucket":"37","time":1776560060524,"group":{"id":"usage.view","version":"21"},"event":{"count":1,"data":{"created":1776560060530,"system_event_id":8255},"id":"registered"}}
{"recorder_version":"75","session":"26041900-45d2353e472a","build":"232.9559.62","bucket":"37","time":1776560060524,"group":{"id":"file.type.configurable.interactions","version":"1"},"event":{"count":1,"data":{"created":1776560060530,"system_event_id":8256},"id":"registered"}}
{"recorder_version":"75","session":"26041900-45d2353e472a","build":"232.9559.62","bucket":"37","time":1776560060524,"group":{"id":"jdk.downloader","version":"1"},"event":{"count":1,"data":{"created":1776560060531,"system_event_id":8257},"id":"registered"}}
{"recorder_version":"75","session":"26041900-45d2353e472a","build":"232.9559.62","bucket":"37","time":1776560060524,"group":{"id":"daemon","version":"5"},"event":{"count":1,"data":{"created":1776560060531,"system_event_id":8258},"id":"registered"}}
{"recorder_version":"75","session":"26041900-45d2353e472a","build":"232.9559.62","bucket":"37","time":1776560060524,"group":{"id":"inspection.performance","version":"3"},"event":{"count":1,"data":{"created":1776560060531,"system_event_id":8259},"id":"registered"}}
{"recorder_version":"75","session":"26041900-45d2353e472a","build":"232.9559.62","bucket":"37","time":1776560060524,"group":{"id":"project.view.performance","version":"2"},"event":{"count":1,"data":{"created":1776560060531,"system_event_id":8260},"id":"registered"}}
{"recorder_version":"75","session":"26041900-45d2353e472a","build":"232.9559.62","bucket":"37","time":1776560060524,"group":{"id":"bookmarks.counters","version":"2"},"event":{"count":1,"data":{"created":1776560060531,"system_event_id":8261},"id":"registered"}}
{"recorder_version":"75","session":"26041900-45d2353e472a","build":"232.9559.62","bucket":"37","time":1776560060524,"group":{"id":"searchEverywhere","version":"10"},"event":{"count":1,"data":{"created":1776560060531,"system_event_id":8262},"id":"registered"}}
{"recorder_version":"75","session":"26041900-45d2353e472a","build":"232.9559.62","bucket":"37","time":1776560060524,"group":{"id":"search.everywhere.process","version":"1"},"event":{"count":1,"data":{"created":1776560060531,"system_event_id":8263},"id":"registered"}}
{"recorder_version":"75","session":"26041900-45d2353e472a","build":"232.9559.62","bucket":"37","time":1776560060524,"group":{"id":"actions.runAnything","version":"3"},"event":{"count":1,"data":{"created":1776560060531,"system_event_id":8264},"id":"registered"}}
{"recorder_version":"75","session":"26041900-45d2353e472a","build":"232.9559.62","bucket":"37","time":1776560060524,"group":{"id":"surround.with","version":"4"},"event":{"count":1,"data":{"created":1776560060531,"system_event_id":8265},"id":"registered"}}
{"recorder_version":"75","session":"26041900-45d2353e472a","build":"232.9559.62","bucket":"37","time":1776560060524,"group":{"id":"find","version":"6"},"event":{"count":1,"data":{"created":1776560060531,"system_event_id":8266},"id":"registered"}}
{"recorder_version":"75","session":"26041900-45d2353e472a","build":"232.9559.62","bucket":"37","time":1776560060524,"group":{"id":"create.directory.dialog","version":"3"},"event":{"count":1,"data":{"created":1776560060531,"system_event_id":8267},"id":"registered"}}
{"recorder_version":"75","session":"26041900-45d2353e472a","build":"232.9559.62","bucket":"37","time":1776560060524,"group":{"id":"refactoring.dialog","version":"3"},"event":{"count":1,"data":{"created":1776560060531,"system_event_id":8268},"id":"registered"}}
{"recorder_version":"75","session":"26041900-45d2353e472a","build":"232.9559.62","bucket":"37","time":1776560060524,"group":{"id":"project.view.pane.changes","version":"2"},"event":{"count":1,"data":{"created":1776560060531,"system_event_id":8269},"id":"registered"}}
{"recorder_version":"75","session":"26041900-45d2353e472a","build":"232.9559.62","bucket":"37","time":1776560060524,"group":{"id":"run.configuration.exec","version":"71"},"event":{"count":1,"data":{"created":1776560060531,"system_event_id":8270},"id":"registered"}}
{"recorder_version":"75","session":"26041900-45d2353e472a","build":"232.9559.62","bucket":"37","time":1776560060524,"group":{"id":"intentions","version":"61"},"event":{"count":1,"data":{"created":1776560060531,"system_event_id":8271},"id":"registered"}}
{"recorder_version":"75","session":"26041900-45d2353e472a","build":"232.9559.62","bucket":"37","time":1776560060524,"group":{"id":"completion.postfix","version":"59"},"event":{"count":1,"data":{"created":1776560060531,"system_event_id":8272},"id":"registered"}}
{"recorder_version":"75","session":"26041900-45d2353e472a","build":"232.9559.62","bucket":"37","time":1776560060524,"group":{"id":"os.file.type.association","version":"3"},"event":{"count":1,"data":{"created":1776560060531,"system_event_id":8273},"id":"registered"}}
{"recorder_version":"75","session":"26041900-45d2353e472a","build":"232.9559.62","bucket":"37","time":1776560060524,"group":{"id":"run.target.events","version":"2"},"event":{"count":1,"data":{"created":1776560060532,"system_event_id":8274},"id":"registered"}}
{"recorder_version":"75","session":"26041900-45d2353e472a","build":"232.9559.62","bucket":"37","time":1776560060524,"group":{"id":"inlay.action.handler","version":"1"},"event":{"count":1,"data":{"created":1776560060532,"system_event_id":8275},"id":"registered"}}
{"recorder_version":"75","session":"26041900-45d2353e472a","build":"232.9559.62","bucket":"37","time":1776560060524,"group":{"id":"indexing.statistics","version":"7"},"event":{"count":1,"data":{"created":1776560060532,"system_event_id":8276},"id":"registered"}}
{"recorder_version":"75","session":"26041900-45d2353e472a","build":"232.9559.62","bucket":"37","time":1776560060524,"group":{"id":"feedback.in.ide.notification","version":"4"},"event":{"count":1,"data":{"created":1776560060532,"system_event_id":8277},"id":"registered"}}
{"recorder_version":"75","session":"26041900-45d2353e472a","build":"232.9559.62","bucket":"37","time":1776560060524,"group":{"id":"ui.tips","version":"12"},"event":{"count":1,"data":{"created":1776560060532,"system_event_id":8278},"id":"registered"}}
{"recorder_version":"75","session":"26041900-45d2353e472a","build":"232.9559.62","bucket":"37","time":1776560060524,"group":{"id":"vcs","version":"12"},"event":{"count":1,"data":{"created":1776560060532,"system_event_id":8279},"id":"registered"}}
{"recorder_version":"75","session":"26041900-45d2353e472a","build":"232.9559.62","bucket":"37","time":1776560060524,"group":{"id":"commit.interactions","version":"4"},"event":{"count":1,"data":{"created":1776560060532,"system_event_id":8280},"id":"registered"}}
{"recorder_version":"75","session":"26041900-45d2353e472a","build":"232.9559.62","bucket":"37","time":1776560060524,"group":{"id":"vcs.log.trigger","version":"6"},"event":{"count":1,"data":{"created":1776560060532,"system_event_id":8281},"id":"registered"}}
{"recorder_version":"75","session":"26041900-45d2353e472a","build":"232.9559.62","bucket":"37","time":1776560060524,"group":{"id":"vcs.log.performance","version":"2"},"event":{"count":1,"data":{"created":1776560060532,"system_event_id":8282},"id":"registered"}}
{"recorder_version":"75","session":"26041900-45d2353e472a","build":"232.9559.62","bucket":"37","time":1776560060524,"group":{"id":"debugger.breakpoints.usage","version":"4"},"event":{"count":1,"data":{"created":1776560060532,"system_event_id":8283},"id":"registered"}}
{"recorder_version":"75","session":"26041900-45d2353e472a","build":"232.9559.62","bucket":"37","time":1776560060524,"group":{"id":"debugger.evaluate.usage","version":"4"},"event":{"count":1,"data":{"created":1776560060532,"system_event_id":8284},"id":"registered"}}
{"recorder_version":"75","session":"26041900-45d2353e472a","build":"232.9559.62","bucket":"37","time":1776560060524,"group":{"id":"debugger.frames.view","version":"2"},"event":{"count":1,"data":{"created":1776560060532,"system_event_id":8285},"id":"registered"}}
{"recorder_version":"75","session":"26041900-45d2353e472a","build":"232.9559.62","bucket":"37","time":1776560060524,"group":{"id":"debugger.attach.dialog","version":"3"},"event":{"count":1,"data":{"created":1776560060533,"system_event_id":8286},"id":"registered"}}
{"recorder_version":"75","session":"26041900-45d2353e472a","build":"232.9559.62","bucket":"37","time":1776560060524,"group":{"id":"xdebugger.actions","version":"2"},"event":{"count":1,"data":{"created":1776560060533,"system_event_id":8287},"id":"registered"}}
{"recorder_version":"75","session":"26041900-45d2353e472a","build":"232.9559.62","bucket":"37","time":1776560060524,"group":{"id":"debugger.performance","version":"1"},"event":{"count":1,"data":{"created":1776560060533,"system_event_id":8288},"id":"registered"}}
{"recorder_version":"75","session":"26041900-45d2353e472a","build":"232.9559.62","bucket":"37","time":1776560060524,"group":{"id":"external.project.task","version":"3"},"event":{"count":1,"data":{"created":1776560060533,"system_event_id":8289},"id":"registered"}}
{"recorder_version":"75","session":"26041900-45d2353e472a","build":"232.9559.62","bucket":"37","time":1776560060524,"group":{"id":"build.tools.actions","version":"7"},"event":{"count":1,"data":{"created":1776560060533,"system_event_id":8290},"id":"registered"}}
{"recorder_version":"75","session":"26041900-45d2353e472a","build":"232.9559.62","bucket":"37","time":1776560060524,"group":{"id":"json.schema","version":"2"},"event":{"count":1,"data":{"created":1776560060533,"system_event_id":8291},"id":"registered"}}
{"recorder_version":"75","session":"26041900-45d2353e472a","build":"232.9559.62","bucket":"37","time":1776560060524,"group":{"id":"spellchecker.events","version":"2"},"event":{"count":1,"data":{"created":1776560060533,"system_event_id":8292},"id":"registered"}}
{"recorder_version":"75","session":"26041900-45d2353e472a","build":"232.9559.62","bucket":"37","time":1776560060524,"group":{"id":"editorconfig","version":"2"},"event":{"count":1,"data":{"created":1776560060533,"system_event_id":8293},"id":"registered"}}
{"recorder_version":"75","session":"26041900-45d2353e472a","build":"232.9559.62","bucket":"37","time":1776560060524,"group":{"id":"markdown.events","version":"1"},"event":{"count":1,"data":{"created":1776560060533,"system_event_id":8294},"id":"registered"}}
{"recorder_version":"75","session":"26041900-45d2353e472a","build":"232.9559.62","bucket":"37","time":1776560060524,"group":{"id":"terminalShell","version":"15"},"event":{"count":1,"data":{"created":1776560060533,"system_event_id":8295},"id":"registered"}}
{"recorder_version":"75","session":"26041900-45d2353e472a","build":"232.9559.62","bucket":"37","time":1776560060524,"group":{"id":"build.gradle.actions","version":"2"},"event":{"count":1,"data":{"created":1776560060533,"system_event_id":8296},"id":"registered"}}
{"recorder_version":"75","session":"26041900-45d2353e472a","build":"232.9559.62","bucket":"37","time":1776560060524,"group":{"id":"build.gradle.performance","version":"1"},"event":{"count":1,"data":{"created":1776560060533,"system_event_id":8297},"id":"registered"}}
{"recorder_version":"75","session":"26041900-45d2353e472a","build":"232.9559.62","bucket":"37","time":1776560060524,"group":{"id":"ideFeaturesTrainer","version":"19"},"event":{"count":1,"data":{"created":1776560060533,"system_event_id":8298},"id":"registered"}}
{"recorder_version":"75","session":"26041900-45d2353e472a","build":"232.9559.62","bucket":"37","time":1776560060524,"group":{"id":"feature_suggester","version":"4"},"event":{"count":1,"data":{"created":1776560060533,"system_event_id":8299},"id":"registered"}}
{"recorder_version":"75","session":"26041900-45d2353e472a","build":"232.9559.62","bucket":"37","time":1776560060524,"group":{"id":"onboarding.tips.statistics","version":"4"},"event":{"count":1,"data":{"created":1776560060533,"system_event_id":8300},"id":"registered"}}
{"recorder_version":"75","session":"26041900-45d2353e472a","build":"232.9559.62","bucket":"37","time":1776560060524,"group":{"id":"shell.script","version":"1"},"event":{"count":1,"data":{"created":1776560060534,"system_event_id":8301},"id":"registered"}}
{"recorder_version":"75","session":"26041900-45d2353e472a","build":"232.9559.62","bucket":"37","time":1776560060524,"group":{"id":"ml.completion","version":"5"},"event":{"count":1,"data":{"created":1776560060534,"system_event_id":8302},"id":"registered"}}
{"recorder_version":"75","session":"26041900-45d2353e472a","build":"232.9559.62","bucket":"37","time":1776560060524,"group":{"id":"new.ui.onboarding","version":"3"},"event":{"count":1,"data":{"created":1776560060534,"system_event_id":8303},"id":"registered"}}
{"recorder_version":"75","session":"26041900-45d2353e472a","build":"232.9559.62","bucket":"37","time":1776560060524,"group":{"id":"settings.sync.events","version":"1"},"event":{"count":1,"data":{"created":1776560060534,"system_event_id":8304},"id":"registered"}}
{"recorder_version":"75","session":"26041900-45d2353e472a","build":"232.9559.62","bucket":"37","time":1776560060524,"group":{"id":"space","version":"5"},"event":{"count":1,"data":{"created":1776560060534,"system_event_id":8305},"id":"registered"}}
{"recorder_version":"75","session":"26041900-45d2353e472a","build":"232.9559.62","bucket":"37","time":1776560060525,"group":{"id":"grazie.count","version":"7"},"event":{"count":1,"data":{"created":1776560060534,"system_event_id":8306},"id":"registered"}}
{"recorder_version":"75","session":"26041900-45d2353e472a","build":"232.9559.62","bucket":"37","time":1776560060525,"group":{"id":"git.branches","version":"1"},"event":{"count":1,"data":{"created":1776560060534,"system_event_id":8307},"id":"registered"}}
{"recorder_version":"75","session":"26041900-45d2353e472a","build":"232.9559.62","bucket":"37","time":1776560060525,"group":{"id":"stash.interactions","version":"4"},"event":{"count":1,"data":{"created":1776560060534,"system_event_id":8308},"id":"registered"}}
{"recorder_version":"75","session":"26041900-45d2353e472a","build":"232.9559.62","bucket":"37","time":1776560060525,"group":{"id":"git.status.refresh","version":"1"},"event":{"count":1,"data":{"created":1776560060534,"system_event_id":8309},"id":"registered"}}
{"recorder_version":"75","session":"26041900-45d2353e472a","build":"232.9559.62","bucket":"37","time":1776560060525,"group":{"id":"vcs.github.pullrequest.counters","version":"5"},"event":{"count":1,"data":{"created":1776560060534,"system_event_id":8310},"id":"registered"}}
{"recorder_version":"75","session":"26041900-45d2353e472a","build":"232.9559.62","bucket":"37","time":1776560060525,"group":{"id":"vcs.gitlab.counters","version":"6"},"event":{"count":1,"data":{"created":1776560060534,"system_event_id":8311},"id":"registered"}}
{"recorder_version":"75","session":"26041900-45d2353e472a","build":"232.9559.62","bucket":"37","time":1776560060525,"group":{"id":"java.find.usages","version":"3"},"event":{"count":1,"data":{"created":1776560060534,"system_event_id":8312},"id":"registered"}}
{"recorder_version":"75","session":"26041900-45d2353e472a","build":"232.9559.62","bucket":"37","time":1776560060525,"group":{"id":"java.extract.method","version":"3"},"event":{"count":1,"data":{"created":1776560060534,"system_event_id":8313},"id":"registered"}}
{"recorder_version":"75","session":"26041900-45d2353e472a","build":"232.9559.62","bucket":"37","time":1776560060525,"group":{"id":"extract.method.inplace","version":"3"},"event":{"count":1,"data":{"created":1776560060534,"system_event_id":8314},"id":"registered"}}
{"recorder_version":"75","session":"26041900-45d2353e472a","build":"232.9559.62","bucket":"37","time":1776560060525,"group":{"id":"java.debugger.actions","version":"1"},"event":{"count":1,"data":{"created":1776560060535,"system_event_id":8315},"id":"registered"}}
{"recorder_version":"75","session":"26041900-45d2353e472a","build":"232.9559.62","bucket":"37","time":1776560060525,"group":{"id":"java.smart.enter.fixer","version":"3"},"event":{"count":1,"data":{"created":1776560060535,"system_event_id":8316},"id":"registered"}}
{"recorder_version":"75","session":"26041900-45d2353e472a","build":"232.9559.62","bucket":"37","time":1776560060525,"group":{"id":"introduce.variable.inplace","version":"3"},"event":{"count":1,"data":{"created":1776560060535,"system_event_id":8317},"id":"registered"}}
{"recorder_version":"75","session":"26041900-45d2353e472a","build":"232.9559.62","bucket":"37","time":1776560060525,"group":{"id":"introduce.parameter.inplace","version":"2"},"event":{"count":1,"data":{"created":1776560060535,"system_event_id":8318},"id":"registered"}}
{"recorder_version":"75","session":"26041900-45d2353e472a","build":"232.9559.62","bucket":"37","time":1776560060525,"group":{"id":"build.jps","version":"2"},"event":{"count":1,"data":{"created":1776560060535,"system_event_id":8319},"id":"registered"}}
{"recorder_version":"75","session":"26041900-45d2353e472a","build":"232.9559.62","bucket":"37","time":1776560060525,"group":{"id":"debugger.breakpoints.usage.java","version":"1"},"event":{"count":1,"data":{"created":1776560060535,"system_event_id":8320},"id":"registered"}}
{"recorder_version":"75","session":"26041900-45d2353e472a","build":"232.9559.62","bucket":"37","time":1776560060525,"group":{"id":"java.lens","version":"4"},"event":{"count":1,"data":{"created":1776560060535,"system_event_id":8321},"id":"registered"}}
{"recorder_version":"75","session":"26041900-45d2353e472a","build":"232.9559.62","bucket":"37","time":1776560060525,"group":{"id":"task.management","version":"2"},"event":{"count":1,"data":{"created":1776560060535,"system_event_id":8322},"id":"registered"}}
{"recorder_version":"75","session":"26041900-45d2353e472a","build":"232.9559.62","bucket":"37","time":1776560060525,"group":{"id":"eclipse.projects.detector","version":"2"},"event":{"count":1,"data":{"created":1776560060536,"system_event_id":8323},"id":"registered"}}
{"recorder_version":"75","session":"26041900-45d2353e472a","build":"232.9559.62","bucket":"37","time":1776560060525,"group":{"id":"build.ant.actions","version":"1"},"event":{"count":1,"data":{"created":1776560060536,"system_event_id":8324},"id":"registered"}}
{"recorder_version":"75","session":"26041900-45d2353e472a","build":"232.9559.62","bucket":"37","time":1776560060525,"group":{"id":"kotlin.compilation.error","version":"2"},"event":{"count":1,"data":{"created":1776560060536,"system_event_id":8325},"id":"registered"}}
{"recorder_version":"75","session":"26041900-45d2353e472a","build":"232.9559.62","bucket":"37","time":1776560060525,"group":{"id":"kotlin.ide.new.project","version":"11"},"event":{"count":1,"data":{"created":1776560060536,"system_event_id":8326},"id":"registered"}}
{"recorder_version":"75","session":"26041900-45d2353e472a","build":"232.9559.62","bucket":"37","time":1776560060525,"group":{"id":"kotlin.ide.new.file","version":"2"},"event":{"count":1,"data":{"created":1776560060536,"system_event_id":8327},"id":"registered"}}
{"recorder_version":"75","session":"26041900-45d2353e472a","build":"232.9559.62","bucket":"37","time":1776560060525,"group":{"id":"kotlin.ide.refactoring.move","version":"2"},"event":{"count":1,"data":{"created":1776560060536,"system_event_id":8328},"id":"registered"}}
{"recorder_version":"75","session":"26041900-45d2353e472a","build":"232.9559.62","bucket":"37","time":1776560060525,"group":{"id":"kotlin.ide.refactoring.inline","version":"4"},"event":{"count":1,"data":{"created":1776560060536,"system_event_id":8329},"id":"registered"}}
{"recorder_version":"75","session":"26041900-45d2353e472a","build":"232.9559.62","bucket":"37","time":1776560060525,"group":{"id":"kotlin.ide.gradle","version":"1"},"event":{"count":1,"data":{"created":1776560060536,"system_event_id":8330},"id":"registered"}}
{"recorder_version":"75","session":"26041900-45d2353e472a","build":"232.9559.62","bucket":"37","time":1776560060525,"group":{"id":"kotlin.ide.migrationTool","version":"3"},"event":{"count":1,"data":{"created":1776560060536,"system_event_id":8331},"id":"registered"}}
{"recorder_version":"75","session":"26041900-45d2353e472a","build":"232.9559.62","bucket":"37","time":1776560060525,"group":{"id":"kotlin.ide.j2k","version":"2"},"event":{"count":1,"data":{"created":1776560060536,"system_event_id":8332},"id":"registered"}}
{"recorder_version":"75","session":"26041900-45d2353e472a","build":"232.9559.62","bucket":"37","time":1776560060525,"group":{"id":"kotlin.ide.inspections","version":"2"},"event":{"count":1,"data":{"created":1776560060536,"system_event_id":8333},"id":"registered"}}
{"recorder_version":"75","session":"26041900-45d2353e472a","build":"232.9559.62","bucket":"37","time":1776560060525,"group":{"id":"kotlin.code.vision","version":"2"},"event":{"count":1,"data":{"created":1776560060536,"system_event_id":8334},"id":"registered"}}
{"recorder_version":"75","session":"26041900-45d2353e472a","build":"232.9559.62","bucket":"37","time":1776560060525,"group":{"id":"kotlin.onboarding.j2k","version":"1"},"event":{"count":1,"data":{"created":1776560060536,"system_event_id":8335},"id":"registered"}}
{"recorder_version":"75","session":"26041900-45d2353e472a","build":"232.9559.62","bucket":"37","time":1776560060525,"group":{"id":"kotlin.debugger.evaluator","version":"1"},"event":{"count":1,"data":{"created":1776560060536,"system_event_id":8336},"id":"registered"}}
{"recorder_version":"75","session":"26041900-45d2353e472a","build":"232.9559.62","bucket":"37","time":1776560060525,"group":{"id":"kotlin.gradle.performance","version":"11"},"event":{"count":1,"data":{"created":1776560060536,"system_event_id":8337},"id":"registered"}}
{"recorder_version":"75","session":"26041900-45d2353e472a","build":"232.9559.62","bucket":"37","time":1776560060525,"group":{"id":"build.maven.actions","version":"4"},"event":{"count":1,"data":{"created":1776560060536,"system_event_id":8338},"id":"registered"}}
{"recorder_version":"75","session":"26041900-45d2353e472a","build":"232.9559.62","bucket":"37","time":1776560060525,"group":{"id":"maven.import","version":"10"},"event":{"count":1,"data":{"created":1776560060536,"system_event_id":8339},"id":"registered"}}
{"recorder_version":"75","session":"26041900-45d2353e472a","build":"232.9559.62","bucket":"37","time":1776560060525,"group":{"id":"new.project.wizard.interactions","version":"23"},"event":{"count":1,"data":{"created":1776560060537,"system_event_id":8340},"id":"registered"}}
{"recorder_version":"75","session":"26041900-45d2353e472a","build":"232.9559.62","bucket":"37","time":1776560060525,"group":{"id":"build.gradle.import","version":"7"},"event":{"count":1,"data":{"created":1776560060537,"system_event_id":8341},"id":"registered"}}
{"recorder_version":"75","session":"26041900-45d2353e472a","build":"232.9559.62","bucket":"37","time":1776560060525,"group":{"id":"qodana.plugin","version":"4"},"event":{"count":1,"data":{"created":1776560060537,"system_event_id":8342},"id":"registered"}}
{"recorder_version":"75","session":"26041900-45d2353e472a","build":"232.9559.62","bucket":"37","time":1776560060525,"group":{"id":"qodana.inspections","version":"10"},"event":{"count":1,"data":{"created":1776560060537,"system_event_id":8343},"id":"registered"}}
{"recorder_version":"75","session":"26041900-45d2353e472a","build":"232.9559.62","bucket":"37","time":1776560060525,"group":{"id":"qodana.coverage","version":"1"},"event":{"count":1,"data":{"created":1776560060537,"system_event_id":8344},"id":"registered"}}
{"recorder_version":"75","session":"26041900-45d2353e472a","build":"232.9559.62","bucket":"37","time":1776560060525,"group":{"id":"shared.indexes","version":"7"},"event":{"count":1,"data":{"created":1776560060537,"system_event_id":8345},"id":"registered"}}
{"recorder_version":"75","session":"26041900-45d2353e472a","build":"232.9559.62","bucket":"37","time":1776560060525,"group":{"id":"cwm.telephony","version":"8"},"event":{"count":1,"data":{"created":1776560060537,"system_event_id":8346},"id":"registered"}}
{"recorder_version":"75","session":"26041900-45d2353e472a","build":"232.9559.62","bucket":"37","time":1776560060525,"group":{"id":"cwm.telephony.devices","version":"7"},"event":{"count":1,"data":{"created":1776560060537,"system_event_id":8347},"id":"registered"}}
{"recorder_version":"75","session":"26041900-45d2353e472a","build":"232.9559.62","bucket":"37","time":1776560060525,"group":{"id":"cwm.lifecycle","version":"25"},"event":{"count":1,"data":{"created":1776560060537,"system_event_id":8348},"id":"registered"}}
{"recorder_version":"75","session":"26041900-45d2353e472a","build":"232.9559.62","bucket":"37","time":1776560060525,"group":{"id":"vulnerability.package.checker","version":"4"},"event":{"count":1,"data":{"created":1776560060537,"system_event_id":8349},"id":"registered"}}
{"recorder_version":"75","session":"26041900-45d2353e472a","build":"232.9559.62","bucket":"37","time":1776560060525,"group":{"id":"profiler.usage","version":"18"},"event":{"count":1,"data":{"created":1776560060537,"system_event_id":8350},"id":"registered"}}
{"recorder_version":"75","session":"26041900-45d2353e472a","build":"232.9559.62","bucket":"37","time":1776560092926,"group":{"id":"performance","version":"67"},"event":{"count":1,"data":{"duration_ms":0,"system_event_id":8351,"created":1776560092926},"id":"ui.latency"}}
{"recorder_version":"75","session":"26041900-45d2353e472a","build":"232.9559.62","bucket":"37","time":1776560096836,"group":{"id":"lifecycle","version":"69"},"event":{"count":1,"data":{"system_event_id":8352,"project":"8269cefc298b2c0875fc52773c5ac5183725dc7907bea37b4f3775a448a613db","created":1776560096836},"id":"frame.activated"}}
{"recorder_version":"75","session":"26041900-45d2353e472a","build":"232.9559.62","bucket":"37","time":1776560097778,"group":{"id":"lifecycle","version":"69"},"event":{"count":1,"data":{"system_event_id":8353,"project":"8269cefc298b2c0875fc52773c5ac5183725dc7907bea37b4f3775a448a613db","created":1776560097778},"id":"frame.deactivated"}}
{"recorder_version":"75","session":"26041900-45d2353e472a","build":"232.9559.62","bucket":"37","time":1776560098087,"group":{"id":"settings.changes","version":"57"},"event":{"count":1,"data":{"component":"ConsoleFont","created":1776560098087,"plugin_type":"PLATFORM","name":"VERSION","system_event_id":8354,"id":131,"type":"int"},"id":"component_changed_option"}}
{"recorder_version":"75","session":"26041900-45d2353e472a","build":"232.9559.62","bucket":"37","time":1776560098087,"group":{"id":"settings.changes","version":"57"},"event":{"count":1,"data":{"plugin_type":"PLATFORM","system_event_id":8355,"component":"ConsoleFont","id":131,"created":1776560098087},"id":"component_changed"}}
{"recorder_version":"75","session":"26041900-45d2353e472a","build":"232.9559.62","bucket":"37","time":1776560098088,"group":{"id":"settings.changes","version":"57"},"event":{"count":1,"data":{"component":"RecentProjectsManager","created":1776560098089,"plugin_type":"PLATFORM","name":"lastOpenedProject","system_event_id":8356,"id":132,"type":"string"},"id":"component_changed_option"}}
{"recorder_version":"75","session":"26041900-45d2353e472a","build":"232.9559.62","bucket":"37","time":1776560098089,"group":{"id":"settings.changes","version":"57"},"event":{"count":1,"data":{"plugin_type":"PLATFORM","system_event_id":8357,"component":"RecentProjectsManager","id":132,"created":1776560098089},"id":"component_changed"}}
{"recorder_version":"75","session":"26041900-45d2353e472a","build":"232.9559.62","bucket":"37","time":1776560157828,"group":{"id":"performance","version":"67"},"event":{"count":1,"data":{"swap_load":0,"created":1776560157828,"gc_time_ms":16,"system_event_id":8358,"cpu_time_ms":47138,"system_cpu_load":15,"power_save_mode":false,"power_source":"AC"},"id":"heartbeat"}}
{"recorder_version":"75","session":"26041900-45d2353e472a","build":"232.9559.62","bucket":"37","time":1776560193375,"group":{"id":"performance","version":"67"},"event":{"count":1,"data":{"duration_ms":0,"system_event_id":8359,"created":1776560193376},"id":"ui.latency"}}
{"recorder_version":"75","session":"26041900-45d2353e472a","build":"232.9559.62","bucket":"37","time":1776560257839,"group":{"id":"performance","version":"67"},"event":{"count":1,"data":{"swap_load":0,"created":1776560257840,"gc_time_ms":80,"system_event_id":8360,"cpu_time_ms":24939,"system_cpu_load":8,"power_save_mode":false,"power_source":"AC"},"id":"heartbeat"}}
{"recorder_version":"75","session":"26041900-45d2353e472a","build":"232.9559.62","bucket":"37","time":1776560294013,"group":{"id":"performance","version":"67"},"event":{"count":1,"data":{"duration_ms":0,"system_event_id":8361,"created":1776560294013},"id":"ui.latency"}}
{"recorder_version":"75","session":"26041900-45d2353e472a","build":"232.9559.62","bucket":"37","time":1776560357841,"group":{"id":"performance","version":"67"},"event":{"count":1,"data":{"swap_load":0,"created":1776560357841,"gc_time_ms":16,"system_event_id":8362,"cpu_time_ms":49516,"system_cpu_load":6,"power_save_mode":false,"power_source":"AC"},"id":"heartbeat"}}
{"recorder_version":"75","session":"26041900-45d2353e472a","build":"232.9559.62","bucket":"37","time":1776560394651,"group":{"id":"performance","version":"67"},"event":{"count":1,"data":{"duration_ms":0,"system_event_id":8363,"created":1776560394651},"id":"ui.latency"}}
{"recorder_version":"75","session":"26041900-45d2353e472a","build":"232.9559.62","bucket":"37","time":1776560457851,"group":{"id":"performance","version":"67"},"event":{"count":1,"data":{"swap_load":0,"created":1776560457851,"gc_time_ms":80,"system_event_id":8364,"cpu_time_ms":27479,"system_cpu_load":5,"power_save_mode":false,"power_source":"AC"},"id":"heartbeat"}}
{"recorder_version":"75","session":"26041900-45d2353e472a","build":"232.9559.62","bucket":"37","time":1776560495205,"group":{"id":"performance","version":"67"},"event":{"count":1,"data":{"duration_ms":0,"system_event_id":8365,"created":1776560495205},"id":"ui.latency"}}
{"recorder_version":"75","session":"26041900-45d2353e472a","build":"232.9559.62","bucket":"37","time":1776560552248,"group":{"id":"event.log","version":"75"},"event":{"count":1,"data":{"total":1,"external":false,"paths":["925d7a8c839ace325a09b676d0cdeb60b174e43c749ef8c27334ca64137e9ef1"],"created":1776560552248,"succeed":1,"system_event_id":8366,"failed":0,"send":1,"errors":[]},"id":"logs.send"}}
{"recorder_version":"75","session":"26041900-45d2353e472a","build":"232.9559.62","bucket":"37","time":1776560557858,"group":{"id":"performance","version":"67"},"event":{"count":1,"data":{"swap_load":0,"created":1776560557860,"gc_time_ms":27,"system_event_id":8367,"cpu_time_ms":52387,"system_cpu_load":5,"power_save_mode":false,"power_source":"AC"},"id":"heartbeat"}}
{"recorder_version":"75","session":"26041900-45d2353e472a","build":"232.9559.62","bucket":"37","time":1776560595827,"group":{"id":"performance","version":"67"},"event":{"count":1,"data":{"duration_ms":0,"system_event_id":8368,"created":1776560595827},"id":"ui.latency"}}
{"recorder_version":"75","session":"26041900-45d2353e472a","build":"232.9559.62","bucket":"37","time":1776560657867,"group":{"id":"performance","version":"67"},"event":{"count":1,"data":{"swap_load":0,"created":1776560657867,"gc_time_ms":80,"system_event_id":8369,"cpu_time_ms":29930,"system_cpu_load":5,"power_save_mode":false,"power_source":"AC"},"id":"heartbeat"}}
{"recorder_version":"75","session":"26041900-45d2353e472a","build":"232.9559.62","bucket":"37","time":1776560696495,"group":{"id":"performance","version":"67"},"event":{"count":1,"data":{"duration_ms":0,"system_event_id":8370,"created":1776560696495},"id":"ui.latency"}}
