{"recorder_version":"75","session":"26041822-fd0e1557a0c5","build":"232.9559.62","bucket":"37","time":1776553680565,"group":{"id":"vcs.github","version":"3"},"event":{"state":true,"data":{"created":1776553680566,"system_event_id":3713},"id":"invoked"}}
{"recorder_version":"75","session":"26041822-fd0e1557a0c5","build":"232.9559.62","bucket":"37","time":1776553680565,"group":{"id":"feedback.in.ide.dont.show.again.state","version":"2"},"event":{"state":true,"data":{"created":1776553680567,"system_event_id":3714},"id":"invoked"}}
{"recorder_version":"75","session":"26041822-fd0e1557a0c5","build":"232.9559.62","bucket":"37","time":1776553680565,"group":{"id":"ui.fonts","version":"6"},"event":{"state":true,"data":{"system_event_id":3715,"font_size_2d":13.0,"created":1776553680567,"font_size":13,"font_name":".SF NS Text"},"id":"UI"}}
{"recorder_version":"75","session":"26041822-fd0e1557a0c5","build":"232.9559.62","bucket":"37","time":1776553680565,"group":{"id":"ui.fonts","version":"6"},"event":{"state":true,"data":{"system_event_id":3716,"created":1776553680567,"font_size":23},"id":"Presentation.mode"}}
{"recorder_version":"75","session":"26041822-fd0e1557a0c5","build":"232.9559.62","bucket":"37","time":1776553680565,"group":{"id":"vcs.github","version":"3"},"event":{"state":true,"data":{"count":0,"system_event_id":3717,"has_enterprise":false,"created":1776553680568},"id":"accounts"}}
{"recorder_version":"75","session":"26041822-fd0e1557a0c5","build":"232.9559.62","bucket":"37","time":1776553680565,"group":{"id":"ui.fonts","version":"6"},"event":{"state":true,"data":{"system_event_id":3718,"font_size_2d":13.0,"line_spacing":1.2,"created":1776553680568,"font_size":13,"font_name":"JetBrains Mono"},"id":"IDE.editor"}}
{"recorder_version":"75","session":"26041822-fd0e1557a0c5","build":"232.9559.62","bucket":"37","time":1776553680566,"group":{"id":"proxy.settings","version":"1"},"event":{"state":true,"data":{"created":1776553680568,"system_event_id":3719},"id":"invoked"}}
{"recorder_version":"75","session":"26041822-fd0e1557a0c5","build":"232.9559.62","bucket":"37","time":1776553680566,"group":{"id":"system.runtime","version":"16"},"event":{"state":true,"data":{"system_event_id":3720,"gigabytes":0,"created":1776553680568},"id":"swap.size"}}
{"recorder_version":"75","session":"26041822-fd0e1557a0c5","build":"232.9559.62","bucket":"37","time":1776553680566,"group":{"id":"system.runtime","version":"16"},"event":{"state":true,"data":{"system_event_id":3721,"index_partition_free":33,"index_partition_size":512,"created":1776553680568},"id":"disk.size"}}
{"recorder_version":"75","session":"26041822-fd0e1557a0c5","build":"232.9559.62","bucket":"37","time":1776553680566,"group":{"id":"system.runtime","version":"16"},"event":{"state":true,"data":{"name":"G1","system_event_id":3722,"created":1776553680568},"id":"garbage.collector"}}
{"recorder_version":"75","session":"26041822-fd0e1557a0c5","build":"232.9559.62","bucket":"37","time":1776553680566,"group":{"id":"system.runtime","version":"16"},"event":{"state":true,"data":{"name":"Metal","system_event_id":3723,"created":1776553680568},"id":"rendering.pipeline"}}
{"recorder_version":"75","session":"26041822-fd0e1557a0c5","build":"232.9559.62","bucket":"37","time":1776553680566,"group":{"id":"system.runtime","version":"16"},"event":{"state":true,"data":{"system_event_id":3724,"arch":"arm64","version":"1.17","vendor":"JetBrains","created":1776553680569},"id":"jvm"}}
{"recorder_version":"75","session":"26041822-fd0e1557a0c5","build":"232.9559.62","bucket":"37","time":1776553680566,"group":{"id":"system.runtime","version":"16"},"event":{"state":true,"data":{"name":"ReservedCodeCacheSize","system_event_id":3725,"value":500,"created":1776553680569},"id":"jvm.option"}}
{"recorder_version":"75","session":"26041822-fd0e1557a0c5","build":"232.9559.62","bucket":"37","time":1776553680566,"group":{"id":"system.runtime","version":"16"},"event":{"state":true,"data":{"name":"SoftRefLRUPolicyMSPerMB","system_event_id":3726,"value":0,"created":1776553680569},"id":"jvm.option"}}
{"recorder_version":"75","session":"26041822-fd0e1557a0c5","build":"232.9559.62","bucket":"37","time":1776553680566,"group":{"id":"system.runtime","version":"16"},"event":{"state":true,"data":{"name":"Xms","system_event_id":3727,"value":128,"created":1776553680569},"id":"jvm.option"}}
{"recorder_version":"75","session":"26041822-fd0e1557a0c5","build":"232.9559.62","bucket":"37","time":1776553680566,"group":{"id":"system.runtime","version":"16"},"event":{"state":true,"data":{"name":"Xmx","system_event_id":3728,"value":2048,"created":1776553680569},"id":"jvm.option"}}
{"recorder_version":"75","session":"26041822-fd0e1557a0c5","build":"232.9559.62","bucket":"37","time":1776553680566,"group":{"id":"system.runtime","version":"16"},"event":{"state":true,"data":{"name":"splash","system_event_id":3729,"value":true,"created":1776553680569},"id":"jvm.client.properties"}}
{"recorder_version":"75","session":"26041822-fd0e1557a0c5","build":"232.9559.62","bucket":"37","time":1776553680566,"group":{"id":"system.runtime","version":"16"},"event":{"state":true,"data":{"system_event_id":3730,"enabled":false,"created":1776553680569},"id":"debug.agent"}}
{"recorder_version":"75","session":"26041822-fd0e1557a0c5","build":"232.9559.62","bucket":"37","time":1776553680566,"group":{"id":"settings","version":"9"},"event":{"state":true,"data":{"plugin_type":"PLATFORM","system_event_id":3731,"component":"DontShowAgainFeedbackService","id":127,"created":1776553680569},"id":"invoked"}}
{"recorder_version":"75","session":"26041822-fd0e1557a0c5","build":"232.9559.62","bucket":"37","time":1776553680566,"group":{"id":"feedback.in.ide.dont.show.again.state","version":"2"},"event":{"state":true,"data":{"system_event_id":3732,"versionList":[],"created":1776553680569},"id":"disabledVersions"}}
{"recorder_version":"75","session":"26041822-fd0e1557a0c5","build":"232.9559.62","bucket":"37","time":1776553680566,"group":{"id":"settings","version":"9"},"event":{"state":true,"data":{"plugin_type":"PLATFORM","system_event_id":3733,"component":"DiffSettings","id":128,"created":1776553680569},"id":"invoked"}}
{"recorder_version":"75","session":"26041822-fd0e1557a0c5","build":"232.9559.62","bucket":"37","time":1776553680566,"group":{"id":"vcs.gitlab","version":"1"},"event":{"state":true,"data":{"count":0,"system_event_id":3734,"has_enterprise":false,"created":1776553680569},"id":"accounts"}}
{"recorder_version":"75","session":"26041822-fd0e1557a0c5","build":"232.9559.62","bucket":"37","time":1776553680566,"group":{"id":"vcs.gitlab","version":"1"},"event":{"state":true,"data":{"created":1776553680569,"system_event_id":3735},"id":"invoked"}}
{"recorder_version":"75","session":"26041822-fd0e1557a0c5","build":"232.9559.62","bucket":"37","time":1776553680566,"group":{"id":"plugins","version":"9"},"event":{"state":true,"data":{"created":1776553680569,"system_event_id":3736},"id":"invoked"}}
{"recorder_version":"75","session":"26041822-fd0e1557a0c5","build":"232.9559.62","bucket":"37","time":1776553680566,"group":{"id":"vcs.application.configuration","version":"3"},"event":{"state":true,"data":{"created":1776553680569,"system_event_id":3737},"id":"invoked"}}
{"recorder_version":"75","session":"26041822-fd0e1557a0c5","build":"232.9559.62","bucket":"37","time":1776553680566,"group":{"id":"plugins","version":"9"},"event":{"state":true,"data":{"plugin_type":"NOT_LISTED","system_event_id":3738,"created":1776553680569},"id":"enabled.not.bundled.plugin"}}
{"recorder_version":"75","session":"26041822-fd0e1557a0c5","build":"232.9559.62","bucket":"37","time":1776553680566,"group":{"id":"system.os","version":"16"},"event":{"state":true,"data":{"created":1776553680570,"system_event_id":3739},"id":"invoked"}}
{"recorder_version":"75","session":"26041822-fd0e1557a0c5","build":"232.9559.62","bucket":"37","time":1776553680567,"group":{"id":"shared.indexes.app.state","version":"2"},"event":{"state":true,"data":{"created":1776553680570,"system_event_id":3740},"id":"invoked"}}
{"recorder_version":"75","session":"26041822-fd0e1557a0c5","build":"232.9559.62","bucket":"37","time":1776553680567,"group":{"id":"plugins","version":"9"},"event":{"state":true,"data":{"system_event_id":3741,"unsafe_id":"validation.unmatched_rule","enabled":true,"created":1776553680570},"id":"unsafe.plugin"}}
{"recorder_version":"75","session":"26041822-fd0e1557a0c5","build":"232.9559.62","bucket":"37","time":1776553680567,"group":{"id":"shared.indexes.app.state","version":"2"},"event":{"state":true,"data":{"size_in_bytes":512,"system_event_id":3742,"number":0,"created":1776553680570},"id":"shared.indexes.stored.chunks"}}
{"recorder_version":"75","session":"26041822-fd0e1557a0c5","build":"232.9559.62","bucket":"37","time":1776553680567,"group":{"id":"shared.indexes.app.state","version":"2"},"event":{"state":true,"data":{"system_event_id":3743,"number":0,"created":1776553680570},"id":"shared.indexes.excluded.chunks"}}
{"recorder_version":"75","session":"26041822-fd0e1557a0c5","build":"232.9559.62","bucket":"37","time":1776553680567,"group":{"id":"system.os","version":"16"},"event":{"state":true,"data":{"shell":"bash","created":1776553680570,"name":"Mac","system_event_id":3744,"locale":"en","time_zone":"-07:00","version":"26.3"},"id":"os.name"}}
{"recorder_version":"75","session":"26041822-fd0e1557a0c5","build":"232.9559.62","bucket":"37","time":1776553680567,"group":{"id":"debugger.settings.ide","version":"3"},"event":{"state":true,"data":{"created":1776553680570,"system_event_id":3745},"id":"invoked"}}
{"recorder_version":"75","session":"26041822-fd0e1557a0c5","build":"232.9559.62","bucket":"37","time":1776553680567,"group":{"id":"system.os","version":"16"},"event":{"state":true,"data":{"system_event_id":3746,"value":"-07:00","created":1776553680570},"id":"os.timezone"}}
{"recorder_version":"75","session":"26041822-fd0e1557a0c5","build":"232.9559.62","bucket":"37","time":1776553680567,"group":{"id":"platform.installer","version":"2"},"event":{"state":true,"data":{"created":1776553680571,"system_event_id":3747},"id":"invoked"}}
{"recorder_version":"75","session":"26041822-fd0e1557a0c5","build":"232.9559.62","bucket":"37","time":1776553680567,"group":{"id":"settings","version":"9"},"event":{"state":true,"data":{"plugin_type":"PLATFORM","system_event_id":3748,"component":"TextDiffSettings","id":129,"created":1776553680571},"id":"invoked"}}
{"recorder_version":"75","session":"26041822-fd0e1557a0c5","build":"232.9559.62","bucket":"37","time":1776553680567,"group":{"id":"settings","version":"9"},"event":{"state":true,"data":{"plugin_type":"PLATFORM","system_event_id":3749,"component":"ToolWindowLayout","id":130,"created":1776553680571},"id":"invoked"}}
{"recorder_version":"75","session":"26041822-fd0e1557a0c5","build":"232.9559.62","bucket":"37","time":1776553680567,"group":{"id":"platform.installer","version":"2"},"event":{"state":true,"data":{"system_event_id":3750,"value":"Other","created":1776553680571},"id":"Update Manager"}}
{"recorder_version":"75","session":"26041822-fd0e1557a0c5","build":"232.9559.62","bucket":"37","time":1776553680568,"group":{"id":"settings","version":"9"},"event":{"state":true,"data":{"component":"RefactoringSettings","plugin_version":"232.9559.62","plugin":"com.intellij.java","created":1776553680571,"plugin_type":"JB_BUNDLED","system_event_id":3751,"id":131},"id":"invoked"}}
{"recorder_version":"75","session":"26041822-fd0e1557a0c5","build":"232.9559.62","bucket":"37","time":1776553680569,"group":{"id":"vcs.diff","version":"7"},"event":{"state":true,"data":{"created":1776553680571,"system_event_id":3752},"id":"invoked"}}
{"recorder_version":"75","session":"26041822-fd0e1557a0c5","build":"232.9559.62","bucket":"37","time":1776553680569,"group":{"id":"index.usage.aggregates","version":"2"},"event":{"state":true,"data":{"created":1776553680571,"system_event_id":3753},"id":"invoked"}}
{"recorder_version":"75","session":"26041822-fd0e1557a0c5","build":"232.9559.62","bucket":"37","time":1776553680569,"group":{"id":"vcs.log.index.application","version":"3"},"event":{"state":true,"data":{"created":1776553680571,"system_event_id":3754},"id":"invoked"}}
{"recorder_version":"75","session":"26041822-fd0e1557a0c5","build":"232.9559.62","bucket":"37","time":1776553680570,"group":{"id":"vcs.log.index.application","version":"3"},"event":{"state":true,"data":{"count":1,"system_event_id":3755,"created":1776553680571},"id":"big.repositories"}}
{"recorder_version":"75","session":"26041822-fd0e1557a0c5","build":"232.9559.62","bucket":"37","time":1776553680570,"group":{"id":"settings","version":"9"},"event":{"state":true,"data":{"component":"ExternalDiffSettings","created":1776553680571,"plugin_type":"PLATFORM","name":"settingsMigrated","system_event_id":3756,"id":132,"type":"bool","value":true},"id":"not.default"}}
{"recorder_version":"75","session":"26041822-fd0e1557a0c5","build":"232.9559.62","bucket":"37","time":1776553680570,"group":{"id":"settings","version":"9"},"event":{"state":true,"data":{"plugin_type":"PLATFORM","system_event_id":3757,"component":"ExternalDiffSettings","id":132,"created":1776553680571},"id":"invoked"}}
{"recorder_version":"75","session":"26041822-fd0e1557a0c5","build":"232.9559.62","bucket":"37","time":1776553680570,"group":{"id":"user.advanced.info","version":"5"},"event":{"state":true,"data":{"created":1776553680571,"system_event_id":3758},"id":"invoked"}}
{"recorder_version":"75","session":"26041822-fd0e1557a0c5","build":"232.9559.62","bucket":"37","time":1776553680570,"group":{"id":"settings.sync.state","version":"3"},"event":{"state":true,"data":{"created":1776553680571,"system_event_id":3759},"id":"invoked"}}
{"recorder_version":"75","session":"26041822-fd0e1557a0c5","build":"232.9559.62","bucket":"37","time":1776553680570,"group":{"id":"grazie.state","version":"7"},"event":{"state":true,"data":{"created":1776553680571,"system_event_id":3760},"id":"invoked"}}
{"recorder_version":"75","session":"26041822-fd0e1557a0c5","build":"232.9559.62","bucket":"37","time":1776553680570,"group":{"id":"java.refactoring.settings","version":"7"},"event":{"state":true,"data":{"created":1776553680572,"system_event_id":3761},"id":"invoked"}}
{"recorder_version":"75","session":"26041822-fd0e1557a0c5","build":"232.9559.62","bucket":"37","time":1776553680570,"group":{"id":"settings.sync.state","version":"3"},"event":{"state":true,"data":{"system_event_id":3762,"enabled":false,"created":1776553680572},"id":"general.state"}}
{"recorder_version":"75","session":"26041822-fd0e1557a0c5","build":"232.9559.62","bucket":"37","time":1776553680570,"group":{"id":"settings.sync.state","version":"3"},"event":{"state":true,"data":{"system_event_id":3763,"enabled":false,"created":1776553680572},"id":"editor.font.state"}}
{"recorder_version":"75","session":"26041822-fd0e1557a0c5","build":"232.9559.62","bucket":"37","time":1776553680571,"group":{"id":"keymaps.name","version":"2"},"event":{"state":true,"data":{"system_event_id":3764,"created":1776553680572,"keymap_name":"Mac OS X 10.5+"},"id":"ide.keymap"}}
{"recorder_version":"75","session":"26041822-fd0e1557a0c5","build":"232.9559.62","bucket":"37","time":1776553680571,"group":{"id":"index.usage.aggregates","version":"2"},"event":{"state":true,"data":{"lookup_duration_max_ms":1,"lookup_duration_90ile_ms":0,"lookup_duration_99ile_ms":1,"lookup_duration_95ile_ms":0,"lookup_duration_mean_ms":0.023529411764705882,"created":1776553680572,"system_event_id":3765,"index_id":"org.jetbrains.kotlin.idea.stubindex.KotlinFullClassNameIndex","lookups_total":255},"id":"lookup.stub_entries"}}
{"recorder_version":"75","session":"26041822-fd0e1557a0c5","build":"232.9559.62","bucket":"37","time":1776553680571,"group":{"id":"index.usage.aggregates","version":"2"},"event":{"state":true,"data":{"lookup_duration_max_ms":77,"lookup_duration_90ile_ms":0,"lookup_duration_99ile_ms":1,"lookup_duration_95ile_ms":1,"lookup_duration_mean_ms":0.35177865612648224,"created":1776553680572,"system_event_id":3766,"index_id":"java.class.fqn","lookups_total":253},"id":"lookup.stub_entries"}}
{"recorder_version":"75","session":"26041822-fd0e1557a0c5","build":"232.9559.62","bucket":"37","time":1776553680571,"group":{"id":"index.usage.aggregates","version":"2"},"event":{"state":true,"data":{"lookup_duration_max_ms":1,"lookup_duration_90ile_ms":0,"lookup_duration_99ile_ms":1,"lookup_duration_95ile_ms":0,"lookup_duration_mean_ms":0.015810276679841896,"created":1776553680572,"system_event_id":3767,"index_id":"org.jetbrains.kotlin.idea.stubindex.KotlinFileFacadeFqNameIndex","lookups_total":253},"id":"lookup.stub_entries"}}
{"recorder_version":"75","session":"26041822-fd0e1557a0c5","build":"232.9559.62","bucket":"37","time":1776553680571,"group":{"id":"index.usage.aggregates","version":"2"},"event":{"state":true,"data":{"lookup_duration_max_ms":1,"lookup_duration_90ile_ms":0,"lookup_duration_99ile_ms":1,"lookup_duration_95ile_ms":0,"lookup_duration_mean_ms":0.015810276679841896,"created":1776553680572,"system_event_id":3768,"index_id":"org.jetbrains.kotlin.idea.stubindex.KotlinMultifileClassPartIndex","lookups_total":253},"id":"lookup.stub_entries"}}
{"recorder_version":"75","session":"26041822-fd0e1557a0c5","build":"232.9559.62","bucket":"37","time":1776553680571,"group":{"id":"grazie.state","version":"7"},"event":{"state":true,"data":{"system_event_id":3769,"value":"en","created":1776553680572},"id":"enabled.language"}}
{"recorder_version":"75","session":"26041822-fd0e1557a0c5","build":"232.9559.62","bucket":"37","time":1776553680571,"group":{"id":"index.usage.aggregates","version":"2"},"event":{"state":true,"data":{"lookup_duration_max_ms":4,"lookup_duration_90ile_ms":0,"lookup_duration_99ile_ms":4,"lookup_duration_95ile_ms":1,"lookup_duration_mean_ms":0.12,"created":1776553680573,"system_event_id":3770,"index_id":"org.jetbrains.kotlin.idea.vfilefinder.KotlinPartialPackageNamesIndex","lookups_total":50},"id":"lookup.entries"}}
{"recorder_version":"75","session":"26041822-fd0e1557a0c5","build":"232.9559.62","bucket":"37","time":1776553680571,"group":{"id":"user.advanced.info","version":"5"},"event":{"state":true,"data":{"system_event_id":3771,"value":"release","created":1776553680573},"id":"build"}}
{"recorder_version":"75","session":"26041822-fd0e1557a0c5","build":"232.9559.62","bucket":"37","time":1776553680571,"group":{"id":"index.usage.aggregates","version":"2"},"event":{"state":true,"data":{"lookup_duration_max_ms":5,"lookup_duration_90ile_ms":5,"lookup_duration_99ile_ms":5,"lookup_duration_95ile_ms":5,"lookup_duration_mean_ms":1.4444444444444444,"created":1776553680573,"system_event_id":3772,"index_id":"filetypes","lookups_total":9},"id":"lookup.entries"}}
{"recorder_version":"75","session":"26041822-fd0e1557a0c5","build":"232.9559.62","bucket":"37","time":1776553680571,"group":{"id":"profiler.settings","version":"4"},"event":{"state":true,"data":{"created":1776553680573,"system_event_id":3773},"id":"invoked"}}
{"recorder_version":"75","session":"26041822-fd0e1557a0c5","build":"232.9559.62","bucket":"37","time":1776553680571,"group":{"id":"ui.info.features","version":"14"},"event":{"state":true,"data":{"system_event_id":3774,"value":"hidden","created":1776553680573},"id":"Toolbar"}}
{"recorder_version":"75","session":"26041822-fd0e1557a0c5","build":"232.9559.62","bucket":"37","time":1776553680571,"group":{"id":"ui.info.features","version":"14"},"event":{"state":true,"data":{"system_event_id":3775,"value":"per_monitor_dpi","created":1776553680573},"id":"Hidpi.Mode"}}
{"recorder_version":"75","session":"26041822-fd0e1557a0c5","build":"232.9559.62","bucket":"37","time":1776553680571,"group":{"id":"ui.info.features","version":"14"},"event":{"state":true,"data":{"system_event_id":3776,"value":"visible","created":1776553680573},"id":"Nav.Bar"}}
{"recorder_version":"75","session":"26041822-fd0e1557a0c5","build":"232.9559.62","bucket":"37","time":1776553680571,"group":{"id":"ui.info.features","version":"14"},"event":{"state":true,"data":{"system_event_id":3777,"enabled":true,"created":1776553680573},"id":"QuickDoc.AutoUpdate"}}
{"recorder_version":"75","session":"26041822-fd0e1557a0c5","build":"232.9559.62","bucket":"37","time":1776553680571,"group":{"id":"ui.info.features","version":"14"},"event":{"state":true,"data":{"system_event_id":3778,"display_id":0,"value":"1512x982 (200%)","created":1776553680573},"id":"Screen.Resolution"}}
{"recorder_version":"75","session":"26041822-fd0e1557a0c5","build":"232.9559.62","bucket":"37","time":1776553680571,"group":{"id":"ui.info.features","version":"14"},"event":{"state":true,"data":{"system_event_id":3779,"value":"visible","created":1776553680573},"id":"Nav.Bar.members"}}
{"recorder_version":"75","session":"26041822-fd0e1557a0c5","build":"232.9559.62","bucket":"37","time":1776553680571,"group":{"id":"ui.info.features","version":"14"},"event":{"state":true,"data":{"system_event_id":3780,"enabled":false,"created":1776553680574},"id":"laf.autodetect"}}
{"recorder_version":"75","session":"26041822-fd0e1557a0c5","build":"232.9559.62","bucket":"37","time":1776553680571,"group":{"id":"ui.info.features","version":"14"},"event":{"state":true,"data":{"system_event_id":3781,"enabled":true,"created":1776553680574},"id":"Retina"}}
{"recorder_version":"75","session":"26041822-fd0e1557a0c5","build":"232.9559.62","bucket":"37","time":1776553680571,"group":{"id":"ui.info.features","version":"14"},"event":{"state":true,"data":{"count":1,"system_event_id":3782,"created":1776553680574},"id":"tool.window.layouts"}}
{"recorder_version":"75","session":"26041822-fd0e1557a0c5","build":"232.9559.62","bucket":"37","time":1776553680571,"group":{"id":"ui.info.features","version":"14"},"event":{"state":true,"data":{"toolbar":"hidden","system_event_id":3783,"navbar":"visible","created":1776553680574},"id":"Toolbar.and.NavBar"}}
{"recorder_version":"75","session":"26041822-fd0e1557a0c5","build":"232.9559.62","bucket":"37","time":1776553680571,"group":{"id":"ui.info.features","version":"14"},"event":{"state":true,"data":{"system_event_id":3784,"value":"Darcula","created":1776553680574},"id":"Look.and.Feel"}}
{"recorder_version":"75","session":"26041822-fd0e1557a0c5","build":"232.9559.62","bucket":"37","time":1776553680571,"group":{"id":"ui.info.features","version":"14"},"event":{"state":true,"data":{"system_event_id":3785,"value":0,"created":1776553680574},"id":"QuickListsCount"}}
{"recorder_version":"75","session":"26041822-fd0e1557a0c5","build":"232.9559.62","bucket":"37","time":1776553680571,"group":{"id":"ui.info.features","version":"14"},"event":{"state":true,"data":{"system_event_id":3786,"scale":2.0,"user_scale":1.0,"created":1776553680574,"scale_mode":false},"id":"Screen.Scale"}}
{"recorder_version":"75","session":"26041822-fd0e1557a0c5","build":"232.9559.62","bucket":"37","time":1776553680571,"group":{"id":"ui.info.features","version":"14"},"event":{"state":true,"data":{"created":1776553680574,"system_event_id":3787},"id":"invoked"}}
{"recorder_version":"75","session":"26041822-fd0e1557a0c5","build":"232.9559.62","bucket":"37","time":1776553680571,"group":{"id":"ui.info.features","version":"14"},"event":{"state":true,"data":{"system_event_id":3788,"enabled":false,"created":1776553680574},"id":"QuickDoc.Show.Toolwindow"}}
{"recorder_version":"75","session":"26041822-fd0e1557a0c5","build":"232.9559.62","bucket":"37","time":1776553680571,"group":{"id":"ui.info.features","version":"14"},"event":{"state":true,"data":{"system_event_id":3789,"value":1,"created":1776553680574},"id":"Number.Of.Monitors"}}
{"recorder_version":"75","session":"26041822-fd0e1557a0c5","build":"232.9559.62","bucket":"37","time":1776553680571,"group":{"id":"ui.info.features","version":"14"},"event":{"state":true,"data":{"system_event_id":3790,"enabled":false,"created":1776553680574},"id":"Screen.Reader"}}
{"recorder_version":"75","session":"26041822-fd0e1557a0c5","build":"232.9559.62","bucket":"37","time":1776553680571,"group":{"id":"settings","version":"9"},"event":{"state":true,"data":{"component":"CommonProfilerUISettings","plugin_version":"232.9559.62","plugin":"com.jetbrains.performancePlugin.async","created":1776553680574,"plugin_type":"JB_BUNDLED","system_event_id":3791,"id":133},"id":"invoked"}}
{"recorder_version":"75","session":"26041822-fd0e1557a0c5","build":"232.9559.62","bucket":"37","time":1776553680573,"group":{"id":"platform.registry","version":"5"},"event":{"state":true,"data":{"plugin_type":"PLATFORM","system_event_id":3792,"id":"show.create.new.element.in.popup","created":1776553680574},"id":"experiment"}}
{"recorder_version":"75","session":"26041822-fd0e1557a0c5","build":"232.9559.62","bucket":"37","time":1776553680573,"group":{"id":"platform.registry","version":"5"},"event":{"state":true,"data":{"plugin_type":"PLATFORM","system_event_id":3793,"id":"terminal.shell.command.handling","created":1776553680574},"id":"experiment"}}
{"recorder_version":"75","session":"26041822-fd0e1557a0c5","build":"232.9559.62","bucket":"37","time":1776553680573,"group":{"id":"platform.registry","version":"5"},"event":{"state":true,"data":{"plugin_type":"PLATFORM","system_event_id":3794,"id":"wsl.p9.support","created":1776553680575},"id":"experiment"}}
{"recorder_version":"75","session":"26041822-fd0e1557a0c5","build":"232.9559.62","bucket":"37","time":1776553680573,"group":{"id":"platform.registry","version":"5"},"event":{"state":true,"data":{"plugin_type":"PLATFORM","system_event_id":3795,"id":"search.everywhere.mixed.results","created":1776553680575},"id":"experiment"}}
{"recorder_version":"75","session":"26041822-fd0e1557a0c5","build":"232.9559.62","bucket":"37","time":1776553680573,"group":{"id":"platform.registry","version":"5"},"event":{"state":true,"data":{"plugin_type":"PLATFORM","system_event_id":3796,"id":"new.project.wizard","created":1776553680575},"id":"experiment"}}
{"recorder_version":"75","session":"26041822-fd0e1557a0c5","build":"232.9559.62","bucket":"37","time":1776553680573,"group":{"id":"platform.registry","version":"5"},"event":{"state":true,"data":{"plugin_type":"PLATFORM","system_event_id":3797,"id":"recent.and.edited.files.together","created":1776553680575},"id":"experiment"}}
{"recorder_version":"75","session":"26041822-fd0e1557a0c5","build":"232.9559.62","bucket":"37","time":1776553680573,"group":{"id":"platform.registry","version":"5"},"event":{"state":true,"data":{"plugin_type":"PLATFORM","system_event_id":3798,"id":"wsl.execute.with.wsl.exe","created":1776553680575},"id":"experiment"}}
{"recorder_version":"75","session":"26041822-fd0e1557a0c5","build":"232.9559.62","bucket":"37","time":1776553680573,"group":{"id":"platform.registry","version":"5"},"event":{"state":true,"data":{"plugin_type":"PLATFORM","system_event_id":3799,"id":"wsl.prefer.p9.support","created":1776553680575},"id":"experiment"}}
{"recorder_version":"75","session":"26041822-fd0e1557a0c5","build":"232.9559.62","bucket":"37","time":1776553680573,"group":{"id":"platform.registry","version":"5"},"event":{"state":true,"data":{"plugin_type":"PLATFORM","system_event_id":3800,"id":"new.large.text.file.viewer","created":1776553680575},"id":"experiment"}}
{"recorder_version":"75","session":"26041822-fd0e1557a0c5","build":"232.9559.62","bucket":"37","time":1776553680573,"group":{"id":"platform.registry","version":"5"},"event":{"state":true,"data":{"plugin_type":"PLATFORM","system_event_id":3801,"id":"editor.reader.mode","created":1776553680575},"id":"experiment"}}
{"recorder_version":"75","session":"26041822-fd0e1557a0c5","build":"232.9559.62","bucket":"37","time":1776553680573,"group":{"id":"platform.registry","version":"5"},"event":{"state":true,"data":{"plugin_type":"PLATFORM","system_event_id":3802,"id":"linux.native.menu","created":1776553680575},"id":"experiment"}}
{"recorder_version":"75","session":"26041822-fd0e1557a0c5","build":"232.9559.62","bucket":"37","time":1776553680573,"group":{"id":"platform.registry","version":"5"},"event":{"state":true,"data":{"plugin_type":"PLATFORM","system_event_id":3803,"id":"wsl.p9.show.roots.in.file.chooser","created":1776553680575},"id":"experiment"}}
{"recorder_version":"75","session":"26041822-fd0e1557a0c5","build":"232.9559.62","bucket":"37","time":1776553680573,"group":{"id":"platform.registry","version":"5"},"event":{"state":true,"data":{"created":1776553680575,"system_event_id":3804},"id":"invoked"}}
{"recorder_version":"75","session":"26041822-fd0e1557a0c5","build":"232.9559.62","bucket":"37","time":1776553680574,"group":{"id":"editor.settings.ide","version":"9"},"event":{"state":true,"data":{"created":1776553680575,"system_event_id":3805},"id":"invoked"}}
{"recorder_version":"75","session":"26041822-fd0e1557a0c5","build":"232.9559.62","bucket":"37","time":1776553684205,"group":{"id":"performance","version":"67"},"event":{"count":1,"data":{"duration_ms":0,"system_event_id":3806,"created":1776553684205},"id":"ui.latency"}}
{"recorder_version":"75","session":"26041822-fd0e1557a0c5","build":"232.9559.62","bucket":"37","time":1776553749462,"group":{"id":"performance","version":"67"},"event":{"count":1,"data":{"swap_load":0,"created":1776553749463,"gc_time_ms":233,"system_event_id":3807,"cpu_time_ms":58756,"system_cpu_load":12,"power_save_mode":false,"power_source":"AC"},"id":"heartbeat"}}
{"recorder_version":"75","session":"26041822-fd0e1557a0c5","build":"232.9559.62","bucket":"37","time":1776553750303,"group":{"id":"lifecycle","version":"69"},"event":{"count":1,"data":{"system_event_id":3808,"project":"8269cefc298b2c0875fc52773c5ac5183725dc7907bea37b4f3775a448a613db","created":1776553750304},"id":"frame.deactivated"}}
{"recorder_version":"75","session":"26041822-fd0e1557a0c5","build":"232.9559.62","bucket":"37","time":1776553751754,"group":{"id":"lifecycle","version":"69"},"event":{"count":1,"data":{"system_event_id":3809,"project":"8269cefc298b2c0875fc52773c5ac5183725dc7907bea37b4f3775a448a613db","created":1776553751754},"id":"frame.activated"}}
{"recorder_version":"75","session":"26041822-fd0e1557a0c5","build":"232.9559.62","bucket":"37","time":1776553760737,"group":{"id":"lifecycle","version":"69"},"event":{"count":1,"data":{"system_event_id":3810,"project":"8269cefc298b2c0875fc52773c5ac5183725dc7907bea37b4f3775a448a613db","created":1776553760737},"id":"frame.deactivated"}}
{"recorder_version":"75","session":"26041822-fd0e1557a0c5","build":"232.9559.62","bucket":"37","time":1776553770510,"group":{"id":"lifecycle","version":"69"},"event":{"count":1,"data":{"system_event_id":3811,"project":"8269cefc298b2c0875fc52773c5ac5183725dc7907bea37b4f3775a448a613db","created":1776553770510},"id":"frame.activated"}}
{"recorder_version":"75","session":"26041822-fd0e1557a0c5","build":"232.9559.62","bucket":"37","time":1776553774789,"group":{"id":"lifecycle","version":"69"},"event":{"count":1,"data":{"system_event_id":3812,"project":"8269cefc298b2c0875fc52773c5ac5183725dc7907bea37b4f3775a448a613db","created":1776553774789},"id":"frame.deactivated"}}
{"recorder_version":"75","session":"26041822-fd0e1557a0c5","build":"232.9559.62","bucket":"37","time":1776553784579,"group":{"id":"performance","version":"67"},"event":{"count":1,"data":{"duration_ms":0,"system_event_id":3813,"created":1776553784579},"id":"ui.latency"}}
{"recorder_version":"75","session":"26041822-fd0e1557a0c5","build":"232.9559.62","bucket":"37","time":1776553811727,"group":{"id":"lifecycle","version":"69"},"event":{"count":1,"data":{"system_event_id":3814,"project":"8269cefc298b2c0875fc52773c5ac5183725dc7907bea37b4f3775a448a613db","created":1776553811728},"id":"frame.activated"}}
{"recorder_version":"75","session":"26041822-fd0e1557a0c5","build":"232.9559.62","bucket":"37","time":1776553813807,"group":{"id":"lifecycle","version":"69"},"event":{"count":1,"data":{"system_event_id":3815,"project":"8269cefc298b2c0875fc52773c5ac5183725dc7907bea37b4f3775a448a613db","created":1776553813807},"id":"frame.deactivated"}}
{"recorder_version":"75","session":"26041822-fd0e1557a0c5","build":"232.9559.62","bucket":"37","time":1776553814887,"group":{"id":"performance","version":"67"},"event":{"count":1,"data":{"duration_ms":210,"system_event_id":3816,"created":1776553814887},"id":"ui.lagging"}}
{"recorder_version":"75","session":"26041822-fd0e1557a0c5","build":"232.9559.62","bucket":"37","time":1776553826970,"group":{"id":"settings.changes","version":"57"},"event":{"count":1,"data":{"created":1776553826970,"system_event_id":3817},"id":"registered"}}
{"recorder_version":"75","session":"26041822-fd0e1557a0c5","build":"232.9559.62","bucket":"37","time":1776553826970,"group":{"id":"event.log","version":"57"},"event":{"count":1,"data":{"created":1776553826971,"system_event_id":3818},"id":"registered"}}
{"recorder_version":"75","session":"26041822-fd0e1557a0c5","build":"232.9559.62","bucket":"37","time":1776553826970,"group":{"id":"new.project.wizard","version":"3"},"event":{"count":1,"data":{"created":1776553826971,"system_event_id":3819},"id":"registered"}}
{"recorder_version":"75","session":"26041822-fd0e1557a0c5","build":"232.9559.62","bucket":"37","time":1776553827028,"group":{"id":"similar.usages","version":"7"},"event":{"count":1,"data":{"created":1776553827028,"system_event_id":3820},"id":"registered"}}
{"recorder_version":"75","session":"26041822-fd0e1557a0c5","build":"232.9559.62","bucket":"37","time":1776553827028,"group":{"id":"coverage","version":"7"},"event":{"count":1,"data":{"created":1776553827028,"system_event_id":3821},"id":"registered"}}
{"recorder_version":"75","session":"26041822-fd0e1557a0c5","build":"232.9559.62","bucket":"37","time":1776553827028,"group":{"id":"rename.refactoring","version":"5"},"event":{"count":1,"data":{"created":1776553827029,"system_event_id":3822},"id":"registered"}}
{"recorder_version":"75","session":"26041822-fd0e1557a0c5","build":"232.9559.62","bucket":"37","time":1776553827028,"group":{"id":"refactoring","version":"4"},"event":{"count":1,"data":{"created":1776553827029,"system_event_id":3823},"id":"registered"}}
{"recorder_version":"75","session":"26041822-fd0e1557a0c5","build":"232.9559.62","bucket":"37","time":1776553827028,"group":{"id":"ide.script.engine","version":"3"},"event":{"count":1,"data":{"created":1776553827029,"system_event_id":3824},"id":"registered"}}
{"recorder_version":"75","session":"26041822-fd0e1557a0c5","build":"232.9559.62","bucket":"37","time":1776553827028,"group":{"id":"welcome.screen","version":"1"},"event":{"count":1,"data":{"created":1776553827029,"system_event_id":3825},"id":"registered"}}
{"recorder_version":"75","session":"26041822-fd0e1557a0c5","build":"232.9559.62","bucket":"37","time":1776553827028,"group":{"id":"run.configuration.ui.interactions","version":"15"},"event":{"count":1,"data":{"created":1776553827029,"system_event_id":3826},"id":"registered"}}
{"recorder_version":"75","session":"26041822-fd0e1557a0c5","build":"232.9559.62","bucket":"37","time":1776553827028,"group":{"id":"welcomescreen.interaction","version":"3"},"event":{"count":1,"data":{"created":1776553827029,"system_event_id":3827},"id":"registered"}}
{"recorder_version":"75","session":"26041822-fd0e1557a0c5","build":"232.9559.62","bucket":"37","time":1776553827028,"group":{"id":"welcome_screen.clone","version":"1"},"event":{"count":1,"data":{"created":1776553827029,"system_event_id":3828},"id":"registered"}}
{"recorder_version":"75","session":"26041822-fd0e1557a0c5","build":"232.9559.62","bucket":"37","time":1776553827028,"group":{"id":"vcs.clone","version":"1"},"event":{"count":1,"data":{"created":1776553827029,"system_event_id":3829},"id":"registered"}}
{"recorder_version":"75","session":"26041822-fd0e1557a0c5","build":"232.9559.62","bucket":"37","time":1776553827028,"group":{"id":"file.types.usage","version":"69"},"event":{"count":1,"data":{"created":1776553827029,"system_event_id":3830},"id":"registered"}}
{"recorder_version":"75","session":"26041822-fd0e1557a0c5","build":"232.9559.62","bucket":"37","time":1776553827028,"group":{"id":"lifecycle","version":"69"},"event":{"count":1,"data":{"created":1776553827029,"system_event_id":3831},"id":"registered"}}
{"recorder_version":"75","session":"26041822-fd0e1557a0c5","build":"232.9559.62","bucket":"37","time":1776553827028,"group":{"id":"actions","version":"73"},"event":{"count":1,"data":{"created":1776553827029,"system_event_id":3832},"id":"registered"}}
{"recorder_version":"75","session":"26041822-fd0e1557a0c5","build":"232.9559.62","bucket":"37","time":1776553827028,"group":{"id":"toolwindow","version":"62"},"event":{"count":1,"data":{"created":1776553827029,"system_event_id":3833},"id":"registered"}}
{"recorder_version":"75","session":"26041822-fd0e1557a0c5","build":"232.9559.62","bucket":"37","time":1776553827028,"group":{"id":"toolbar","version":"61"},"event":{"count":1,"data":{"created":1776553827029,"system_event_id":3834},"id":"registered"}}
{"recorder_version":"75","session":"26041822-fd0e1557a0c5","build":"232.9559.62","bucket":"37","time":1776553827028,"group":{"id":"actions.gtdu","version":"59"},"event":{"count":1,"data":{"created":1776553827030,"system_event_id":3835},"id":"registered"}}
{"recorder_version":"75","session":"26041822-fd0e1557a0c5","build":"232.9559.62","bucket":"37","time":1776553827028,"group":{"id":"accessibility","version":"1"},"event":{"count":1,"data":{"created":1776553827030,"system_event_id":3836},"id":"registered"}}
{"recorder_version":"75","session":"26041822-fd0e1557a0c5","build":"232.9559.62","bucket":"37","time":1776553827028,"group":{"id":"search.everywhere.filters","version":"2"},"event":{"count":1,"data":{"created":1776553827030,"system_event_id":3837},"id":"registered"}}
{"recorder_version":"75","session":"26041822-fd0e1557a0c5","build":"232.9559.62","bucket":"37","time":1776553827028,"group":{"id":"plugin.manager","version":"6"},"event":{"count":1,"data":{"created":1776553827030,"system_event_id":3838},"id":"registered"}}
{"recorder_version":"75","session":"26041822-fd0e1557a0c5","build":"232.9559.62","bucket":"37","time":1776553827028,"group":{"id":"live.templates","version":"48"},"event":{"count":1,"data":{"created":1776553827030,"system_event_id":3839},"id":"registered"}}
{"recorder_version":"75","session":"26041822-fd0e1557a0c5","build":"232.9559.62","bucket":"37","time":1776553827028,"group":{"id":"vcs.diff.trigger","version":"3"},"event":{"count":1,"data":{"created":1776553827030,"system_event_id":3840},"id":"registered"}}
{"recorder_version":"75","session":"26041822-fd0e1557a0c5","build":"232.9559.62","bucket":"37","time":1776553827028,"group":{"id":"ide.self.update","version":"4"},"event":{"count":1,"data":{"created":1776553827030,"system_event_id":3841},"id":"registered"}}
{"recorder_version":"75","session":"26041822-fd0e1557a0c5","build":"232.9559.62","bucket":"37","time":1776553827028,"group":{"id":"import.old.config","version":"4"},"event":{"count":1,"data":{"created":1776553827030,"system_event_id":3842},"id":"registered"}}
{"recorder_version":"75","session":"26041822-fd0e1557a0c5","build":"232.9559.62","bucket":"37","time":1776553827028,"group":{"id":"leftover.dirs","version":"1"},"event":{"count":1,"data":{"created":1776553827030,"system_event_id":3843},"id":"registered"}}
{"recorder_version":"75","session":"26041822-fd0e1557a0c5","build":"232.9559.62","bucket":"37","time":1776553827028,"group":{"id":"file.editor","version":"3"},"event":{"count":1,"data":{"created":1776553827030,"system_event_id":3844},"id":"registered"}}
{"recorder_version":"75","session":"26041822-fd0e1557a0c5","build":"232.9559.62","bucket":"37","time":1776553827028,"group":{"id":"gutter.icon.click","version":"4"},"event":{"count":1,"data":{"created":1776553827030,"system_event_id":3845},"id":"registered"}}
{"recorder_version":"75","session":"26041822-fd0e1557a0c5","build":"232.9559.62","bucket":"37","time":1776553827028,"group":{"id":"inspection.widget","version":"3"},"event":{"count":1,"data":{"created":1776553827030,"system_event_id":3846},"id":"registered"}}
{"recorder_version":"75","session":"26041822-fd0e1557a0c5","build":"232.9559.62","bucket":"37","time":1776553827028,"group":{"id":"cache.recovery.actions","version":"3"},"event":{"count":1,"data":{"created":1776553827030,"system_event_id":3847},"id":"registered"}}
{"recorder_version":"75","session":"26041822-fd0e1557a0c5","build":"232.9559.62","bucket":"37","time":1776553827028,"group":{"id":"defender","version":"1"},"event":{"count":1,"data":{"created":1776553827030,"system_event_id":3848},"id":"registered"}}
{"recorder_version":"75","session":"26041822-fd0e1557a0c5","build":"232.9559.62","bucket":"37","time":1776553827028,"group":{"id":"vfs","version":"10"},"event":{"count":1,"data":{"created":1776553827030,"system_event_id":3849},"id":"registered"}}
{"recorder_version":"75","session":"26041822-fd0e1557a0c5","build":"232.9559.62","bucket":"37","time":1776553827028,"group":{"id":"dumb.mode","version":"1"},"event":{"count":1,"data":{"created":1776553827030,"system_event_id":3850},"id":"registered"}}
{"recorder_version":"75","session":"26041822-fd0e1557a0c5","build":"232.9559.62","bucket":"37","time":1776553827028,"group":{"id":"index.usage","version":"1"},"event":{"count":1,"data":{"created":1776553827031,"system_event_id":3851},"id":"registered"}}
{"recorder_version":"75","session":"26041822-fd0e1557a0c5","build":"232.9559.62","bucket":"37","time":1776553827028,"group":{"id":"build","version":"7"},"event":{"count":1,"data":{"created":1776553827031,"system_event_id":3852},"id":"registered"}}
{"recorder_version":"75","session":"26041822-fd0e1557a0c5","build":"232.9559.62","bucket":"37","time":1776553827028,"group":{"id":"project.import","version":"7"},"event":{"count":1,"data":{"created":1776553827031,"system_event_id":3853},"id":"registered"}}
{"recorder_version":"75","session":"26041822-fd0e1557a0c5","build":"232.9559.62","bucket":"37","time":1776553827029,"group":{"id":"ui.event","version":"18"},"event":{"count":1,"data":{"created":1776553827031,"system_event_id":3854},"id":"registered"}}
{"recorder_version":"75","session":"26041822-fd0e1557a0c5","build":"232.9559.62","bucket":"37","time":1776553827029,"group":{"id":"plugins.advertiser","version":"6"},"event":{"count":1,"data":{"created":1776553827031,"system_event_id":3855},"id":"registered"}}
{"recorder_version":"75","session":"26041822-fd0e1557a0c5","build":"232.9559.62","bucket":"37","time":1776553827029,"group":{"id":"plugins.dynamic","version":"3"},"event":{"count":1,"data":{"created":1776553827031,"system_event_id":3856},"id":"registered"}}
{"recorder_version":"75","session":"26041822-fd0e1557a0c5","build":"232.9559.62","bucket":"37","time":1776553827029,"group":{"id":"editor.notification.panel","version":"3"},"event":{"count":1,"data":{"created":1776553827031,"system_event_id":3857},"id":"registered"}}
{"recorder_version":"75","session":"26041822-fd0e1557a0c5","build":"232.9559.62","bucket":"37","time":1776553827029,"group":{"id":"ide.update.dialog","version":"2"},"event":{"count":1,"data":{"created":1776553827031,"system_event_id":3858},"id":"registered"}}
{"recorder_version":"75","session":"26041822-fd0e1557a0c5","build":"232.9559.62","bucket":"37","time":1776553827029,"group":{"id":"light.edit","version":"3"},"event":{"count":1,"data":{"created":1776553827031,"system_event_id":3859},"id":"registered"}}
{"recorder_version":"75","session":"26041822-fd0e1557a0c5","build":"232.9559.62","bucket":"37","time":1776553827029,"group":{"id":"editor.typing","version":"7"},"event":{"count":1,"data":{"created":1776553827031,"system_event_id":3860},"id":"registered"}}
{"recorder_version":"75","session":"26041822-fd0e1557a0c5","build":"232.9559.62","bucket":"37","time":1776553827029,"group":{"id":"ui.mnemonic","version":"2"},"event":{"count":1,"data":{"created":1776553827031,"system_event_id":3861},"id":"registered"}}
{"recorder_version":"75","session":"26041822-fd0e1557a0c5","build":"232.9559.62","bucket":"37","time":1776553827029,"group":{"id":"performance","version":"67"},"event":{"count":1,"data":{"created":1776553827031,"system_event_id":3862},"id":"registered"}}
{"recorder_version":"75","session":"26041822-fd0e1557a0c5","build":"232.9559.62","bucket":"37","time":1776553827029,"group":{"id":"notifications","version":"67"},"event":{"count":1,"data":{"created":1776553827031,"system_event_id":3863},"id":"registered"}}
{"recorder_version":"75","session":"26041822-fd0e1557a0c5","build":"232.9559.62","bucket":"37","time":1776553827029,"group":{"id":"productivity","version":"59"},"event":{"count":1,"data":{"created":1776553827031,"system_event_id":3864},"id":"registered"}}
{"recorder_version":"75","session":"26041822-fd0e1557a0c5","build":"232.9559.62","bucket":"37","time":1776553827029,"group":{"id":"ui.dialogs","version":"61"},"event":{"count":1,"data":{"created":1776553827031,"system_event_id":3865},"id":"registered"}}
{"recorder_version":"75","session":"26041822-fd0e1557a0c5","build":"232.9559.62","bucket":"37","time":1776553827029,"group":{"id":"ui.settings","version":"62"},"event":{"count":1,"data":{"created":1776553827031,"system_event_id":3866},"id":"registered"}}
{"recorder_version":"75","session":"26041822-fd0e1557a0c5","build":"232.9559.62","bucket":"37","time":1776553827029,"group":{"id":"got.it.tooltip","version":"2"},"event":{"count":1,"data":{"created":1776553827032,"system_event_id":3867},"id":"registered"}}
{"recorder_version":"75","session":"26041822-fd0e1557a0c5","build":"232.9559.62","bucket":"37","time":1776553827029,"group":{"id":"balloons","version":"6"},"event":{"count":1,"data":{"created":1776553827032,"system_event_id":3868},"id":"registered"}}
{"recorder_version":"75","session":"26041822-fd0e1557a0c5","build":"232.9559.62","bucket":"37","time":1776553827029,"group":{"id":"reader.mode","version":"2"},"event":{"count":1,"data":{"created":1776553827032,"system_event_id":3869},"id":"registered"}}
{"recorder_version":"75","session":"26041822-fd0e1557a0c5","build":"232.9559.62","bucket":"37","time":1776553827029,"group":{"id":"ide.error.dialog","version":"2"},"event":{"count":1,"data":{"created":1776553827032,"system_event_id":3870},"id":"registered"}}
{"recorder_version":"75","session":"26041822-fd0e1557a0c5","build":"232.9559.62","bucket":"37","time":1776553827029,"group":{"id":"new.project.wizard.interactions","version":"23"},"event":{"count":1,"data":{"created":1776553827032,"system_event_id":3871},"id":"registered"}}
{"recorder_version":"75","session":"26041822-fd0e1557a0c5","build":"232.9559.62","bucket":"37","time":1776553827029,"group":{"id":"experimental.ui.interactions","version":"6"},"event":{"count":1,"data":{"created":1776553827032,"system_event_id":3872},"id":"registered"}}
{"recorder_version":"75","session":"26041822-fd0e1557a0c5","build":"232.9559.62","bucket":"37","time":1776553827029,"group":{"id":"trusted_projects","version":"3"},"event":{"count":1,"data":{"created":1776553827032,"system_event_id":3873},"id":"registered"}}
{"recorder_version":"75","session":"26041822-fd0e1557a0c5","build":"232.9559.62","bucket":"37","time":1776553827029,"group":{"id":"readme.on.start","version":"1"},"event":{"count":1,"data":{"created":1776553827032,"system_event_id":3874},"id":"registered"}}
{"recorder_version":"75","session":"26041822-fd0e1557a0c5","build":"232.9559.62","bucket":"37","time":1776553827029,"group":{"id":"intellij.cds","version":"3"},"event":{"count":1,"data":{"created":1776553827032,"system_event_id":3875},"id":"registered"}}
{"recorder_version":"75","session":"26041822-fd0e1557a0c5","build":"232.9559.62","bucket":"37","time":1776553827029,"group":{"id":"startup","version":"5"},"event":{"count":1,"data":{"created":1776553827032,"system_event_id":3876},"id":"registered"}}
{"recorder_version":"75","session":"26041822-fd0e1557a0c5","build":"232.9559.62","bucket":"37","time":1776553827029,"group":{"id":"suggested.refactorings","version":"2"},"event":{"count":1,"data":{"created":1776553827032,"system_event_id":3877},"id":"registered"}}
{"recorder_version":"75","session":"26041822-fd0e1557a0c5","build":"232.9559.62","bucket":"37","time":1776553827029,"group":{"id":"cwm.gateway","version":"2"},"event":{"count":1,"data":{"created":1776553827032,"system_event_id":3878},"id":"registered"}}
{"recorder_version":"75","session":"26041822-fd0e1557a0c5","build":"232.9559.62","bucket":"37","time":1776553827029,"group":{"id":"problems.view.sessions","version":"2"},"event":{"count":1,"data":{"created":1776553827032,"system_event_id":3879},"id":"registered"}}
{"recorder_version":"75","session":"26041822-fd0e1557a0c5","build":"232.9559.62","bucket":"37","time":1776553827029,"group":{"id":"file.structure.popup","version":"2"},"event":{"count":1,"data":{"created":1776553827032,"system_event_id":3880},"id":"registered"}}
{"recorder_version":"75","session":"26041822-fd0e1557a0c5","build":"232.9559.62","bucket":"37","time":1776553827029,"group":{"id":"tooltip.action.events","version":"1"},"event":{"count":1,"data":{"created":1776553827032,"system_event_id":3881},"id":"registered"}}
{"recorder_version":"75","session":"26041822-fd0e1557a0c5","build":"232.9559.62","bucket":"37","time":1776553827029,"group":{"id":"rename.inplace.popup","version":"3"},"event":{"count":1,"data":{"created":1776553827032,"system_event_id":3882},"id":"registered"}}
{"recorder_version":"75","session":"26041822-fd0e1557a0c5","build":"232.9559.62","bucket":"37","time":1776553827029,"group":{"id":"move.refactoring","version":"2"},"event":{"count":1,"data":{"created":1776553827032,"system_event_id":3883},"id":"registered"}}
{"recorder_version":"75","session":"26041822-fd0e1557a0c5","build":"232.9559.62","bucket":"37","time":1776553827029,"group":{"id":"package.management.ui","version":"2"},"event":{"count":1,"data":{"created":1776553827033,"system_event_id":3884},"id":"registered"}}
{"recorder_version":"75","session":"26041822-fd0e1557a0c5","build":"232.9559.62","bucket":"37","time":1776553827029,"group":{"id":"completion","version":"14"},"event":{"count":1,"data":{"created":1776553827033,"system_event_id":3885},"id":"registered"}}
{"recorder_version":"75","session":"26041822-fd0e1557a0c5","build":"232.9559.62","bucket":"37","time":1776553827029,"group":{"id":"find.usages","version":"3"},"event":{"count":1,"data":{"created":1776553827033,"system_event_id":3886},"id":"registered"}}
{"recorder_version":"75","session":"26041822-fd0e1557a0c5","build":"232.9559.62","bucket":"37","time":1776553827029,"group":{"id":"usage.view","version":"21"},"event":{"count":1,"data":{"created":1776553827033,"system_event_id":3887},"id":"registered"}}
{"recorder_version":"75","session":"26041822-fd0e1557a0c5","build":"232.9559.62","bucket":"37","time":1776553827029,"group":{"id":"file.type.configurable.interactions","version":"1"},"event":{"count":1,"data":{"created":1776553827033,"system_event_id":3888},"id":"registered"}}
{"recorder_version":"75","session":"26041822-fd0e1557a0c5","build":"232.9559.62","bucket":"37","time":1776553827029,"group":{"id":"jdk.downloader","version":"1"},"event":{"count":1,"data":{"created":1776553827033,"system_event_id":3889},"id":"registered"}}
{"recorder_version":"75","session":"26041822-fd0e1557a0c5","build":"232.9559.62","bucket":"37","time":1776553827029,"group":{"id":"daemon","version":"5"},"event":{"count":1,"data":{"created":1776553827033,"system_event_id":3890},"id":"registered"}}
{"recorder_version":"75","session":"26041822-fd0e1557a0c5","build":"232.9559.62","bucket":"37","time":1776553827029,"group":{"id":"inspection.performance","version":"3"},"event":{"count":1,"data":{"created":1776553827033,"system_event_id":3891},"id":"registered"}}
{"recorder_version":"75","session":"26041822-fd0e1557a0c5","build":"232.9559.62","bucket":"37","time":1776553827029,"group":{"id":"project.view.performance","version":"2"},"event":{"count":1,"data":{"created":1776553827033,"system_event_id":3892},"id":"registered"}}
{"recorder_version":"75","session":"26041822-fd0e1557a0c5","build":"232.9559.62","bucket":"37","time":1776553827029,"group":{"id":"bookmarks.counters","version":"2"},"event":{"count":1,"data":{"created":1776553827033,"system_event_id":3893},"id":"registered"}}
{"recorder_version":"75","session":"26041822-fd0e1557a0c5","build":"232.9559.62","bucket":"37","time":1776553827029,"group":{"id":"searchEverywhere","version":"10"},"event":{"count":1,"data":{"created":1776553827033,"system_event_id":3894},"id":"registered"}}
{"recorder_version":"75","session":"26041822-fd0e1557a0c5","build":"232.9559.62","bucket":"37","time":1776553827029,"group":{"id":"search.everywhere.process","version":"1"},"event":{"count":1,"data":{"created":1776553827033,"system_event_id":3895},"id":"registered"}}
{"recorder_version":"75","session":"26041822-fd0e1557a0c5","build":"232.9559.62","bucket":"37","time":1776553827029,"group":{"id":"actions.runAnything","version":"3"},"event":{"count":1,"data":{"created":1776553827033,"system_event_id":3896},"id":"registered"}}
{"recorder_version":"75","session":"26041822-fd0e1557a0c5","build":"232.9559.62","bucket":"37","time":1776553827029,"group":{"id":"surround.with","version":"4"},"event":{"count":1,"data":{"created":1776553827033,"system_event_id":3897},"id":"registered"}}
{"recorder_version":"75","session":"26041822-fd0e1557a0c5","build":"232.9559.62","bucket":"37","time":1776553827029,"group":{"id":"find","version":"6"},"event":{"count":1,"data":{"created":1776553827033,"system_event_id":3898},"id":"registered"}}
{"recorder_version":"75","session":"26041822-fd0e1557a0c5","build":"232.9559.62","bucket":"37","time":1776553827029,"group":{"id":"create.directory.dialog","version":"3"},"event":{"count":1,"data":{"created":1776553827033,"system_event_id":3899},"id":"registered"}}
{"recorder_version":"75","session":"26041822-fd0e1557a0c5","build":"232.9559.62","bucket":"37","time":1776553827029,"group":{"id":"refactoring.dialog","version":"3"},"event":{"count":1,"data":{"created":1776553827033,"system_event_id":3900},"id":"registered"}}
{"recorder_version":"75","session":"26041822-fd0e1557a0c5","build":"232.9559.62","bucket":"37","time":1776553827029,"group":{"id":"project.view.pane.changes","version":"2"},"event":{"count":1,"data":{"created":1776553827034,"system_event_id":3901},"id":"registered"}}
{"recorder_version":"75","session":"26041822-fd0e1557a0c5","build":"232.9559.62","bucket":"37","time":1776553827029,"group":{"id":"run.configuration.exec","version":"71"},"event":{"count":1,"data":{"created":1776553827034,"system_event_id":3902},"id":"registered"}}
{"recorder_version":"75","session":"26041822-fd0e1557a0c5","build":"232.9559.62","bucket":"37","time":1776553827029,"group":{"id":"intentions","version":"61"},"event":{"count":1,"data":{"created":1776553827034,"system_event_id":3903},"id":"registered"}}
{"recorder_version":"75","session":"26041822-fd0e1557a0c5","build":"232.9559.62","bucket":"37","time":1776553827029,"group":{"id":"completion.postfix","version":"59"},"event":{"count":1,"data":{"created":1776553827034,"system_event_id":3904},"id":"registered"}}
{"recorder_version":"75","session":"26041822-fd0e1557a0c5","build":"232.9559.62","bucket":"37","time":1776553827029,"group":{"id":"os.file.type.association","version":"3"},"event":{"count":1,"data":{"created":1776553827034,"system_event_id":3905},"id":"registered"}}
{"recorder_version":"75","session":"26041822-fd0e1557a0c5","build":"232.9559.62","bucket":"37","time":1776553827029,"group":{"id":"run.target.events","version":"2"},"event":{"count":1,"data":{"created":1776553827034,"system_event_id":3906},"id":"registered"}}
{"recorder_version":"75","session":"26041822-fd0e1557a0c5","build":"232.9559.62","bucket":"37","time":1776553827029,"group":{"id":"inlay.action.handler","version":"1"},"event":{"count":1,"data":{"created":1776553827034,"system_event_id":3907},"id":"registered"}}
{"recorder_version":"75","session":"26041822-fd0e1557a0c5","build":"232.9559.62","bucket":"37","time":1776553827029,"group":{"id":"indexing.statistics","version":"7"},"event":{"count":1,"data":{"created":1776553827034,"system_event_id":3908},"id":"registered"}}
{"recorder_version":"75","session":"26041822-fd0e1557a0c5","build":"232.9559.62","bucket":"37","time":1776553827029,"group":{"id":"feedback.in.ide.notification","version":"4"},"event":{"count":1,"data":{"created":1776553827034,"system_event_id":3909},"id":"registered"}}
{"recorder_version":"75","session":"26041822-fd0e1557a0c5","build":"232.9559.62","bucket":"37","time":1776553827029,"group":{"id":"ui.tips","version":"12"},"event":{"count":1,"data":{"created":1776553827034,"system_event_id":3910},"id":"registered"}}
{"recorder_version":"75","session":"26041822-fd0e1557a0c5","build":"232.9559.62","bucket":"37","time":1776553827029,"group":{"id":"vcs","version":"12"},"event":{"count":1,"data":{"created":1776553827034,"system_event_id":3911},"id":"registered"}}
{"recorder_version":"75","session":"26041822-fd0e1557a0c5","build":"232.9559.62","bucket":"37","time":1776553827029,"group":{"id":"commit.interactions","version":"4"},"event":{"count":1,"data":{"created":1776553827034,"system_event_id":3912},"id":"registered"}}
{"recorder_version":"75","session":"26041822-fd0e1557a0c5","build":"232.9559.62","bucket":"37","time":1776553827029,"group":{"id":"vcs.log.trigger","version":"6"},"event":{"count":1,"data":{"created":1776553827034,"system_event_id":3913},"id":"registered"}}
{"recorder_version":"75","session":"26041822-fd0e1557a0c5","build":"232.9559.62","bucket":"37","time":1776553827029,"group":{"id":"vcs.log.performance","version":"2"},"event":{"count":1,"data":{"created":1776553827034,"system_event_id":3914},"id":"registered"}}
{"recorder_version":"75","session":"26041822-fd0e1557a0c5","build":"232.9559.62","bucket":"37","time":1776553827029,"group":{"id":"debugger.breakpoints.usage","version":"4"},"event":{"count":1,"data":{"created":1776553827034,"system_event_id":3915},"id":"registered"}}
{"recorder_version":"75","session":"26041822-fd0e1557a0c5","build":"232.9559.62","bucket":"37","time":1776553827029,"group":{"id":"debugger.evaluate.usage","version":"4"},"event":{"count":1,"data":{"created":1776553827034,"system_event_id":3916},"id":"registered"}}
{"recorder_version":"75","session":"26041822-fd0e1557a0c5","build":"232.9559.62","bucket":"37","time":1776553827029,"group":{"id":"debugger.frames.view","version":"2"},"event":{"count":1,"data":{"created":1776553827035,"system_event_id":3917},"id":"registered"}}
{"recorder_version":"75","session":"26041822-fd0e1557a0c5","build":"232.9559.62","bucket":"37","time":1776553827029,"group":{"id":"debugger.attach.dialog","version":"3"},"event":{"count":1,"data":{"created":1776553827035,"system_event_id":3918},"id":"registered"}}
{"recorder_version":"75","session":"26041822-fd0e1557a0c5","build":"232.9559.62","bucket":"37","time":1776553827029,"group":{"id":"xdebugger.actions","version":"2"},"event":{"count":1,"data":{"created":1776553827035,"system_event_id":3919},"id":"registered"}}
{"recorder_version":"75","session":"26041822-fd0e1557a0c5","build":"232.9559.62","bucket":"37","time":1776553827029,"group":{"id":"debugger.performance","version":"1"},"event":{"count":1,"data":{"created":1776553827035,"system_event_id":3920},"id":"registered"}}
{"recorder_version":"75","session":"26041822-fd0e1557a0c5","build":"232.9559.62","bucket":"37","time":1776553827029,"group":{"id":"external.project.task","version":"3"},"event":{"count":1,"data":{"created":1776553827035,"system_event_id":3921},"id":"registered"}}
{"recorder_version":"75","session":"26041822-fd0e1557a0c5","build":"232.9559.62","bucket":"37","time":1776553827029,"group":{"id":"build.tools.actions","version":"7"},"event":{"count":1,"data":{"created":1776553827035,"system_event_id":3922},"id":"registered"}}
{"recorder_version":"75","session":"26041822-fd0e1557a0c5","build":"232.9559.62","bucket":"37","time":1776553827029,"group":{"id":"json.schema","version":"2"},"event":{"count":1,"data":{"created":1776553827035,"system_event_id":3923},"id":"registered"}}
{"recorder_version":"75","session":"26041822-fd0e1557a0c5","build":"232.9559.62","bucket":"37","time":1776553827029,"group":{"id":"spellchecker.events","version":"2"},"event":{"count":1,"data":{"created":1776553827035,"system_event_id":3924},"id":"registered"}}
{"recorder_version":"75","session":"26041822-fd0e1557a0c5","build":"232.9559.62","bucket":"37","time":1776553827029,"group":{"id":"editorconfig","version":"2"},"event":{"count":1,"data":{"created":1776553827035,"system_event_id":3925},"id":"registered"}}
{"recorder_version":"75","session":"26041822-fd0e1557a0c5","build":"232.9559.62","bucket":"37","time":1776553827029,"group":{"id":"markdown.events","version":"1"},"event":{"count":1,"data":{"created":1776553827035,"system_event_id":3926},"id":"registered"}}
{"recorder_version":"75","session":"26041822-fd0e1557a0c5","build":"232.9559.62","bucket":"37","time":1776553827029,"group":{"id":"terminalShell","version":"15"},"event":{"count":1,"data":{"created":1776553827035,"system_event_id":3927},"id":"registered"}}
{"recorder_version":"75","session":"26041822-fd0e1557a0c5","build":"232.9559.62","bucket":"37","time":1776553827029,"group":{"id":"build.gradle.actions","version":"2"},"event":{"count":1,"data":{"created":1776553827035,"system_event_id":3928},"id":"registered"}}
{"recorder_version":"75","session":"26041822-fd0e1557a0c5","build":"232.9559.62","bucket":"37","time":1776553827029,"group":{"id":"build.gradle.performance","version":"1"},"event":{"count":1,"data":{"created":1776553827035,"system_event_id":3929},"id":"registered"}}
{"recorder_version":"75","session":"26041822-fd0e1557a0c5","build":"232.9559.62","bucket":"37","time":1776553827029,"group":{"id":"ideFeaturesTrainer","version":"19"},"event":{"count":1,"data":{"created":1776553827035,"system_event_id":3930},"id":"registered"}}
{"recorder_version":"75","session":"26041822-fd0e1557a0c5","build":"232.9559.62","bucket":"37","time":1776553827029,"group":{"id":"feature_suggester","version":"4"},"event":{"count":1,"data":{"created":1776553827035,"system_event_id":3931},"id":"registered"}}
{"recorder_version":"75","session":"26041822-fd0e1557a0c5","build":"232.9559.62","bucket":"37","time":1776553827029,"group":{"id":"onboarding.tips.statistics","version":"4"},"event":{"count":1,"data":{"created":1776553827035,"system_event_id":3932},"id":"registered"}}
{"recorder_version":"75","session":"26041822-fd0e1557a0c5","build":"232.9559.62","bucket":"37","time":1776553827029,"group":{"id":"shell.script","version":"1"},"event":{"count":1,"data":{"created":1776553827035,"system_event_id":3933},"id":"registered"}}
{"recorder_version":"75","session":"26041822-fd0e1557a0c5","build":"232.9559.62","bucket":"37","time":1776553827029,"group":{"id":"ml.completion","version":"5"},"event":{"count":1,"data":{"created":1776553827035,"system_event_id":3934},"id":"registered"}}
{"recorder_version":"75","session":"26041822-fd0e1557a0c5","build":"232.9559.62","bucket":"37","time":1776553827029,"group":{"id":"new.ui.onboarding","version":"3"},"event":{"count":1,"data":{"created":1776553827036,"system_event_id":3935},"id":"registered"}}
{"recorder_version":"75","session":"26041822-fd0e1557a0c5","build":"232.9559.62","bucket":"37","time":1776553827029,"group":{"id":"settings.sync.events","version":"1"},"event":{"count":1,"data":{"created":1776553827036,"system_event_id":3936},"id":"registered"}}
{"recorder_version":"75","session":"26041822-fd0e1557a0c5","build":"232.9559.62","bucket":"37","time":1776553827029,"group":{"id":"space","version":"5"},"event":{"count":1,"data":{"created":1776553827036,"system_event_id":3937},"id":"registered"}}
{"recorder_version":"75","session":"26041822-fd0e1557a0c5","build":"232.9559.62","bucket":"37","time":1776553827029,"group":{"id":"grazie.count","version":"7"},"event":{"count":1,"data":{"created":1776553827036,"system_event_id":3938},"id":"registered"}}
{"recorder_version":"75","session":"26041822-fd0e1557a0c5","build":"232.9559.62","bucket":"37","time":1776553827029,"group":{"id":"git.branches","version":"1"},"event":{"count":1,"data":{"created":1776553827036,"system_event_id":3939},"id":"registered"}}
{"recorder_version":"75","session":"26041822-fd0e1557a0c5","build":"232.9559.62","bucket":"37","time":1776553827029,"group":{"id":"stash.interactions","version":"4"},"event":{"count":1,"data":{"created":1776553827036,"system_event_id":3940},"id":"registered"}}
{"recorder_version":"75","session":"26041822-fd0e1557a0c5","build":"232.9559.62","bucket":"37","time":1776553827029,"group":{"id":"git.status.refresh","version":"1"},"event":{"count":1,"data":{"created":1776553827036,"system_event_id":3941},"id":"registered"}}
{"recorder_version":"75","session":"26041822-fd0e1557a0c5","build":"232.9559.62","bucket":"37","time":1776553827030,"group":{"id":"vcs.github.pullrequest.counters","version":"5"},"event":{"count":1,"data":{"created":1776553827036,"system_event_id":3942},"id":"registered"}}
{"recorder_version":"75","session":"26041822-fd0e1557a0c5","build":"232.9559.62","bucket":"37","time":1776553827030,"group":{"id":"vcs.gitlab.counters","version":"6"},"event":{"count":1,"data":{"created":1776553827036,"system_event_id":3943},"id":"registered"}}
{"recorder_version":"75","session":"26041822-fd0e1557a0c5","build":"232.9559.62","bucket":"37","time":1776553827030,"group":{"id":"java.find.usages","version":"3"},"event":{"count":1,"data":{"created":1776553827036,"system_event_id":3944},"id":"registered"}}
{"recorder_version":"75","session":"26041822-fd0e1557a0c5","build":"232.9559.62","bucket":"37","time":1776553827030,"group":{"id":"java.extract.method","version":"3"},"event":{"count":1,"data":{"created":1776553827036,"system_event_id":3945},"id":"registered"}}
{"recorder_version":"75","session":"26041822-fd0e1557a0c5","build":"232.9559.62","bucket":"37","time":1776553827030,"group":{"id":"extract.method.inplace","version":"3"},"event":{"count":1,"data":{"created":1776553827036,"system_event_id":3946},"id":"registered"}}
{"recorder_version":"75","session":"26041822-fd0e1557a0c5","build":"232.9559.62","bucket":"37","time":1776553827030,"group":{"id":"java.debugger.actions","version":"1"},"event":{"count":1,"data":{"created":1776553827036,"system_event_id":3947},"id":"registered"}}
{"recorder_version":"75","session":"26041822-fd0e1557a0c5","build":"232.9559.62","bucket":"37","time":1776553827030,"group":{"id":"java.smart.enter.fixer","version":"3"},"event":{"count":1,"data":{"created":1776553827036,"system_event_id":3948},"id":"registered"}}
{"recorder_version":"75","session":"26041822-fd0e1557a0c5","build":"232.9559.62","bucket":"37","time":1776553827030,"group":{"id":"introduce.variable.inplace","version":"3"},"event":{"count":1,"data":{"created":1776553827036,"system_event_id":3949},"id":"registered"}}
{"recorder_version":"75","session":"26041822-fd0e1557a0c5","build":"232.9559.62","bucket":"37","time":1776553827030,"group":{"id":"introduce.parameter.inplace","version":"2"},"event":{"count":1,"data":{"created":1776553827036,"system_event_id":3950},"id":"registered"}}
{"recorder_version":"75","session":"26041822-fd0e1557a0c5","build":"232.9559.62","bucket":"37","time":1776553827030,"group":{"id":"build.jps","version":"2"},"event":{"count":1,"data":{"created":1776553827037,"system_event_id":3951},"id":"registered"}}
{"recorder_version":"75","session":"26041822-fd0e1557a0c5","build":"232.9559.62","bucket":"37","time":1776553827030,"group":{"id":"debugger.breakpoints.usage.java","version":"1"},"event":{"count":1,"data":{"created":1776553827037,"system_event_id":3952},"id":"registered"}}
{"recorder_version":"75","session":"26041822-fd0e1557a0c5","build":"232.9559.62","bucket":"37","time":1776553827030,"group":{"id":"java.lens","version":"4"},"event":{"count":1,"data":{"created":1776553827037,"system_event_id":3953},"id":"registered"}}
{"recorder_version":"75","session":"26041822-fd0e1557a0c5","build":"232.9559.62","bucket":"37","time":1776553827030,"group":{"id":"task.management","version":"2"},"event":{"count":1,"data":{"created":1776553827037,"system_event_id":3954},"id":"registered"}}
{"recorder_version":"75","session":"26041822-fd0e1557a0c5","build":"232.9559.62","bucket":"37","time":1776553827030,"group":{"id":"eclipse.projects.detector","version":"2"},"event":{"count":1,"data":{"created":1776553827037,"system_event_id":3955},"id":"registered"}}
{"recorder_version":"75","session":"26041822-fd0e1557a0c5","build":"232.9559.62","bucket":"37","time":1776553827030,"group":{"id":"build.ant.actions","version":"1"},"event":{"count":1,"data":{"created":1776553827037,"system_event_id":3956},"id":"registered"}}
{"recorder_version":"75","session":"26041822-fd0e1557a0c5","build":"232.9559.62","bucket":"37","time":1776553827030,"group":{"id":"kotlin.compilation.error","version":"2"},"event":{"count":1,"data":{"created":1776553827037,"system_event_id":3957},"id":"registered"}}
{"recorder_version":"75","session":"26041822-fd0e1557a0c5","build":"232.9559.62","bucket":"37","time":1776553827030,"group":{"id":"kotlin.ide.new.project","version":"11"},"event":{"count":1,"data":{"created":1776553827037,"system_event_id":3958},"id":"registered"}}
{"recorder_version":"75","session":"26041822-fd0e1557a0c5","build":"232.9559.62","bucket":"37","time":1776553827030,"group":{"id":"kotlin.ide.new.file","version":"2"},"event":{"count":1,"data":{"created":1776553827037,"system_event_id":3959},"id":"registered"}}
{"recorder_version":"75","session":"26041822-fd0e1557a0c5","build":"232.9559.62","bucket":"37","time":1776553827030,"group":{"id":"kotlin.ide.refactoring.move","version":"2"},"event":{"count":1,"data":{"created":1776553827037,"system_event_id":3960},"id":"registered"}}
{"recorder_version":"75","session":"26041822-fd0e1557a0c5","build":"232.9559.62","bucket":"37","time":1776553827030,"group":{"id":"kotlin.ide.refactoring.inline","version":"4"},"event":{"count":1,"data":{"created":1776553827037,"system_event_id":3961},"id":"registered"}}
{"recorder_version":"75","session":"26041822-fd0e1557a0c5","build":"232.9559.62","bucket":"37","time":1776553827030,"group":{"id":"kotlin.ide.gradle","version":"1"},"event":{"count":1,"data":{"created":1776553827037,"system_event_id":3962},"id":"registered"}}
{"recorder_version":"75","session":"26041822-fd0e1557a0c5","build":"232.9559.62","bucket":"37","time":1776553827030,"group":{"id":"kotlin.ide.migrationTool","version":"3"},"event":{"count":1,"data":{"created":1776553827037,"system_event_id":3963},"id":"registered"}}
{"recorder_version":"75","session":"26041822-fd0e1557a0c5","build":"232.9559.62","bucket":"37","time":1776553827030,"group":{"id":"kotlin.ide.j2k","version":"2"},"event":{"count":1,"data":{"created":1776553827037,"system_event_id":3964},"id":"registered"}}
{"recorder_version":"75","session":"26041822-fd0e1557a0c5","build":"232.9559.62","bucket":"37","time":1776553827030,"group":{"id":"kotlin.ide.inspections","version":"2"},"event":{"count":1,"data":{"created":1776553827037,"system_event_id":3965},"id":"registered"}}
{"recorder_version":"75","session":"26041822-fd0e1557a0c5","build":"232.9559.62","bucket":"37","time":1776553827030,"group":{"id":"kotlin.code.vision","version":"2"},"event":{"count":1,"data":{"created":1776553827038,"system_event_id":3966},"id":"registered"}}
{"recorder_version":"75","session":"26041822-fd0e1557a0c5","build":"232.9559.62","bucket":"37","time":1776553827030,"group":{"id":"kotlin.onboarding.j2k","version":"1"},"event":{"count":1,"data":{"created":1776553827038,"system_event_id":3967},"id":"registered"}}
{"recorder_version":"75","session":"26041822-fd0e1557a0c5","build":"232.9559.62","bucket":"37","time":1776553827030,"group":{"id":"kotlin.debugger.evaluator","version":"1"},"event":{"count":1,"data":{"created":1776553827038,"system_event_id":3968},"id":"registered"}}
{"recorder_version":"75","session":"26041822-fd0e1557a0c5","build":"232.9559.62","bucket":"37","time":1776553827030,"group":{"id":"kotlin.gradle.performance","version":"11"},"event":{"count":1,"data":{"created":1776553827038,"system_event_id":3969},"id":"registered"}}
{"recorder_version":"75","session":"26041822-fd0e1557a0c5","build":"232.9559.62","bucket":"37","time":1776553827030,"group":{"id":"build.maven.actions","version":"4"},"event":{"count":1,"data":{"created":1776553827038,"system_event_id":3970},"id":"registered"}}
{"recorder_version":"75","session":"26041822-fd0e1557a0c5","build":"232.9559.62","bucket":"37","time":1776553827030,"group":{"id":"maven.import","version":"10"},"event":{"count":1,"data":{"created":1776553827038,"system_event_id":3971},"id":"registered"}}
