{"recorder_version":"75","session":"26041821-efa98842d478","build":"232.9559.62","bucket":"37","time":1776548241516,"group":{"id":"platform.installer","version":"2"},"event":{"state":true,"data":{"created":1776548241528,"system_event_id":2410},"id":"invoked"}}
{"recorder_version":"75","session":"26041821-efa98842d478","build":"232.9559.62","bucket":"37","time":1776548241516,"group":{"id":"platform.installer","version":"2"},"event":{"state":true,"data":{"system_event_id":2411,"value":"Other","created":1776548241531},"id":"Update Manager"}}
{"recorder_version":"75","session":"26041821-efa98842d478","build":"232.9559.62","bucket":"37","time":1776548241516,"group":{"id":"settings","version":"9"},"event":{"state":true,"data":{"plugin_type":"PLATFORM","system_event_id":2412,"component":"DiffSettings","id":127,"created":1776548241531},"id":"invoked"}}
{"recorder_version":"75","session":"26041821-efa98842d478","build":"232.9559.62","bucket":"37","time":1776548241516,"group":{"id":"settings","version":"9"},"event":{"state":true,"data":{"plugin_type":"PLATFORM","system_event_id":2413,"component":"TextDiffSettings","id":128,"created":1776548241531},"id":"invoked"}}
{"recorder_version":"75","session":"26041821-efa98842d478","build":"232.9559.62","bucket":"37","time":1776548241516,"group":{"id":"settings","version":"9"},"event":{"state":true,"data":{"component":"RefactoringSettings","plugin_version":"232.9559.62","plugin":"com.intellij.java","created":1776548241531,"plugin_type":"JB_BUNDLED","system_event_id":2414,"id":129},"id":"invoked"}}
{"recorder_version":"75","session":"26041821-efa98842d478","build":"232.9559.62","bucket":"37","time":1776548241517,"group":{"id":"vcs.log.index.application","version":"3"},"event":{"state":true,"data":{"created":1776548241531,"system_event_id":2415},"id":"invoked"}}
{"recorder_version":"75","session":"26041821-efa98842d478","build":"232.9559.62","bucket":"37","time":1776548241519,"group":{"id":"vcs.log.index.application","version":"3"},"event":{"state":true,"data":{"count":1,"system_event_id":2416,"created":1776548241531},"id":"big.repositories"}}
{"recorder_version":"75","session":"26041821-efa98842d478","build":"232.9559.62","bucket":"37","time":1776548241519,"group":{"id":"shared.indexes.app.state","version":"2"},"event":{"state":true,"data":{"size_in_bytes":512,"system_event_id":2417,"number":0,"created":1776548241532},"id":"shared.indexes.stored.chunks"}}
{"recorder_version":"75","session":"26041821-efa98842d478","build":"232.9559.62","bucket":"37","time":1776548241519,"group":{"id":"shared.indexes.app.state","version":"2"},"event":{"state":true,"data":{"system_event_id":2418,"number":0,"created":1776548241532},"id":"shared.indexes.excluded.chunks"}}
{"recorder_version":"75","session":"26041821-efa98842d478","build":"232.9559.62","bucket":"37","time":1776548241520,"group":{"id":"status.bar.widgets","version":"2"},"event":{"state":true,"data":{"created":1776548241532,"system_event_id":2419},"id":"invoked"}}
{"recorder_version":"75","session":"26041821-efa98842d478","build":"232.9559.62","bucket":"37","time":1776548241520,"group":{"id":"feedback.in.ide.dont.show.again.state","version":"2"},"event":{"state":true,"data":{"created":1776548241532,"system_event_id":2420},"id":"invoked"}}
{"recorder_version":"75","session":"26041821-efa98842d478","build":"232.9559.62","bucket":"37","time":1776548241520,"group":{"id":"settings","version":"9"},"event":{"state":true,"data":{"plugin_type":"PLATFORM","system_event_id":2421,"component":"ToolWindowLayout","id":130,"created":1776548241532},"id":"invoked"}}
{"recorder_version":"75","session":"26041821-efa98842d478","build":"232.9559.62","bucket":"37","time":1776548241520,"group":{"id":"feedback.in.ide.dont.show.again.state","version":"2"},"event":{"state":true,"data":{"system_event_id":2422,"versionList":[],"created":1776548241532},"id":"disabledVersions"}}
{"recorder_version":"75","session":"26041821-efa98842d478","build":"232.9559.62","bucket":"37","time":1776548241520,"group":{"id":"settings","version":"9"},"event":{"state":true,"data":{"plugin_type":"PLATFORM","system_event_id":2423,"component":"DontShowAgainFeedbackService","id":131,"created":1776548241532},"id":"invoked"}}
{"recorder_version":"75","session":"26041821-efa98842d478","build":"232.9559.62","bucket":"37","time":1776548241521,"group":{"id":"vcs.diff","version":"7"},"event":{"state":true,"data":{"created":1776548241533,"system_event_id":2424},"id":"invoked"}}
{"recorder_version":"75","session":"26041821-efa98842d478","build":"232.9559.62","bucket":"37","time":1776548241522,"group":{"id":"settings","version":"9"},"event":{"state":true,"data":{"component":"ExternalDiffSettings","created":1776548241533,"plugin_type":"PLATFORM","name":"settingsMigrated","system_event_id":2425,"id":132,"type":"bool","value":true},"id":"not.default"}}
{"recorder_version":"75","session":"26041821-efa98842d478","build":"232.9559.62","bucket":"37","time":1776548241522,"group":{"id":"settings","version":"9"},"event":{"state":true,"data":{"plugin_type":"PLATFORM","system_event_id":2426,"component":"ExternalDiffSettings","id":132,"created":1776548241533},"id":"invoked"}}
{"recorder_version":"75","session":"26041821-efa98842d478","build":"232.9559.62","bucket":"37","time":1776548241524,"group":{"id":"java.refactoring.settings","version":"7"},"event":{"state":true,"data":{"created":1776548241533,"system_event_id":2427},"id":"invoked"}}
{"recorder_version":"75","session":"26041821-efa98842d478","build":"232.9559.62","bucket":"37","time":1776548241526,"group":{"id":"profiler.settings","version":"4"},"event":{"state":true,"data":{"created":1776548241534,"system_event_id":2428},"id":"invoked"}}
{"recorder_version":"75","session":"26041821-efa98842d478","build":"232.9559.62","bucket":"37","time":1776548241527,"group":{"id":"settings","version":"9"},"event":{"state":true,"data":{"component":"CommonProfilerUISettings","plugin_version":"232.9559.62","plugin":"com.jetbrains.performancePlugin.async","created":1776548241534,"plugin_type":"JB_BUNDLED","system_event_id":2429,"id":133},"id":"invoked"}}
{"recorder_version":"75","session":"26041821-efa98842d478","build":"232.9559.62","bucket":"37","time":1776548241528,"group":{"id":"ui.info.features","version":"14"},"event":{"state":true,"data":{"system_event_id":2430,"value":"per_monitor_dpi","created":1776548241534},"id":"Hidpi.Mode"}}
{"recorder_version":"75","session":"26041821-efa98842d478","build":"232.9559.62","bucket":"37","time":1776548241528,"group":{"id":"ui.info.features","version":"14"},"event":{"state":true,"data":{"created":1776548241534,"system_event_id":2431},"id":"invoked"}}
{"recorder_version":"75","session":"26041821-efa98842d478","build":"232.9559.62","bucket":"37","time":1776548241528,"group":{"id":"ui.info.features","version":"14"},"event":{"state":true,"data":{"system_event_id":2432,"value":"hidden","created":1776548241535},"id":"Toolbar"}}
{"recorder_version":"75","session":"26041821-efa98842d478","build":"232.9559.62","bucket":"37","time":1776548241528,"group":{"id":"ui.info.features","version":"14"},"event":{"state":true,"data":{"system_event_id":2433,"value":"visible","created":1776548241535},"id":"Nav.Bar"}}
{"recorder_version":"75","session":"26041821-efa98842d478","build":"232.9559.62","bucket":"37","time":1776548241528,"group":{"id":"ui.info.features","version":"14"},"event":{"state":true,"data":{"system_event_id":2434,"enabled":true,"created":1776548241535},"id":"QuickDoc.AutoUpdate"}}
{"recorder_version":"75","session":"26041821-efa98842d478","build":"232.9559.62","bucket":"37","time":1776548241528,"group":{"id":"ui.info.features","version":"14"},"event":{"state":true,"data":{"system_event_id":2435,"value":"visible","created":1776548241535},"id":"Nav.Bar.members"}}
{"recorder_version":"75","session":"26041821-efa98842d478","build":"232.9559.62","bucket":"37","time":1776548241528,"group":{"id":"ui.info.features","version":"14"},"event":{"state":true,"data":{"system_event_id":2436,"enabled":false,"created":1776548241535},"id":"laf.autodetect"}}
