{"recorder_version":"75","session":"26041821-657e48cd12a9","build":"232.9559.62","bucket":"37","time":1776548748057,"group":{"id":"ui.mnemonic","version":"2"},"event":{"count":1,"data":{"created":1776548748060,"system_event_id":2870},"id":"registered"}}
{"recorder_version":"75","session":"26041821-657e48cd12a9","build":"232.9559.62","bucket":"37","time":1776548748057,"group":{"id":"performance","version":"67"},"event":{"count":1,"data":{"created":1776548748060,"system_event_id":2871},"id":"registered"}}
{"recorder_version":"75","session":"26041821-657e48cd12a9","build":"232.9559.62","bucket":"37","time":1776548748057,"group":{"id":"notifications","version":"67"},"event":{"count":1,"data":{"created":1776548748060,"system_event_id":2872},"id":"registered"}}
{"recorder_version":"75","session":"26041821-657e48cd12a9","build":"232.9559.62","bucket":"37","time":1776548748057,"group":{"id":"productivity","version":"59"},"event":{"count":1,"data":{"created":1776548748061,"system_event_id":2873},"id":"registered"}}
{"recorder_version":"75","session":"26041821-657e48cd12a9","build":"232.9559.62","bucket":"37","time":1776548748057,"group":{"id":"ui.dialogs","version":"61"},"event":{"count":1,"data":{"created":1776548748061,"system_event_id":2874},"id":"registered"}}
{"recorder_version":"75","session":"26041821-657e48cd12a9","build":"232.9559.62","bucket":"37","time":1776548748057,"group":{"id":"ui.settings","version":"62"},"event":{"count":1,"data":{"created":1776548748061,"system_event_id":2875},"id":"registered"}}
{"recorder_version":"75","session":"26041821-657e48cd12a9","build":"232.9559.62","bucket":"37","time":1776548748057,"group":{"id":"got.it.tooltip","version":"2"},"event":{"count":1,"data":{"created":1776548748061,"system_event_id":2876},"id":"registered"}}
{"recorder_version":"75","session":"26041821-657e48cd12a9","build":"232.9559.62","bucket":"37","time":1776548748057,"group":{"id":"balloons","version":"6"},"event":{"count":1,"data":{"created":1776548748061,"system_event_id":2877},"id":"registered"}}
{"recorder_version":"75","session":"26041821-657e48cd12a9","build":"232.9559.62","bucket":"37","time":1776548748057,"group":{"id":"reader.mode","version":"2"},"event":{"count":1,"data":{"created":1776548748061,"system_event_id":2878},"id":"registered"}}
{"recorder_version":"75","session":"26041821-657e48cd12a9","build":"232.9559.62","bucket":"37","time":1776548748057,"group":{"id":"ide.error.dialog","version":"2"},"event":{"count":1,"data":{"created":1776548748061,"system_event_id":2879},"id":"registered"}}
{"recorder_version":"75","session":"26041821-657e48cd12a9","build":"232.9559.62","bucket":"37","time":1776548748057,"group":{"id":"new.project.wizard.interactions","version":"23"},"event":{"count":1,"data":{"created":1776548748061,"system_event_id":2880},"id":"registered"}}
{"recorder_version":"75","session":"26041821-657e48cd12a9","build":"232.9559.62","bucket":"37","time":1776548748057,"group":{"id":"experimental.ui.interactions","version":"6"},"event":{"count":1,"data":{"created":1776548748061,"system_event_id":2881},"id":"registered"}}
{"recorder_version":"75","session":"26041821-657e48cd12a9","build":"232.9559.62","bucket":"37","time":1776548748057,"group":{"id":"trusted_projects","version":"3"},"event":{"count":1,"data":{"created":1776548748061,"system_event_id":2882},"id":"registered"}}
{"recorder_version":"75","session":"26041821-657e48cd12a9","build":"232.9559.62","bucket":"37","time":1776548748057,"group":{"id":"readme.on.start","version":"1"},"event":{"count":1,"data":{"created":1776548748061,"system_event_id":2883},"id":"registered"}}
{"recorder_version":"75","session":"26041821-657e48cd12a9","build":"232.9559.62","bucket":"37","time":1776548748057,"group":{"id":"intellij.cds","version":"3"},"event":{"count":1,"data":{"created":1776548748062,"system_event_id":2884},"id":"registered"}}
{"recorder_version":"75","session":"26041821-657e48cd12a9","build":"232.9559.62","bucket":"37","time":1776548748057,"group":{"id":"startup","version":"5"},"event":{"count":1,"data":{"created":1776548748062,"system_event_id":2885},"id":"registered"}}
{"recorder_version":"75","session":"26041821-657e48cd12a9","build":"232.9559.62","bucket":"37","time":1776548748057,"group":{"id":"suggested.refactorings","version":"2"},"event":{"count":1,"data":{"created":1776548748062,"system_event_id":2886},"id":"registered"}}
{"recorder_version":"75","session":"26041821-657e48cd12a9","build":"232.9559.62","bucket":"37","time":1776548748057,"group":{"id":"cwm.gateway","version":"2"},"event":{"count":1,"data":{"created":1776548748062,"system_event_id":2887},"id":"registered"}}
{"recorder_version":"75","session":"26041821-657e48cd12a9","build":"232.9559.62","bucket":"37","time":1776548748057,"group":{"id":"problems.view.sessions","version":"2"},"event":{"count":1,"data":{"created":1776548748062,"system_event_id":2888},"id":"registered"}}
{"recorder_version":"75","session":"26041821-657e48cd12a9","build":"232.9559.62","bucket":"37","time":1776548748057,"group":{"id":"file.structure.popup","version":"2"},"event":{"count":1,"data":{"created":1776548748062,"system_event_id":2889},"id":"registered"}}
{"recorder_version":"75","session":"26041821-657e48cd12a9","build":"232.9559.62","bucket":"37","time":1776548748057,"group":{"id":"tooltip.action.events","version":"1"},"event":{"count":1,"data":{"created":1776548748062,"system_event_id":2890},"id":"registered"}}
{"recorder_version":"75","session":"26041821-657e48cd12a9","build":"232.9559.62","bucket":"37","time":1776548748057,"group":{"id":"rename.inplace.popup","version":"3"},"event":{"count":1,"data":{"created":1776548748062,"system_event_id":2891},"id":"registered"}}
{"recorder_version":"75","session":"26041821-657e48cd12a9","build":"232.9559.62","bucket":"37","time":1776548748057,"group":{"id":"move.refactoring","version":"2"},"event":{"count":1,"data":{"created":1776548748062,"system_event_id":2892},"id":"registered"}}
{"recorder_version":"75","session":"26041821-657e48cd12a9","build":"232.9559.62","bucket":"37","time":1776548748057,"group":{"id":"package.management.ui","version":"2"},"event":{"count":1,"data":{"created":1776548748062,"system_event_id":2893},"id":"registered"}}
{"recorder_version":"75","session":"26041821-657e48cd12a9","build":"232.9559.62","bucket":"37","time":1776548748057,"group":{"id":"completion","version":"14"},"event":{"count":1,"data":{"created":1776548748062,"system_event_id":2894},"id":"registered"}}
{"recorder_version":"75","session":"26041821-657e48cd12a9","build":"232.9559.62","bucket":"37","time":1776548748057,"group":{"id":"find.usages","version":"3"},"event":{"count":1,"data":{"created":1776548748062,"system_event_id":2895},"id":"registered"}}
{"recorder_version":"75","session":"26041821-657e48cd12a9","build":"232.9559.62","bucket":"37","time":1776548748057,"group":{"id":"usage.view","version":"21"},"event":{"count":1,"data":{"created":1776548748062,"system_event_id":2896},"id":"registered"}}
{"recorder_version":"75","session":"26041821-657e48cd12a9","build":"232.9559.62","bucket":"37","time":1776548748057,"group":{"id":"file.type.configurable.interactions","version":"1"},"event":{"count":1,"data":{"created":1776548748062,"system_event_id":2897},"id":"registered"}}
{"recorder_version":"75","session":"26041821-657e48cd12a9","build":"232.9559.62","bucket":"37","time":1776548748057,"group":{"id":"jdk.downloader","version":"1"},"event":{"count":1,"data":{"created":1776548748062,"system_event_id":2898},"id":"registered"}}
{"recorder_version":"75","session":"26041821-657e48cd12a9","build":"232.9559.62","bucket":"37","time":1776548748057,"group":{"id":"daemon","version":"5"},"event":{"count":1,"data":{"created":1776548748063,"system_event_id":2899},"id":"registered"}}
{"recorder_version":"75","session":"26041821-657e48cd12a9","build":"232.9559.62","bucket":"37","time":1776548748057,"group":{"id":"inspection.performance","version":"3"},"event":{"count":1,"data":{"created":1776548748063,"system_event_id":2900},"id":"registered"}}
{"recorder_version":"75","session":"26041821-657e48cd12a9","build":"232.9559.62","bucket":"37","time":1776548748057,"group":{"id":"project.view.performance","version":"2"},"event":{"count":1,"data":{"created":1776548748063,"system_event_id":2901},"id":"registered"}}
{"recorder_version":"75","session":"26041821-657e48cd12a9","build":"232.9559.62","bucket":"37","time":1776548748057,"group":{"id":"bookmarks.counters","version":"2"},"event":{"count":1,"data":{"created":1776548748063,"system_event_id":2902},"id":"registered"}}
{"recorder_version":"75","session":"26041821-657e48cd12a9","build":"232.9559.62","bucket":"37","time":1776548748057,"group":{"id":"searchEverywhere","version":"10"},"event":{"count":1,"data":{"created":1776548748063,"system_event_id":2903},"id":"registered"}}
{"recorder_version":"75","session":"26041821-657e48cd12a9","build":"232.9559.62","bucket":"37","time":1776548748057,"group":{"id":"search.everywhere.process","version":"1"},"event":{"count":1,"data":{"created":1776548748063,"system_event_id":2904},"id":"registered"}}
{"recorder_version":"75","session":"26041821-657e48cd12a9","build":"232.9559.62","bucket":"37","time":1776548748057,"group":{"id":"actions.runAnything","version":"3"},"event":{"count":1,"data":{"created":1776548748063,"system_event_id":2905},"id":"registered"}}
{"recorder_version":"75","session":"26041821-657e48cd12a9","build":"232.9559.62","bucket":"37","time":1776548748057,"group":{"id":"surround.with","version":"4"},"event":{"count":1,"data":{"created":1776548748063,"system_event_id":2906},"id":"registered"}}
{"recorder_version":"75","session":"26041821-657e48cd12a9","build":"232.9559.62","bucket":"37","time":1776548748057,"group":{"id":"find","version":"6"},"event":{"count":1,"data":{"created":1776548748063,"system_event_id":2907},"id":"registered"}}
{"recorder_version":"75","session":"26041821-657e48cd12a9","build":"232.9559.62","bucket":"37","time":1776548748057,"group":{"id":"create.directory.dialog","version":"3"},"event":{"count":1,"data":{"created":1776548748063,"system_event_id":2908},"id":"registered"}}
{"recorder_version":"75","session":"26041821-657e48cd12a9","build":"232.9559.62","bucket":"37","time":1776548748057,"group":{"id":"refactoring.dialog","version":"3"},"event":{"count":1,"data":{"created":1776548748063,"system_event_id":2909},"id":"registered"}}
{"recorder_version":"75","session":"26041821-657e48cd12a9","build":"232.9559.62","bucket":"37","time":1776548748057,"group":{"id":"project.view.pane.changes","version":"2"},"event":{"count":1,"data":{"created":1776548748063,"system_event_id":2910},"id":"registered"}}
{"recorder_version":"75","session":"26041821-657e48cd12a9","build":"232.9559.62","bucket":"37","time":1776548748057,"group":{"id":"run.configuration.exec","version":"71"},"event":{"count":1,"data":{"created":1776548748063,"system_event_id":2911},"id":"registered"}}
{"recorder_version":"75","session":"26041821-657e48cd12a9","build":"232.9559.62","bucket":"37","time":1776548748057,"group":{"id":"intentions","version":"61"},"event":{"count":1,"data":{"created":1776548748063,"system_event_id":2912},"id":"registered"}}
{"recorder_version":"75","session":"26041821-657e48cd12a9","build":"232.9559.62","bucket":"37","time":1776548748057,"group":{"id":"completion.postfix","version":"59"},"event":{"count":1,"data":{"created":1776548748064,"system_event_id":2913},"id":"registered"}}
{"recorder_version":"75","session":"26041821-657e48cd12a9","build":"232.9559.62","bucket":"37","time":1776548748057,"group":{"id":"os.file.type.association","version":"3"},"event":{"count":1,"data":{"created":1776548748064,"system_event_id":2914},"id":"registered"}}
{"recorder_version":"75","session":"26041821-657e48cd12a9","build":"232.9559.62","bucket":"37","time":1776548748057,"group":{"id":"run.target.events","version":"2"},"event":{"count":1,"data":{"created":1776548748064,"system_event_id":2915},"id":"registered"}}
{"recorder_version":"75","session":"26041821-657e48cd12a9","build":"232.9559.62","bucket":"37","time":1776548748057,"group":{"id":"inlay.action.handler","version":"1"},"event":{"count":1,"data":{"created":1776548748064,"system_event_id":2916},"id":"registered"}}
{"recorder_version":"75","session":"26041821-657e48cd12a9","build":"232.9559.62","bucket":"37","time":1776548748057,"group":{"id":"indexing.statistics","version":"7"},"event":{"count":1,"data":{"created":1776548748064,"system_event_id":2917},"id":"registered"}}
{"recorder_version":"75","session":"26041821-657e48cd12a9","build":"232.9559.62","bucket":"37","time":1776548748057,"group":{"id":"feedback.in.ide.notification","version":"4"},"event":{"count":1,"data":{"created":1776548748064,"system_event_id":2918},"id":"registered"}}
{"recorder_version":"75","session":"26041821-657e48cd12a9","build":"232.9559.62","bucket":"37","time":1776548748057,"group":{"id":"ui.tips","version":"12"},"event":{"count":1,"data":{"created":1776548748064,"system_event_id":2919},"id":"registered"}}
{"recorder_version":"75","session":"26041821-657e48cd12a9","build":"232.9559.62","bucket":"37","time":1776548748057,"group":{"id":"vcs","version":"12"},"event":{"count":1,"data":{"created":1776548748064,"system_event_id":2920},"id":"registered"}}
{"recorder_version":"75","session":"26041821-657e48cd12a9","build":"232.9559.62","bucket":"37","time":1776548748057,"group":{"id":"commit.interactions","version":"4"},"event":{"count":1,"data":{"created":1776548748064,"system_event_id":2921},"id":"registered"}}
{"recorder_version":"75","session":"26041821-657e48cd12a9","build":"232.9559.62","bucket":"37","time":1776548748057,"group":{"id":"vcs.log.trigger","version":"6"},"event":{"count":1,"data":{"created":1776548748064,"system_event_id":2922},"id":"registered"}}
{"recorder_version":"75","session":"26041821-657e48cd12a9","build":"232.9559.62","bucket":"37","time":1776548748057,"group":{"id":"vcs.log.performance","version":"2"},"event":{"count":1,"data":{"created":1776548748064,"system_event_id":2923},"id":"registered"}}
{"recorder_version":"75","session":"26041821-657e48cd12a9","build":"232.9559.62","bucket":"37","time":1776548748057,"group":{"id":"debugger.breakpoints.usage","version":"4"},"event":{"count":1,"data":{"created":1776548748064,"system_event_id":2924},"id":"registered"}}
{"recorder_version":"75","session":"26041821-657e48cd12a9","build":"232.9559.62","bucket":"37","time":1776548748057,"group":{"id":"debugger.evaluate.usage","version":"4"},"event":{"count":1,"data":{"created":1776548748064,"system_event_id":2925},"id":"registered"}}
{"recorder_version":"75","session":"26041821-657e48cd12a9","build":"232.9559.62","bucket":"37","time":1776548748057,"group":{"id":"debugger.frames.view","version":"2"},"event":{"count":1,"data":{"created":1776548748064,"system_event_id":2926},"id":"registered"}}
{"recorder_version":"75","session":"26041821-657e48cd12a9","build":"232.9559.62","bucket":"37","time":1776548748057,"group":{"id":"debugger.attach.dialog","version":"3"},"event":{"count":1,"data":{"created":1776548748064,"system_event_id":2927},"id":"registered"}}
{"recorder_version":"75","session":"26041821-657e48cd12a9","build":"232.9559.62","bucket":"37","time":1776548748057,"group":{"id":"xdebugger.actions","version":"2"},"event":{"count":1,"data":{"created":1776548748064,"system_event_id":2928},"id":"registered"}}
{"recorder_version":"75","session":"26041821-657e48cd12a9","build":"232.9559.62","bucket":"37","time":1776548748058,"group":{"id":"debugger.performance","version":"1"},"event":{"count":1,"data":{"created":1776548748065,"system_event_id":2929},"id":"registered"}}
{"recorder_version":"75","session":"26041821-657e48cd12a9","build":"232.9559.62","bucket":"37","time":1776548748058,"group":{"id":"external.project.task","version":"3"},"event":{"count":1,"data":{"created":1776548748065,"system_event_id":2930},"id":"registered"}}
{"recorder_version":"75","session":"26041821-657e48cd12a9","build":"232.9559.62","bucket":"37","time":1776548748058,"group":{"id":"build.tools.actions","version":"7"},"event":{"count":1,"data":{"created":1776548748065,"system_event_id":2931},"id":"registered"}}
{"recorder_version":"75","session":"26041821-657e48cd12a9","build":"232.9559.62","bucket":"37","time":1776548748058,"group":{"id":"json.schema","version":"2"},"event":{"count":1,"data":{"created":1776548748065,"system_event_id":2932},"id":"registered"}}
{"recorder_version":"75","session":"26041821-657e48cd12a9","build":"232.9559.62","bucket":"37","time":1776548748058,"group":{"id":"spellchecker.events","version":"2"},"event":{"count":1,"data":{"created":1776548748065,"system_event_id":2933},"id":"registered"}}
{"recorder_version":"75","session":"26041821-657e48cd12a9","build":"232.9559.62","bucket":"37","time":1776548748058,"group":{"id":"editorconfig","version":"2"},"event":{"count":1,"data":{"created":1776548748065,"system_event_id":2934},"id":"registered"}}
{"recorder_version":"75","session":"26041821-657e48cd12a9","build":"232.9559.62","bucket":"37","time":1776548748058,"group":{"id":"markdown.events","version":"1"},"event":{"count":1,"data":{"created":1776548748065,"system_event_id":2935},"id":"registered"}}
{"recorder_version":"75","session":"26041821-657e48cd12a9","build":"232.9559.62","bucket":"37","time":1776548748058,"group":{"id":"terminalShell","version":"15"},"event":{"count":1,"data":{"created":1776548748065,"system_event_id":2936},"id":"registered"}}
{"recorder_version":"75","session":"26041821-657e48cd12a9","build":"232.9559.62","bucket":"37","time":1776548748058,"group":{"id":"build.gradle.actions","version":"2"},"event":{"count":1,"data":{"created":1776548748065,"system_event_id":2937},"id":"registered"}}
{"recorder_version":"75","session":"26041821-657e48cd12a9","build":"232.9559.62","bucket":"37","time":1776548748058,"group":{"id":"build.gradle.performance","version":"1"},"event":{"count":1,"data":{"created":1776548748065,"system_event_id":2938},"id":"registered"}}
{"recorder_version":"75","session":"26041821-657e48cd12a9","build":"232.9559.62","bucket":"37","time":1776548748058,"group":{"id":"ideFeaturesTrainer","version":"19"},"event":{"count":1,"data":{"created":1776548748065,"system_event_id":2939},"id":"registered"}}
{"recorder_version":"75","session":"26041821-657e48cd12a9","build":"232.9559.62","bucket":"37","time":1776548748058,"group":{"id":"feature_suggester","version":"4"},"event":{"count":1,"data":{"created":1776548748065,"system_event_id":2940},"id":"registered"}}
{"recorder_version":"75","session":"26041821-657e48cd12a9","build":"232.9559.62","bucket":"37","time":1776548748058,"group":{"id":"onboarding.tips.statistics","version":"4"},"event":{"count":1,"data":{"created":1776548748065,"system_event_id":2941},"id":"registered"}}
{"recorder_version":"75","session":"26041821-657e48cd12a9","build":"232.9559.62","bucket":"37","time":1776548748058,"group":{"id":"shell.script","version":"1"},"event":{"count":1,"data":{"created":1776548748065,"system_event_id":2942},"id":"registered"}}
{"recorder_version":"75","session":"26041821-657e48cd12a9","build":"232.9559.62","bucket":"37","time":1776548748058,"group":{"id":"ml.completion","version":"5"},"event":{"count":1,"data":{"created":1776548748065,"system_event_id":2943},"id":"registered"}}
{"recorder_version":"75","session":"26041821-657e48cd12a9","build":"232.9559.62","bucket":"37","time":1776548748058,"group":{"id":"new.ui.onboarding","version":"3"},"event":{"count":1,"data":{"created":1776548748065,"system_event_id":2944},"id":"registered"}}
{"recorder_version":"75","session":"26041821-657e48cd12a9","build":"232.9559.62","bucket":"37","time":1776548748058,"group":{"id":"settings.sync.events","version":"1"},"event":{"count":1,"data":{"created":1776548748066,"system_event_id":2945},"id":"registered"}}
{"recorder_version":"75","session":"26041821-657e48cd12a9","build":"232.9559.62","bucket":"37","time":1776548748058,"group":{"id":"space","version":"5"},"event":{"count":1,"data":{"created":1776548748066,"system_event_id":2946},"id":"registered"}}
{"recorder_version":"75","session":"26041821-657e48cd12a9","build":"232.9559.62","bucket":"37","time":1776548748058,"group":{"id":"grazie.count","version":"7"},"event":{"count":1,"data":{"created":1776548748066,"system_event_id":2947},"id":"registered"}}
{"recorder_version":"75","session":"26041821-657e48cd12a9","build":"232.9559.62","bucket":"37","time":1776548748058,"group":{"id":"git.branches","version":"1"},"event":{"count":1,"data":{"created":1776548748066,"system_event_id":2948},"id":"registered"}}
{"recorder_version":"75","session":"26041821-657e48cd12a9","build":"232.9559.62","bucket":"37","time":1776548748058,"group":{"id":"stash.interactions","version":"4"},"event":{"count":1,"data":{"created":1776548748066,"system_event_id":2949},"id":"registered"}}
{"recorder_version":"75","session":"26041821-657e48cd12a9","build":"232.9559.62","bucket":"37","time":1776548748058,"group":{"id":"git.status.refresh","version":"1"},"event":{"count":1,"data":{"created":1776548748066,"system_event_id":2950},"id":"registered"}}
{"recorder_version":"75","session":"26041821-657e48cd12a9","build":"232.9559.62","bucket":"37","time":1776548748058,"group":{"id":"vcs.github.pullrequest.counters","version":"5"},"event":{"count":1,"data":{"created":1776548748066,"system_event_id":2951},"id":"registered"}}
{"recorder_version":"75","session":"26041821-657e48cd12a9","build":"232.9559.62","bucket":"37","time":1776548748059,"group":{"id":"vcs.gitlab.counters","version":"6"},"event":{"count":1,"data":{"created":1776548748066,"system_event_id":2952},"id":"registered"}}
{"recorder_version":"75","session":"26041821-657e48cd12a9","build":"232.9559.62","bucket":"37","time":1776548748059,"group":{"id":"java.find.usages","version":"3"},"event":{"count":1,"data":{"created":1776548748066,"system_event_id":2953},"id":"registered"}}
{"recorder_version":"75","session":"26041821-657e48cd12a9","build":"232.9559.62","bucket":"37","time":1776548748059,"group":{"id":"java.extract.method","version":"3"},"event":{"count":1,"data":{"created":1776548748066,"system_event_id":2954},"id":"registered"}}
{"recorder_version":"75","session":"26041821-657e48cd12a9","build":"232.9559.62","bucket":"37","time":1776548748059,"group":{"id":"extract.method.inplace","version":"3"},"event":{"count":1,"data":{"created":1776548748066,"system_event_id":2955},"id":"registered"}}
{"recorder_version":"75","session":"26041821-657e48cd12a9","build":"232.9559.62","bucket":"37","time":1776548748059,"group":{"id":"java.debugger.actions","version":"1"},"event":{"count":1,"data":{"created":1776548748067,"system_event_id":2956},"id":"registered"}}
{"recorder_version":"75","session":"26041821-657e48cd12a9","build":"232.9559.62","bucket":"37","time":1776548748059,"group":{"id":"java.smart.enter.fixer","version":"3"},"event":{"count":1,"data":{"created":1776548748067,"system_event_id":2957},"id":"registered"}}
{"recorder_version":"75","session":"26041821-657e48cd12a9","build":"232.9559.62","bucket":"37","time":1776548748059,"group":{"id":"introduce.variable.inplace","version":"3"},"event":{"count":1,"data":{"created":1776548748067,"system_event_id":2958},"id":"registered"}}
{"recorder_version":"75","session":"26041821-657e48cd12a9","build":"232.9559.62","bucket":"37","time":1776548748059,"group":{"id":"introduce.parameter.inplace","version":"2"},"event":{"count":1,"data":{"created":1776548748067,"system_event_id":2959},"id":"registered"}}
{"recorder_version":"75","session":"26041821-657e48cd12a9","build":"232.9559.62","bucket":"37","time":1776548748059,"group":{"id":"build.jps","version":"2"},"event":{"count":1,"data":{"created":1776548748067,"system_event_id":2960},"id":"registered"}}
{"recorder_version":"75","session":"26041821-657e48cd12a9","build":"232.9559.62","bucket":"37","time":1776548748059,"group":{"id":"debugger.breakpoints.usage.java","version":"1"},"event":{"count":1,"data":{"created":1776548748067,"system_event_id":2961},"id":"registered"}}
{"recorder_version":"75","session":"26041821-657e48cd12a9","build":"232.9559.62","bucket":"37","time":1776548748059,"group":{"id":"java.lens","version":"4"},"event":{"count":1,"data":{"created":1776548748067,"system_event_id":2962},"id":"registered"}}
{"recorder_version":"75","session":"26041821-657e48cd12a9","build":"232.9559.62","bucket":"37","time":1776548748059,"group":{"id":"task.management","version":"2"},"event":{"count":1,"data":{"created":1776548748067,"system_event_id":2963},"id":"registered"}}
{"recorder_version":"75","session":"26041821-657e48cd12a9","build":"232.9559.62","bucket":"37","time":1776548748059,"group":{"id":"eclipse.projects.detector","version":"2"},"event":{"count":1,"data":{"created":1776548748067,"system_event_id":2964},"id":"registered"}}
{"recorder_version":"75","session":"26041821-657e48cd12a9","build":"232.9559.62","bucket":"37","time":1776548748059,"group":{"id":"build.ant.actions","version":"1"},"event":{"count":1,"data":{"created":1776548748067,"system_event_id":2965},"id":"registered"}}
{"recorder_version":"75","session":"26041821-657e48cd12a9","build":"232.9559.62","bucket":"37","time":1776548748059,"group":{"id":"kotlin.compilation.error","version":"2"},"event":{"count":1,"data":{"created":1776548748067,"system_event_id":2966},"id":"registered"}}
{"recorder_version":"75","session":"26041821-657e48cd12a9","build":"232.9559.62","bucket":"37","time":1776548748059,"group":{"id":"kotlin.ide.new.project","version":"11"},"event":{"count":1,"data":{"created":1776548748067,"system_event_id":2967},"id":"registered"}}
{"recorder_version":"75","session":"26041821-657e48cd12a9","build":"232.9559.62","bucket":"37","time":1776548748059,"group":{"id":"kotlin.ide.new.file","version":"2"},"event":{"count":1,"data":{"created":1776548748067,"system_event_id":2968},"id":"registered"}}
{"recorder_version":"75","session":"26041821-657e48cd12a9","build":"232.9559.62","bucket":"37","time":1776548748059,"group":{"id":"kotlin.ide.refactoring.move","version":"2"},"event":{"count":1,"data":{"created":1776548748068,"system_event_id":2969},"id":"registered"}}
{"recorder_version":"75","session":"26041821-657e48cd12a9","build":"232.9559.62","bucket":"37","time":1776548748059,"group":{"id":"kotlin.ide.refactoring.inline","version":"4"},"event":{"count":1,"data":{"created":1776548748068,"system_event_id":2970},"id":"registered"}}
{"recorder_version":"75","session":"26041821-657e48cd12a9","build":"232.9559.62","bucket":"37","time":1776548748059,"group":{"id":"kotlin.ide.gradle","version":"1"},"event":{"count":1,"data":{"created":1776548748068,"system_event_id":2971},"id":"registered"}}
{"recorder_version":"75","session":"26041821-657e48cd12a9","build":"232.9559.62","bucket":"37","time":1776548748059,"group":{"id":"kotlin.ide.migrationTool","version":"3"},"event":{"count":1,"data":{"created":1776548748068,"system_event_id":2972},"id":"registered"}}
{"recorder_version":"75","session":"26041821-657e48cd12a9","build":"232.9559.62","bucket":"37","time":1776548748059,"group":{"id":"kotlin.ide.j2k","version":"2"},"event":{"count":1,"data":{"created":1776548748068,"system_event_id":2973},"id":"registered"}}
{"recorder_version":"75","session":"26041821-657e48cd12a9","build":"232.9559.62","bucket":"37","time":1776548748059,"group":{"id":"kotlin.ide.inspections","version":"2"},"event":{"count":1,"data":{"created":1776548748068,"system_event_id":2974},"id":"registered"}}
{"recorder_version":"75","session":"26041821-657e48cd12a9","build":"232.9559.62","bucket":"37","time":1776548748059,"group":{"id":"kotlin.code.vision","version":"2"},"event":{"count":1,"data":{"created":1776548748068,"system_event_id":2975},"id":"registered"}}
{"recorder_version":"75","session":"26041821-657e48cd12a9","build":"232.9559.62","bucket":"37","time":1776548748059,"group":{"id":"kotlin.onboarding.j2k","version":"1"},"event":{"count":1,"data":{"created":1776548748068,"system_event_id":2976},"id":"registered"}}
{"recorder_version":"75","session":"26041821-657e48cd12a9","build":"232.9559.62","bucket":"37","time":1776548748059,"group":{"id":"kotlin.debugger.evaluator","version":"1"},"event":{"count":1,"data":{"created":1776548748068,"system_event_id":2977},"id":"registered"}}
{"recorder_version":"75","session":"26041821-657e48cd12a9","build":"232.9559.62","bucket":"37","time":1776548748059,"group":{"id":"kotlin.gradle.performance","version":"11"},"event":{"count":1,"data":{"created":1776548748068,"system_event_id":2978},"id":"registered"}}
{"recorder_version":"75","session":"26041821-657e48cd12a9","build":"232.9559.62","bucket":"37","time":1776548748059,"group":{"id":"build.maven.actions","version":"4"},"event":{"count":1,"data":{"created":1776548748068,"system_event_id":2979},"id":"registered"}}
{"recorder_version":"75","session":"26041821-657e48cd12a9","build":"232.9559.62","bucket":"37","time":1776548748059,"group":{"id":"maven.import","version":"10"},"event":{"count":1,"data":{"created":1776548748068,"system_event_id":2980},"id":"registered"}}
{"recorder_version":"75","session":"26041821-657e48cd12a9","build":"232.9559.62","bucket":"37","time":1776548748059,"group":{"id":"new.project.wizard.interactions","version":"23"},"event":{"count":1,"data":{"created":1776548748068,"system_event_id":2981},"id":"registered"}}
{"recorder_version":"75","session":"26041821-657e48cd12a9","build":"232.9559.62","bucket":"37","time":1776548748059,"group":{"id":"build.gradle.import","version":"7"},"event":{"count":1,"data":{"created":1776548748068,"system_event_id":2982},"id":"registered"}}
{"recorder_version":"75","session":"26041821-657e48cd12a9","build":"232.9559.62","bucket":"37","time":1776548748059,"group":{"id":"qodana.plugin","version":"4"},"event":{"count":1,"data":{"created":1776548748069,"system_event_id":2983},"id":"registered"}}
{"recorder_version":"75","session":"26041821-657e48cd12a9","build":"232.9559.62","bucket":"37","time":1776548748059,"group":{"id":"qodana.inspections","version":"10"},"event":{"count":1,"data":{"created":1776548748069,"system_event_id":2984},"id":"registered"}}
{"recorder_version":"75","session":"26041821-657e48cd12a9","build":"232.9559.62","bucket":"37","time":1776548748059,"group":{"id":"qodana.coverage","version":"1"},"event":{"count":1,"data":{"created":1776548748069,"system_event_id":2985},"id":"registered"}}
{"recorder_version":"75","session":"26041821-657e48cd12a9","build":"232.9559.62","bucket":"37","time":1776548748059,"group":{"id":"shared.indexes","version":"7"},"event":{"count":1,"data":{"created":1776548748069,"system_event_id":2986},"id":"registered"}}
{"recorder_version":"75","session":"26041821-657e48cd12a9","build":"232.9559.62","bucket":"37","time":1776548748059,"group":{"id":"cwm.telephony","version":"8"},"event":{"count":1,"data":{"created":1776548748069,"system_event_id":2987},"id":"registered"}}
{"recorder_version":"75","session":"26041821-657e48cd12a9","build":"232.9559.62","bucket":"37","time":1776548748059,"group":{"id":"cwm.telephony.devices","version":"7"},"event":{"count":1,"data":{"created":1776548748069,"system_event_id":2988},"id":"registered"}}
{"recorder_version":"75","session":"26041821-657e48cd12a9","build":"232.9559.62","bucket":"37","time":1776548748059,"group":{"id":"cwm.lifecycle","version":"25"},"event":{"count":1,"data":{"created":1776548748069,"system_event_id":2989},"id":"registered"}}
{"recorder_version":"75","session":"26041821-657e48cd12a9","build":"232.9559.62","bucket":"37","time":1776548748059,"group":{"id":"vulnerability.package.checker","version":"4"},"event":{"count":1,"data":{"created":1776548748069,"system_event_id":2990},"id":"registered"}}
{"recorder_version":"75","session":"26041821-657e48cd12a9","build":"232.9559.62","bucket":"37","time":1776548748059,"group":{"id":"profiler.usage","version":"18"},"event":{"count":1,"data":{"created":1776548748069,"system_event_id":2991},"id":"registered"}}
{"recorder_version":"75","session":"26041821-657e48cd12a9","build":"232.9559.62","bucket":"37","time":1776548770730,"group":{"id":"lifecycle","version":"69"},"event":{"count":1,"data":{"system_event_id":2992,"project":"8269cefc298b2c0875fc52773c5ac5183725dc7907bea37b4f3775a448a613db","created":1776548770730},"id":"frame.activated"}}
{"recorder_version":"75","session":"26041821-657e48cd12a9","build":"232.9559.62","bucket":"37","time":1776548774929,"group":{"id":"lifecycle","version":"69"},"event":{"count":1,"data":{"system_event_id":2993,"project":"8269cefc298b2c0875fc52773c5ac5183725dc7907bea37b4f3775a448a613db","created":1776548774930},"id":"frame.deactivated"}}
{"recorder_version":"75","session":"26041821-657e48cd12a9","build":"232.9559.62","bucket":"37","time":1776548799979,"group":{"id":"performance","version":"67"},"event":{"count":1,"data":{"swap_load":0,"created":1776548799980,"gc_time_ms":0,"system_event_id":2994,"cpu_time_ms":37664,"system_cpu_load":85,"power_save_mode":false,"power_source":"AC"},"id":"heartbeat"}}
{"recorder_version":"75","session":"26041821-657e48cd12a9","build":"232.9559.62","bucket":"37","time":1776548835536,"group":{"id":"performance","version":"67"},"event":{"count":1,"data":{"duration_ms":0,"system_event_id":2995,"created":1776548835536},"id":"ui.latency"}}
{"recorder_version":"75","session":"26041821-657e48cd12a9","build":"232.9559.62","bucket":"37","time":1776548872834,"group":{"id":"lifecycle","version":"69"},"event":{"count":1,"data":{"system_event_id":2996,"project":"8269cefc298b2c0875fc52773c5ac5183725dc7907bea37b4f3775a448a613db","created":1776548872834},"id":"frame.activated"}}
{"recorder_version":"75","session":"26041821-657e48cd12a9","build":"232.9559.62","bucket":"37","time":1776548881099,"group":{"id":"actions","version":"73"},"event":{"count":1,"data":{"duration_ms":28,"parent":"com.intellij.ide.ui.customization.CustomizationUtil$PopupComputableActionGroup","size":25,"action_id":"ProjectViewPopupMenu","created":1776548881099,"plugin_type":"PLATFORM","system_event_id":2997,"isSubmenu":false,"project":"8269cefc298b2c0875fc52773c5ac5183725dc7907bea37b4f3775a448a613db","place":"ProjectViewPopup","lang":"","class":"validation.unmatched_rule"},"id":"action.group.expanded"}}
{"recorder_version":"75","session":"26041821-657e48cd12a9","build":"232.9559.62","bucket":"37","time":1776548881104,"group":{"id":"performance","version":"67"},"event":{"count":1,"data":{"duration_ms":35,"system_event_id":2998,"place":"ProjectViewPopup","created":1776548881104,"cold_start":false},"id":"popup.latency"}}
{"recorder_version":"75","session":"26041821-657e48cd12a9","build":"232.9559.62","bucket":"37","time":1776548881990,"group":{"id":"actions","version":"73"},"event":{"count":1,"data":{"duration_ms":1,"size":3,"action_id":"CacheRecovery","created":1776548881991,"plugin_type":"PLATFORM","system_event_id":2999,"isSubmenu":true,"project":"8269cefc298b2c0875fc52773c5ac5183725dc7907bea37b4f3775a448a613db","place":"ProjectViewPopup","lang":"","class":"com.intellij.ide.actions.cache.CacheRecoveryActionGroup"},"id":"action.group.expanded"}}
{"recorder_version":"75","session":"26041821-657e48cd12a9","build":"232.9559.62","bucket":"37","time":1776548883148,"group":{"id":"actions","version":"73"},"event":{"count":1,"data":{"duration_ms":2,"size":6,"action_id":"MarkRootGroup","created":1776548883152,"plugin_type":"PLATFORM","system_event_id":3000,"isSubmenu":true,"project":"8269cefc298b2c0875fc52773c5ac5183725dc7907bea37b4f3775a448a613db","place":"ProjectViewPopup","lang":"","class":"com.intellij.ide.projectView.actions.MarkRootGroup"},"id":"action.group.expanded"}}
{"recorder_version":"75","session":"26041821-657e48cd12a9","build":"232.9559.62","bucket":"37","time":1776548886961,"group":{"id":"actions","version":"73"},"event":{"count":1,"data":{"duration_ms":1,"size":1,"action_id":"popup@ExpandableBookmarkContextMenu","created":1776548886961,"plugin_type":"PLATFORM","system_event_id":3001,"isSubmenu":true,"project":"8269cefc298b2c0875fc52773c5ac5183725dc7907bea37b4f3775a448a613db","place":"ProjectViewPopup","lang":"","class":"com.intellij.openapi.actionSystem.DefaultActionGroup"},"id":"action.group.expanded"}}
{"recorder_version":"75","session":"26041821-657e48cd12a9","build":"232.9559.62","bucket":"37","time":1776548887440,"group":{"id":"lifecycle","version":"69"},"event":{"count":1,"data":{"system_event_id":3002,"project":"8269cefc298b2c0875fc52773c5ac5183725dc7907bea37b4f3775a448a613db","created":1776548887440},"id":"frame.deactivated"}}
{"recorder_version":"75","session":"26041821-657e48cd12a9","build":"232.9559.62","bucket":"37","time":1776548899981,"group":{"id":"performance","version":"67"},"event":{"count":1,"data":{"swap_load":0,"created":1776548899981,"gc_time_ms":187,"system_event_id":3003,"cpu_time_ms":19761,"system_cpu_load":82,"power_save_mode":false,"power_source":"AC"},"id":"heartbeat"}}
{"recorder_version":"75","session":"26041821-657e48cd12a9","build":"232.9559.62","bucket":"37","time":1776548931878,"group":{"id":"vcs.gitlab","version":"1"},"event":{"state":true,"data":{"created":1776548931883,"system_event_id":3004},"id":"invoked"}}
{"recorder_version":"75","session":"26041821-657e48cd12a9","build":"232.9559.62","bucket":"37","time":1776548931878,"group":{"id":"proxy.settings","version":"1"},"event":{"state":true,"data":{"created":1776548931887,"system_event_id":3005},"id":"invoked"}}
{"recorder_version":"75","session":"26041821-657e48cd12a9","build":"232.9559.62","bucket":"37","time":1776548931878,"group":{"id":"event.log.session","version":"1"},"event":{"state":true,"data":{"system_event_id":3006,"debug_agent":false,"created":1776548931888},"id":"debug.mode"}}
{"recorder_version":"75","session":"26041821-657e48cd12a9","build":"232.9559.62","bucket":"37","time":1776548931878,"group":{"id":"vcs.gitlab","version":"1"},"event":{"state":true,"data":{"count":0,"system_event_id":3007,"has_enterprise":false,"created":1776548931888},"id":"accounts"}}
{"recorder_version":"75","session":"26041821-657e48cd12a9","build":"232.9559.62","bucket":"37","time":1776548931878,"group":{"id":"ui.fonts","version":"6"},"event":{"state":true,"data":{"created":1776548931888,"system_event_id":3008},"id":"invoked"}}
{"recorder_version":"75","session":"26041821-657e48cd12a9","build":"232.9559.62","bucket":"37","time":1776548931878,"group":{"id":"os.linux.wm","version":"3"},"event":{"state":true,"data":{"created":1776548931888,"system_event_id":3009},"id":"invoked"}}
{"recorder_version":"75","session":"26041821-657e48cd12a9","build":"232.9559.62","bucket":"37","time":1776548931878,"group":{"id":"plugins","version":"9"},"event":{"state":true,"data":{"created":1776548931888,"system_event_id":3010},"id":"invoked"}}
{"recorder_version":"75","session":"26041821-657e48cd12a9","build":"232.9559.62","bucket":"37","time":1776548931878,"group":{"id":"vcs.github","version":"3"},"event":{"state":true,"data":{"created":1776548931889,"system_event_id":3011},"id":"invoked"}}
{"recorder_version":"75","session":"26041821-657e48cd12a9","build":"232.9559.62","bucket":"37","time":1776548931879,"group":{"id":"feedback.in.ide.dont.show.again.state","version":"2"},"event":{"state":true,"data":{"created":1776548931889,"system_event_id":3012},"id":"invoked"}}
{"recorder_version":"75","session":"26041821-657e48cd12a9","build":"232.9559.62","bucket":"37","time":1776548931880,"group":{"id":"event.log.session","version":"1"},"event":{"state":true,"data":{"created":1776548931889,"system_event_id":3013},"id":"invoked"}}
{"recorder_version":"75","session":"26041821-657e48cd12a9","build":"232.9559.62","bucket":"37","time":1776548931880,"group":{"id":"grazie.state","version":"7"},"event":{"state":true,"data":{"created":1776548931889,"system_event_id":3014},"id":"invoked"}}
{"recorder_version":"75","session":"26041821-657e48cd12a9","build":"232.9559.62","bucket":"37","time":1776548931883,"group":{"id":"java.refactoring.settings","version":"7"},"event":{"state":true,"data":{"created":1776548931889,"system_event_id":3015},"id":"invoked"}}
{"recorder_version":"75","session":"26041821-657e48cd12a9","build":"232.9559.62","bucket":"37","time":1776548931891,"group":{"id":"grazie.state","version":"7"},"event":{"state":true,"data":{"system_event_id":3016,"value":"en","created":1776548931897},"id":"enabled.language"}}
{"recorder_version":"75","session":"26041821-657e48cd12a9","build":"232.9559.62","bucket":"37","time":1776548931891,"group":{"id":"ui.fonts","version":"6"},"event":{"state":true,"data":{"system_event_id":3017,"font_size_2d":13.0,"created":1776548931897,"font_size":13,"font_name":".SF NS Text"},"id":"UI"}}
{"recorder_version":"75","session":"26041821-657e48cd12a9","build":"232.9559.62","bucket":"37","time":1776548931891,"group":{"id":"plugins","version":"9"},"event":{"state":true,"data":{"plugin_type":"NOT_LISTED","system_event_id":3018,"created":1776548931897},"id":"enabled.not.bundled.plugin"}}
{"recorder_version":"75","session":"26041821-657e48cd12a9","build":"232.9559.62","bucket":"37","time":1776548931891,"group":{"id":"event.log.session","version":"1"},"event":{"state":true,"data":{"system_event_id":3019,"only_local":false,"suppress_report":false,"created":1776548931912},"id":"reporting"}}
{"recorder_version":"75","session":"26041821-657e48cd12a9","build":"232.9559.62","bucket":"37","time":1776548931891,"group":{"id":"event.log.session","version":"1"},"event":{"state":true,"data":{"system_event_id":3020,"fus_test":false,"internal":true,"teamcity":false,"created":1776548931913},"id":"test.mode"}}
{"recorder_version":"75","session":"26041821-657e48cd12a9","build":"232.9559.62","bucket":"37","time":1776548931891,"group":{"id":"ui.fonts","version":"6"},"event":{"state":true,"data":{"system_event_id":3021,"created":1776548931913,"font_size":23},"id":"Presentation.mode"}}
{"recorder_version":"75","session":"26041821-657e48cd12a9","build":"232.9559.62","bucket":"37","time":1776548931891,"group":{"id":"vcs.github","version":"3"},"event":{"state":true,"data":{"count":0,"system_event_id":3022,"has_enterprise":false,"created":1776548931913},"id":"accounts"}}
{"recorder_version":"75","session":"26041821-657e48cd12a9","build":"232.9559.62","bucket":"37","time":1776548931891,"group":{"id":"settings","version":"9"},"event":{"state":true,"data":{"plugin_type":"PLATFORM","system_event_id":3023,"component":"DontShowAgainFeedbackService","id":128,"created":1776548931913},"id":"invoked"}}
{"recorder_version":"75","session":"26041821-657e48cd12a9","build":"232.9559.62","bucket":"37","time":1776548931892,"group":{"id":"settings","version":"9"},"event":{"state":true,"data":{"component":"RefactoringSettings","plugin_version":"232.9559.62","plugin":"com.intellij.java","created":1776548931913,"plugin_type":"JB_BUNDLED","system_event_id":3024,"id":129},"id":"invoked"}}
{"recorder_version":"75","session":"26041821-657e48cd12a9","build":"232.9559.62","bucket":"37","time":1776548931892,"group":{"id":"event.log.session","version":"1"},"event":{"state":true,"data":{"headless":false,"system_event_id":3025,"command_line":false,"created":1776548931913},"id":"headless"}}
{"recorder_version":"75","session":"26041821-657e48cd12a9","build":"232.9559.62","bucket":"37","time":1776548931892,"group":{"id":"plugins","version":"9"},"event":{"state":true,"data":{"system_event_id":3026,"unsafe_id":"validation.unmatched_rule","enabled":true,"created":1776548931913},"id":"unsafe.plugin"}}
{"recorder_version":"75","session":"26041821-657e48cd12a9","build":"232.9559.62","bucket":"37","time":1776548931892,"group":{"id":"settings","version":"9"},"event":{"state":true,"data":{"plugin_type":"PLATFORM","system_event_id":3027,"component":"DiffSettings","id":130,"created":1776548931913},"id":"invoked"}}
{"recorder_version":"75","session":"26041821-657e48cd12a9","build":"232.9559.62","bucket":"37","time":1776548931892,"group":{"id":"settings","version":"9"},"event":{"state":true,"data":{"plugin_type":"PLATFORM","system_event_id":3028,"component":"TextDiffSettings","id":131,"created":1776548931913},"id":"invoked"}}
{"recorder_version":"75","session":"26041821-657e48cd12a9","build":"232.9559.62","bucket":"37","time":1776548931892,"group":{"id":"feedback.in.ide.dont.show.again.state","version":"2"},"event":{"state":true,"data":{"system_event_id":3029,"versionList":[],"created":1776548931913},"id":"disabledVersions"}}
{"recorder_version":"75","session":"26041821-657e48cd12a9","build":"232.9559.62","bucket":"37","time":1776548931892,"group":{"id":"kotlin.k.two.metrics","version":"1"},"event":{"state":true,"data":{"created":1776548931913,"system_event_id":3030},"id":"invoked"}}
{"recorder_version":"75","session":"26041821-657e48cd12a9","build":"232.9559.62","bucket":"37","time":1776548931895,"group":{"id":"platform.registry","version":"5"},"event":{"state":true,"data":{"created":1776548931920,"system_event_id":3031},"id":"invoked"}}
{"recorder_version":"75","session":"26041821-657e48cd12a9","build":"232.9559.62","bucket":"37","time":1776548931895,"group":{"id":"ui.fonts","version":"6"},"event":{"state":true,"data":{"system_event_id":3032,"font_size_2d":13.0,"line_spacing":1.2,"created":1776548931920,"font_size":13,"font_name":"JetBrains Mono"},"id":"IDE.editor"}}
{"recorder_version":"75","session":"26041821-657e48cd12a9","build":"232.9559.62","bucket":"37","time":1776548931896,"group":{"id":"kotlin.k.two.metrics","version":"1"},"event":{"state":true,"data":{"system_event_id":3033,"created":1776548931920,"validation.undefined_rule":"validation.undefined_rule"},"id":"enabled"}}
{"recorder_version":"75","session":"26041821-657e48cd12a9","build":"232.9559.62","bucket":"37","time":1776548931896,"group":{"id":"platform.installer","version":"2"},"event":{"state":true,"data":{"created":1776548931920,"system_event_id":3034},"id":"invoked"}}
{"recorder_version":"75","session":"26041821-657e48cd12a9","build":"232.9559.62","bucket":"37","time":1776548931896,"group":{"id":"system.os","version":"16"},"event":{"state":true,"data":{"created":1776548931920,"system_event_id":3035},"id":"invoked"}}
{"recorder_version":"75","session":"26041821-657e48cd12a9","build":"232.9559.62","bucket":"37","time":1776548931896,"group":{"id":"system.os","version":"16"},"event":{"state":true,"data":{"shell":"bash","created":1776548931920,"name":"Mac","system_event_id":3036,"locale":"en","time_zone":"-07:00","version":"26.3"},"id":"os.name"}}
{"recorder_version":"75","session":"26041821-657e48cd12a9","build":"232.9559.62","bucket":"37","time":1776548931896,"group":{"id":"platform.registry","version":"5"},"event":{"state":true,"data":{"plugin_type":"PLATFORM","system_event_id":3037,"id":"show.create.new.element.in.popup","created":1776548931920},"id":"experiment"}}
{"recorder_version":"75","session":"26041821-657e48cd12a9","build":"232.9559.62","bucket":"37","time":1776548931896,"group":{"id":"platform.installer","version":"2"},"event":{"state":true,"data":{"system_event_id":3038,"value":"Other","created":1776548931920},"id":"Update Manager"}}
{"recorder_version":"75","session":"26041821-657e48cd12a9","build":"232.9559.62","bucket":"37","time":1776548931896,"group":{"id":"platform.registry","version":"5"},"event":{"state":true,"data":{"plugin_type":"PLATFORM","system_event_id":3039,"id":"wsl.p9.support","created":1776548931920},"id":"experiment"}}
{"recorder_version":"75","session":"26041821-657e48cd12a9","build":"232.9559.62","bucket":"37","time":1776548931896,"group":{"id":"platform.registry","version":"5"},"event":{"state":true,"data":{"plugin_type":"PLATFORM","system_event_id":3040,"id":"terminal.shell.command.handling","created":1776548931920},"id":"experiment"}}
{"recorder_version":"75","session":"26041821-657e48cd12a9","build":"232.9559.62","bucket":"37","time":1776548931896,"group":{"id":"system.os","version":"16"},"event":{"state":true,"data":{"system_event_id":3041,"value":"-07:00","created":1776548931920},"id":"os.timezone"}}
{"recorder_version":"75","session":"26041821-657e48cd12a9","build":"232.9559.62","bucket":"37","time":1776548931896,"group":{"id":"platform.registry","version":"5"},"event":{"state":true,"data":{"plugin_type":"PLATFORM","system_event_id":3042,"id":"recent.and.edited.files.together","created":1776548931921},"id":"experiment"}}
{"recorder_version":"75","session":"26041821-657e48cd12a9","build":"232.9559.62","bucket":"37","time":1776548931896,"group":{"id":"platform.registry","version":"5"},"event":{"state":true,"data":{"plugin_type":"PLATFORM","system_event_id":3043,"id":"search.everywhere.mixed.results","created":1776548931921},"id":"experiment"}}
{"recorder_version":"75","session":"26041821-657e48cd12a9","build":"232.9559.62","bucket":"37","time":1776548931896,"group":{"id":"platform.registry","version":"5"},"event":{"state":true,"data":{"plugin_type":"PLATFORM","system_event_id":3044,"id":"wsl.execute.with.wsl.exe","created":1776548931921},"id":"experiment"}}
{"recorder_version":"75","session":"26041821-657e48cd12a9","build":"232.9559.62","bucket":"37","time":1776548931896,"group":{"id":"platform.registry","version":"5"},"event":{"state":true,"data":{"plugin_type":"PLATFORM","system_event_id":3045,"id":"new.project.wizard","created":1776548931921},"id":"experiment"}}
{"recorder_version":"75","session":"26041821-657e48cd12a9","build":"232.9559.62","bucket":"37","time":1776548931896,"group":{"id":"platform.registry","version":"5"},"event":{"state":true,"data":{"plugin_type":"PLATFORM","system_event_id":3046,"id":"wsl.prefer.p9.support","created":1776548931921},"id":"experiment"}}
{"recorder_version":"75","session":"26041821-657e48cd12a9","build":"232.9559.62","bucket":"37","time":1776548931896,"group":{"id":"platform.registry","version":"5"},"event":{"state":true,"data":{"plugin_type":"PLATFORM","system_event_id":3047,"id":"editor.reader.mode","created":1776548931921},"id":"experiment"}}
{"recorder_version":"75","session":"26041821-657e48cd12a9","build":"232.9559.62","bucket":"37","time":1776548931896,"group":{"id":"platform.registry","version":"5"},"event":{"state":true,"data":{"plugin_type":"PLATFORM","system_event_id":3048,"id":"new.large.text.file.viewer","created":1776548931921},"id":"experiment"}}
{"recorder_version":"75","session":"26041821-657e48cd12a9","build":"232.9559.62","bucket":"37","time":1776548931896,"group":{"id":"platform.registry","version":"5"},"event":{"state":true,"data":{"plugin_type":"PLATFORM","system_event_id":3049,"id":"linux.native.menu","created":1776548931921},"id":"experiment"}}
{"recorder_version":"75","session":"26041821-657e48cd12a9","build":"232.9559.62","bucket":"37","time":1776548931896,"group":{"id":"platform.registry","version":"5"},"event":{"state":true,"data":{"plugin_type":"PLATFORM","system_event_id":3050,"id":"wsl.p9.show.roots.in.file.chooser","created":1776548931921},"id":"experiment"}}
{"recorder_version":"75","session":"26041821-657e48cd12a9","build":"232.9559.62","bucket":"37","time":1776548931904,"group":{"id":"editor.settings.ide","version":"9"},"event":{"state":true,"data":{"created":1776548931921,"system_event_id":3051},"id":"invoked"}}
{"recorder_version":"75","session":"26041821-657e48cd12a9","build":"232.9559.62","bucket":"37","time":1776548931906,"group":{"id":"status.bar.widgets","version":"2"},"event":{"state":true,"data":{"created":1776548931921,"system_event_id":3052},"id":"invoked"}}
{"recorder_version":"75","session":"26041821-657e48cd12a9","build":"232.9559.62","bucket":"37","time":1776548931906,"group":{"id":"settings.sync.state","version":"3"},"event":{"state":true,"data":{"created":1776548931921,"system_event_id":3053},"id":"invoked"}}
{"recorder_version":"75","session":"26041821-657e48cd12a9","build":"232.9559.62","bucket":"37","time":1776548931917,"group":{"id":"vcs.diff","version":"7"},"event":{"state":true,"data":{"created":1776548931921,"system_event_id":3054},"id":"invoked"}}
{"recorder_version":"75","session":"26041821-657e48cd12a9","build":"232.9559.62","bucket":"37","time":1776548931919,"group":{"id":"settings","version":"9"},"event":{"state":true,"data":{"plugin_type":"PLATFORM","system_event_id":3055,"component":"ToolWindowLayout","id":132,"created":1776548931921},"id":"invoked"}}
{"recorder_version":"75","session":"26041821-657e48cd12a9","build":"232.9559.62","bucket":"37","time":1776548931919,"group":{"id":"settings","version":"9"},"event":{"state":true,"data":{"component":"ExternalDiffSettings","created":1776548931921,"plugin_type":"PLATFORM","name":"settingsMigrated","system_event_id":3056,"id":133,"type":"bool","value":true},"id":"not.default"}}
{"recorder_version":"75","session":"26041821-657e48cd12a9","build":"232.9559.62","bucket":"37","time":1776548931919,"group":{"id":"settings","version":"9"},"event":{"state":true,"data":{"plugin_type":"PLATFORM","system_event_id":3057,"component":"ExternalDiffSettings","id":133,"created":1776548931922},"id":"invoked"}}
{"recorder_version":"75","session":"26041821-657e48cd12a9","build":"232.9559.62","bucket":"37","time":1776548931919,"group":{"id":"settings.sync.state","version":"3"},"event":{"state":true,"data":{"system_event_id":3058,"enabled":false,"created":1776548931922},"id":"general.state"}}
{"recorder_version":"75","session":"26041821-657e48cd12a9","build":"232.9559.62","bucket":"37","time":1776548931919,"group":{"id":"wsl.installations","version":"1"},"event":{"state":true,"data":{"created":1776548931922,"system_event_id":3059},"id":"invoked"}}
{"recorder_version":"75","session":"26041821-657e48cd12a9","build":"232.9559.62","bucket":"37","time":1776548931919,"group":{"id":"shared.indexes.app.state","version":"2"},"event":{"state":true,"data":{"created":1776548931922,"system_event_id":3060},"id":"invoked"}}
{"recorder_version":"75","session":"26041821-657e48cd12a9","build":"232.9559.62","bucket":"37","time":1776548931923,"group":{"id":"index.usage.aggregates","version":"2"},"event":{"state":true,"data":{"created":1776548931928,"system_event_id":3061},"id":"invoked"}}
{"recorder_version":"75","session":"26041821-657e48cd12a9","build":"232.9559.62","bucket":"37","time":1776548931925,"group":{"id":"notification.settings","version":"2"},"event":{"state":true,"data":{"created":1776548931930,"system_event_id":3062},"id":"invoked"}}
{"recorder_version":"75","session":"26041821-657e48cd12a9","build":"232.9559.62","bucket":"37","time":1776548931926,"group":{"id":"shared.indexes.app.state","version":"2"},"event":{"state":true,"data":{"size_in_bytes":512,"system_event_id":3063,"number":0,"created":1776548931930},"id":"shared.indexes.stored.chunks"}}
{"recorder_version":"75","session":"26041821-657e48cd12a9","build":"232.9559.62","bucket":"37","time":1776548931926,"group":{"id":"settings.sync.state","version":"3"},"event":{"state":true,"data":{"system_event_id":3064,"enabled":false,"created":1776548931930},"id":"editor.font.state"}}
{"recorder_version":"75","session":"26041821-657e48cd12a9","build":"232.9559.62","bucket":"37","time":1776548931926,"group":{"id":"shared.indexes.app.state","version":"2"},"event":{"state":true,"data":{"system_event_id":3065,"number":0,"created":1776548931930},"id":"shared.indexes.excluded.chunks"}}
{"recorder_version":"75","session":"26041821-657e48cd12a9","build":"232.9559.62","bucket":"37","time":1776548931926,"group":{"id":"index.usage.aggregates","version":"2"},"event":{"state":true,"data":{"lookup_duration_max_ms":3,"lookup_duration_90ile_ms":0,"lookup_duration_99ile_ms":1,"lookup_duration_95ile_ms":0,"lookup_duration_mean_ms":0.038910505836575876,"created":1776548931931,"system_event_id":3066,"index_id":"java.class.fqn","lookups_total":257},"id":"lookup.stub_entries"}}
{"recorder_version":"75","session":"26041821-657e48cd12a9","build":"232.9559.62","bucket":"37","time":1776548931927,"group":{"id":"ui.editor.color.schemes","version":"6"},"event":{"state":true,"data":{"created":1776548931931,"system_event_id":3067},"id":"invoked"}}
{"recorder_version":"75","session":"26041821-657e48cd12a9","build":"232.9559.62","bucket":"37","time":1776548931927,"group":{"id":"ui.editor.color.schemes","version":"6"},"event":{"state":true,"data":{"system_event_id":3068,"scheme":"Darcula","is_dark":true,"created":1776548931931},"id":"enabled.color.scheme"}}
{"recorder_version":"75","session":"26041821-657e48cd12a9","build":"232.9559.62","bucket":"37","time":1776548931927,"group":{"id":"index.usage.aggregates","version":"2"},"event":{"state":true,"data":{"lookup_duration_max_ms":6,"lookup_duration_90ile_ms":0,"lookup_duration_99ile_ms":1,"lookup_duration_95ile_ms":0,"lookup_duration_mean_ms":0.04669260700389105,"created":1776548931932,"system_event_id":3069,"index_id":"org.jetbrains.kotlin.idea.stubindex.KotlinMultifileClassPartIndex","lookups_total":257},"id":"lookup.stub_entries"}}
{"recorder_version":"75","session":"26041821-657e48cd12a9","build":"232.9559.62","bucket":"37","time":1776548931927,"group":{"id":"keymaps.name","version":"2"},"event":{"state":true,"data":{"created":1776548931932,"system_event_id":3070},"id":"invoked"}}
{"recorder_version":"75","session":"26041821-657e48cd12a9","build":"232.9559.62","bucket":"37","time":1776548931927,"group":{"id":"index.usage.aggregates","version":"2"},"event":{"state":true,"data":{"lookup_duration_max_ms":1,"lookup_duration_90ile_ms":0,"lookup_duration_99ile_ms":1,"lookup_duration_95ile_ms":0,"lookup_duration_mean_ms":0.019455252918287938,"created":1776548931932,"system_event_id":3071,"index_id":"org.jetbrains.kotlin.idea.stubindex.KotlinFileFacadeFqNameIndex","lookups_total":257},"id":"lookup.stub_entries"}}
{"recorder_version":"75","session":"26041821-657e48cd12a9","build":"232.9559.62","bucket":"37","time":1776548931927,"group":{"id":"vcs.log.index.application","version":"3"},"event":{"state":true,"data":{"created":1776548931932,"system_event_id":3072},"id":"invoked"}}
{"recorder_version":"75","session":"26041821-657e48cd12a9","build":"232.9559.62","bucket":"37","time":1776548931928,"group":{"id":"user.advanced.info","version":"5"},"event":{"state":true,"data":{"created":1776548931939,"system_event_id":3073},"id":"invoked"}}
{"recorder_version":"75","session":"26041821-657e48cd12a9","build":"232.9559.62","bucket":"37","time":1776548931928,"group":{"id":"user.advanced.info","version":"5"},"event":{"state":true,"data":{"system_event_id":3074,"value":"release","created":1776548931939},"id":"build"}}
{"recorder_version":"75","session":"26041821-657e48cd12a9","build":"232.9559.62","bucket":"37","time":1776548931928,"group":{"id":"keymap.changes","version":"1"},"event":{"state":true,"data":{"created":1776548931939,"system_event_id":3075},"id":"invoked"}}
{"recorder_version":"75","session":"26041821-657e48cd12a9","build":"232.9559.62","bucket":"37","time":1776548931928,"group":{"id":"keymaps.name","version":"2"},"event":{"state":true,"data":{"system_event_id":3076,"created":1776548931939,"keymap_name":"Mac OS X 10.5+"},"id":"ide.keymap"}}
{"recorder_version":"75","session":"26041821-657e48cd12a9","build":"232.9559.62","bucket":"37","time":1776548931930,"group":{"id":"index.usage.aggregates","version":"2"},"event":{"state":true,"data":{"lookup_duration_max_ms":10,"lookup_duration_90ile_ms":0,"lookup_duration_99ile_ms":10,"lookup_duration_95ile_ms":1,"lookup_duration_mean_ms":0.3235294117647059,"created":1776548931939,"system_event_id":3077,"index_id":"org.jetbrains.kotlin.idea.vfilefinder.KotlinPartialPackageNamesIndex","lookups_total":34},"id":"lookup.entries"}}
{"recorder_version":"75","session":"26041821-657e48cd12a9","build":"232.9559.62","bucket":"37","time":1776548931930,"group":{"id":"index.usage.aggregates","version":"2"},"event":{"state":true,"data":{"lookup_duration_max_ms":5,"lookup_duration_90ile_ms":0,"lookup_duration_99ile_ms":1,"lookup_duration_95ile_ms":0,"lookup_duration_mean_ms":0.05405405405405406,"created":1776548931939,"system_event_id":3078,"index_id":"org.jetbrains.kotlin.idea.stubindex.KotlinFullClassNameIndex","lookups_total":259},"id":"lookup.stub_entries"}}
{"recorder_version":"75","session":"26041821-657e48cd12a9","build":"232.9559.62","bucket":"37","time":1776548931930,"group":{"id":"index.usage.aggregates","version":"2"},"event":{"state":true,"data":{"lookup_duration_max_ms":6,"lookup_duration_90ile_ms":6,"lookup_duration_99ile_ms":6,"lookup_duration_95ile_ms":6,"lookup_duration_mean_ms":2.0,"created":1776548931940,"system_event_id":3079,"index_id":"filetypes","lookups_total":5},"id":"lookup.entries"}}
{"recorder_version":"75","session":"26041821-657e48cd12a9","build":"232.9559.62","bucket":"37","time":1776548931930,"group":{"id":"vcs.log.index.application","version":"3"},"event":{"state":true,"data":{"count":1,"system_event_id":3080,"created":1776548931940},"id":"big.repositories"}}
{"recorder_version":"75","session":"26041821-657e48cd12a9","build":"232.9559.62","bucket":"37","time":1776548931930,"group":{"id":"system.runtime","version":"16"},"event":{"state":true,"data":{"created":1776548931940,"system_event_id":3081},"id":"invoked"}}
{"recorder_version":"75","session":"26041821-657e48cd12a9","build":"232.9559.62","bucket":"37","time":1776548931931,"group":{"id":"debugger.settings.ide","version":"3"},"event":{"state":true,"data":{"created":1776548931940,"system_event_id":3082},"id":"invoked"}}
{"recorder_version":"75","session":"26041821-657e48cd12a9","build":"232.9559.62","bucket":"37","time":1776548931939,"group":{"id":"system.runtime","version":"16"},"event":{"state":true,"data":{"system_event_id":3083,"gigabytes":24,"created":1776548931940},"id":"memory.size"}}
{"recorder_version":"75","session":"26041821-657e48cd12a9","build":"232.9559.62","bucket":"37","time":1776548931939,"group":{"id":"system.runtime","version":"16"},"event":{"state":true,"data":{"system_event_id":3084,"value":12,"created":1776548931940},"id":"cores"}}
{"recorder_version":"75","session":"26041821-657e48cd12a9","build":"232.9559.62","bucket":"37","time":1776548931939,"group":{"id":"system.runtime","version":"16"},"event":{"state":true,"data":{"system_event_id":3085,"gigabytes":0,"created":1776548931940},"id":"swap.size"}}
{"recorder_version":"75","session":"26041821-657e48cd12a9","build":"232.9559.62","bucket":"37","time":1776548931939,"group":{"id":"system.runtime","version":"16"},"event":{"state":true,"data":{"system_event_id":3086,"index_partition_free":33,"index_partition_size":512,"created":1776548931940},"id":"disk.size"}}
{"recorder_version":"75","session":"26041821-657e48cd12a9","build":"232.9559.62","bucket":"37","time":1776548931939,"group":{"id":"system.runtime","version":"16"},"event":{"state":true,"data":{"name":"G1","system_event_id":3087,"created":1776548931941},"id":"garbage.collector"}}
{"recorder_version":"75","session":"26041821-657e48cd12a9","build":"232.9559.62","bucket":"37","time":1776548931939,"group":{"id":"system.runtime","version":"16"},"event":{"state":true,"data":{"name":"Metal","system_event_id":3088,"created":1776548931941},"id":"rendering.pipeline"}}
{"recorder_version":"75","session":"26041821-657e48cd12a9","build":"232.9559.62","bucket":"37","time":1776548931939,"group":{"id":"system.runtime","version":"16"},"event":{"state":true,"data":{"system_event_id":3089,"arch":"arm64","version":"1.17","vendor":"JetBrains","created":1776548931941},"id":"jvm"}}
{"recorder_version":"75","session":"26041821-657e48cd12a9","build":"232.9559.62","bucket":"37","time":1776548931939,"group":{"id":"system.runtime","version":"16"},"event":{"state":true,"data":{"name":"ReservedCodeCacheSize","system_event_id":3090,"value":500,"created":1776548931941},"id":"jvm.option"}}
{"recorder_version":"75","session":"26041821-657e48cd12a9","build":"232.9559.62","bucket":"37","time":1776548931939,"group":{"id":"system.runtime","version":"16"},"event":{"state":true,"data":{"name":"SoftRefLRUPolicyMSPerMB","system_event_id":3091,"value":0,"created":1776548931941},"id":"jvm.option"}}
{"recorder_version":"75","session":"26041821-657e48cd12a9","build":"232.9559.62","bucket":"37","time":1776548931939,"group":{"id":"system.runtime","version":"16"},"event":{"state":true,"data":{"name":"Xms","system_event_id":3092,"value":128,"created":1776548931941},"id":"jvm.option"}}
{"recorder_version":"75","session":"26041821-657e48cd12a9","build":"232.9559.62","bucket":"37","time":1776548931939,"group":{"id":"system.runtime","version":"16"},"event":{"state":true,"data":{"name":"Xmx","system_event_id":3093,"value":2048,"created":1776548931941},"id":"jvm.option"}}
{"recorder_version":"75","session":"26041821-657e48cd12a9","build":"232.9559.62","bucket":"37","time":1776548931939,"group":{"id":"system.runtime","version":"16"},"event":{"state":true,"data":{"name":"splash","system_event_id":3094,"value":true,"created":1776548931941},"id":"jvm.client.properties"}}
{"recorder_version":"75","session":"26041821-657e48cd12a9","build":"232.9559.62","bucket":"37","time":1776548931939,"group":{"id":"system.runtime","version":"16"},"event":{"state":true,"data":{"system_event_id":3095,"enabled":false,"created":1776548931941},"id":"debug.agent"}}
{"recorder_version":"75","session":"26041821-657e48cd12a9","build":"232.9559.62","bucket":"37","time":1776548931939,"group":{"id":"vcs.application.configuration","version":"3"},"event":{"state":true,"data":{"created":1776548931942,"system_event_id":3096},"id":"invoked"}}
{"recorder_version":"75","session":"26041821-657e48cd12a9","build":"232.9559.62","bucket":"37","time":1776548931940,"group":{"id":"settings","version":"9"},"event":{"state":true,"data":{"component":"CommonProfilerUISettings","plugin_version":"232.9559.62","plugin":"com.jetbrains.performancePlugin.async","created":1776548931943,"plugin_type":"JB_BUNDLED","system_event_id":3097,"id":134},"id":"invoked"}}
{"recorder_version":"75","session":"26041821-657e48cd12a9","build":"232.9559.62","bucket":"37","time":1776548931941,"group":{"id":"profiler.settings","version":"4"},"event":{"state":true,"data":{"created":1776548931943,"system_event_id":3098},"id":"invoked"}}
{"recorder_version":"75","session":"26041821-657e48cd12a9","build":"232.9559.62","bucket":"37","time":1776548931942,"group":{"id":"ui.info.features","version":"14"},"event":{"state":true,"data":{"created":1776548931943,"system_event_id":3099},"id":"invoked"}}
{"recorder_version":"75","session":"26041821-657e48cd12a9","build":"232.9559.62","bucket":"37","time":1776548931942,"group":{"id":"ui.info.features","version":"14"},"event":{"state":true,"data":{"system_event_id":3100,"value":"per_monitor_dpi","created":1776548931943},"id":"Hidpi.Mode"}}
{"recorder_version":"75","session":"26041821-657e48cd12a9","build":"232.9559.62","bucket":"37","time":1776548931942,"group":{"id":"ui.info.features","version":"14"},"event":{"state":true,"data":{"system_event_id":3101,"value":"hidden","created":1776548931943},"id":"Toolbar"}}
{"recorder_version":"75","session":"26041821-657e48cd12a9","build":"232.9559.62","bucket":"37","time":1776548931942,"group":{"id":"ui.info.features","version":"14"},"event":{"state":true,"data":{"system_event_id":3102,"value":"visible","created":1776548931944},"id":"Nav.Bar"}}
{"recorder_version":"75","session":"26041821-657e48cd12a9","build":"232.9559.62","bucket":"37","time":1776548931942,"group":{"id":"ui.info.features","version":"14"},"event":{"state":true,"data":{"system_event_id":3103,"enabled":true,"created":1776548931944},"id":"QuickDoc.AutoUpdate"}}
{"recorder_version":"75","session":"26041821-657e48cd12a9","build":"232.9559.62","bucket":"37","time":1776548931942,"group":{"id":"ui.info.features","version":"14"},"event":{"state":true,"data":{"system_event_id":3104,"display_id":0,"value":"1512x982 (200%)","created":1776548931944},"id":"Screen.Resolution"}}
{"recorder_version":"75","session":"26041821-657e48cd12a9","build":"232.9559.62","bucket":"37","time":1776548931942,"group":{"id":"ui.info.features","version":"14"},"event":{"state":true,"data":{"system_event_id":3105,"value":"visible","created":1776548931944},"id":"Nav.Bar.members"}}
{"recorder_version":"75","session":"26041821-657e48cd12a9","build":"232.9559.62","bucket":"37","time":1776548931942,"group":{"id":"ui.info.features","version":"14"},"event":{"state":true,"data":{"system_event_id":3106,"enabled":true,"created":1776548931944},"id":"Retina"}}
{"recorder_version":"75","session":"26041821-657e48cd12a9","build":"232.9559.62","bucket":"37","time":1776548931942,"group":{"id":"ui.info.features","version":"14"},"event":{"state":true,"data":{"system_event_id":3107,"enabled":false,"created":1776548931944},"id":"laf.autodetect"}}
{"recorder_version":"75","session":"26041821-657e48cd12a9","build":"232.9559.62","bucket":"37","time":1776548931942,"group":{"id":"ui.info.features","version":"14"},"event":{"state":true,"data":{"count":1,"system_event_id":3108,"created":1776548931944},"id":"tool.window.layouts"}}
{"recorder_version":"75","session":"26041821-657e48cd12a9","build":"232.9559.62","bucket":"37","time":1776548931942,"group":{"id":"ui.info.features","version":"14"},"event":{"state":true,"data":{"toolbar":"hidden","system_event_id":3109,"navbar":"visible","created":1776548931944},"id":"Toolbar.and.NavBar"}}
{"recorder_version":"75","session":"26041821-657e48cd12a9","build":"232.9559.62","bucket":"37","time":1776548931942,"group":{"id":"ui.info.features","version":"14"},"event":{"state":true,"data":{"system_event_id":3110,"value":0,"created":1776548931944},"id":"QuickListsCount"}}
{"recorder_version":"75","session":"26041821-657e48cd12a9","build":"232.9559.62","bucket":"37","time":1776548931942,"group":{"id":"ui.info.features","version":"14"},"event":{"state":true,"data":{"system_event_id":3111,"scale":2.0,"user_scale":1.0,"created":1776548931944,"scale_mode":false},"id":"Screen.Scale"}}
{"recorder_version":"75","session":"26041821-657e48cd12a9","build":"232.9559.62","bucket":"37","time":1776548931942,"group":{"id":"ui.info.features","version":"14"},"event":{"state":true,"data":{"system_event_id":3112,"enabled":false,"created":1776548931944},"id":"QuickDoc.Show.Toolwindow"}}
{"recorder_version":"75","session":"26041821-657e48cd12a9","build":"232.9559.62","bucket":"37","time":1776548931942,"group":{"id":"ui.info.features","version":"14"},"event":{"state":true,"data":{"system_event_id":3113,"value":"Darcula","created":1776548931945},"id":"Look.and.Feel"}}
{"recorder_version":"75","session":"26041821-657e48cd12a9","build":"232.9559.62","bucket":"37","time":1776548931942,"group":{"id":"ui.info.features","version":"14"},"event":{"state":true,"data":{"system_event_id":3114,"enabled":false,"created":1776548931945},"id":"Screen.Reader"}}
{"recorder_version":"75","session":"26041821-657e48cd12a9","build":"232.9559.62","bucket":"37","time":1776548931942,"group":{"id":"ui.info.features","version":"14"},"event":{"state":true,"data":{"system_event_id":3115,"value":1,"created":1776548931945},"id":"Number.Of.Monitors"}}
{"recorder_version":"75","session":"26041821-657e48cd12a9","build":"232.9559.62","bucket":"37","time":1776548936032,"group":{"id":"performance","version":"67"},"event":{"count":1,"data":{"duration_ms":4,"system_event_id":3116,"created":1776548936032},"id":"ui.latency"}}
{"recorder_version":"75","session":"26041821-657e48cd12a9","build":"232.9559.62","bucket":"37","time":1776548999987,"group":{"id":"performance","version":"67"},"event":{"count":1,"data":{"swap_load":0,"created":1776548999988,"gc_time_ms":0,"system_event_id":3117,"cpu_time_ms":40025,"system_cpu_load":83,"power_save_mode":false,"power_source":"AC"},"id":"heartbeat"}}
{"recorder_version":"75","session":"26041821-657e48cd12a9","build":"232.9559.62","bucket":"37","time":1776549036453,"group":{"id":"performance","version":"67"},"event":{"count":1,"data":{"duration_ms":0,"system_event_id":3118,"created":1776549036453},"id":"ui.latency"}}
{"recorder_version":"75","session":"26041821-657e48cd12a9","build":"232.9559.62","bucket":"37","time":1776549057380,"group":{"id":"lifecycle","version":"69"},"event":{"count":1,"data":{"system_event_id":3119,"project":"8269cefc298b2c0875fc52773c5ac5183725dc7907bea37b4f3775a448a613db","created":1776549057381},"id":"frame.activated"}}
{"recorder_version":"75","session":"26041821-657e48cd12a9","build":"232.9559.62","bucket":"37","time":1776549058828,"group":{"id":"lifecycle","version":"69"},"event":{"count":1,"data":{"system_event_id":3120,"project":"8269cefc298b2c0875fc52773c5ac5183725dc7907bea37b4f3775a448a613db","created":1776549058829},"id":"frame.deactivated"}}
{"recorder_version":"75","session":"26041821-657e48cd12a9","build":"232.9559.62","bucket":"37","time":1776549059140,"group":{"id":"settings.changes","version":"57"},"event":{"count":1,"data":{"component":"ConsoleFont","created":1776549059142,"plugin_type":"PLATFORM","name":"VERSION","system_event_id":3121,"id":135,"type":"int"},"id":"component_changed_option"}}
{"recorder_version":"75","session":"26041821-657e48cd12a9","build":"232.9559.62","bucket":"37","time":1776549059140,"group":{"id":"settings.changes","version":"57"},"event":{"count":1,"data":{"plugin_type":"PLATFORM","system_event_id":3122,"component":"ConsoleFont","id":135,"created":1776549059142},"id":"component_changed"}}
{"recorder_version":"75","session":"26041821-657e48cd12a9","build":"232.9559.62","bucket":"37","time":1776549059155,"group":{"id":"settings.changes","version":"57"},"event":{"count":1,"data":{"component":"RecentProjectsManager","created":1776549059156,"plugin_type":"PLATFORM","name":"lastOpenedProject","system_event_id":3123,"id":136,"type":"string"},"id":"component_changed_option"}}
{"recorder_version":"75","session":"26041821-657e48cd12a9","build":"232.9559.62","bucket":"37","time":1776549059155,"group":{"id":"settings.changes","version":"57"},"event":{"count":1,"data":{"plugin_type":"PLATFORM","system_event_id":3124,"component":"RecentProjectsManager","id":136,"created":1776549059156},"id":"component_changed"}}
{"recorder_version":"75","session":"26041821-657e48cd12a9","build":"232.9559.62","bucket":"37","time":1776549059177,"group":{"id":"settings.changes","version":"57"},"event":{"count":1,"data":{"plugin_type":"PLATFORM","system_event_id":3125,"project":"8269cefc298b2c0875fc52773c5ac5183725dc7907bea37b4f3775a448a613db","component":"CodeInsightWorkspaceSettings","id":137,"created":1776549059181},"id":"component_changed"}}
{"recorder_version":"75","session":"26041821-657e48cd12a9","build":"232.9559.62","bucket":"37","time":1776549099991,"group":{"id":"performance","version":"67"},"event":{"count":1,"data":{"swap_load":0,"created":1776549099992,"gc_time_ms":187,"system_event_id":3126,"cpu_time_ms":22016,"system_cpu_load":83,"power_save_mode":false,"power_source":"AC"},"id":"heartbeat"}}
{"recorder_version":"75","session":"26041821-657e48cd12a9","build":"232.9559.62","bucket":"37","time":1776549117665,"group":{"id":"lifecycle","version":"69"},"event":{"count":1,"data":{"system_event_id":3127,"project":"8269cefc298b2c0875fc52773c5ac5183725dc7907bea37b4f3775a448a613db","created":1776549117667},"id":"frame.activated"}}
{"recorder_version":"75","session":"26041821-657e48cd12a9","build":"232.9559.62","bucket":"37","time":1776549118961,"group":{"id":"file.editor","version":"3"},"event":{"count":1,"data":{"fileEditor":"com.intellij.openapi.fileEditor.impl.text.PsiAwareTextEditorImpl","plugin_type":"PLATFORM","system_event_id":3128,"file_path":"47b479f8183973ef0205bec99c7887d54601474b9de181e50a114237c0a48797","project":"8269cefc298b2c0875fc52773c5ac5183725dc7907bea37b4f3775a448a613db","created":1776549118961},"id":"alternative.file.editor.selected"}}
{"recorder_version":"75","session":"26041821-657e48cd12a9","build":"232.9559.62","bucket":"37","time":1776549118961,"group":{"id":"file.types.usage","version":"69"},"event":{"count":1,"data":{"plugin_type":"PLATFORM","system_event_id":3129,"file_path":"47b479f8183973ef0205bec99c7887d54601474b9de181e50a114237c0a48797","project":"8269cefc298b2c0875fc52773c5ac5183725dc7907bea37b4f3775a448a613db","file_type":"CSS","created":1776549118962},"id":"select"}}
{"recorder_version":"75","session":"26041821-657e48cd12a9","build":"232.9559.62","bucket":"37","time":1776549118964,"group":{"id":"file.types.usage","version":"69"},"event":{"count":1,"data":{"file_editor":"com.intellij.openapi.fileEditor.impl.text.PsiAwareTextEditorImpl","duration_ms":31,"file_path":"47b479f8183973ef0205bec99c7887d54601474b9de181e50a114237c0a48797","time_to_show":12,"file_type":"CSS","created":1776549118965,"is_preview_tab":false,"plugin_type":"PLATFORM","system_event_id":3130,"project":"8269cefc298b2c0875fc52773c5ac5183725dc7907bea37b4f3775a448a613db","is_writable":true},"id":"open"}}
{"recorder_version":"75","session":"26041821-657e48cd12a9","build":"232.9559.62","bucket":"37","time":1776549119089,"group":{"id":"editor.notification.panel","version":"3"},"event":{"count":1,"data":{"plugin_type":"PLATFORM","system_event_id":3131,"project":"8269cefc298b2c0875fc52773c5ac5183725dc7907bea37b4f3775a448a613db","provider_class":"com.intellij.openapi.updateSettings.impl.pluginsAdvertisement.PluginAdvertiserEditorNotificationProvider","created":1776549119089},"id":"notificationShown"}}
{"recorder_version":"75","session":"26041821-657e48cd12a9","build":"232.9559.62","bucket":"37","time":1776549121098,"group":{"id":"file.editor","version":"3"},"event":{"count":1,"data":{"fileEditor":"com.intellij.openapi.fileEditor.impl.text.PsiAwareTextEditorImpl","plugin_type":"PLATFORM","system_event_id":3132,"file_path":"da9d7a491d6c1c6697ee1cc39d197923c4635d66e91267404c879db7f79232ec","project":"8269cefc298b2c0875fc52773c5ac5183725dc7907bea37b4f3775a448a613db","created":1776549121098},"id":"alternative.file.editor.selected"}}
{"recorder_version":"75","session":"26041821-657e48cd12a9","build":"232.9559.62","bucket":"37","time":1776549121098,"group":{"id":"file.types.usage","version":"69"},"event":{"count":1,"data":{"file_path":"da9d7a491d6c1c6697ee1cc39d197923c4635d66e91267404c879db7f79232ec","plugin_version":"232.9559.62","plugin":"org.jetbrains.plugins.textmate","file_type":"textmate","created":1776549121098,"plugin_type":"JB_BUNDLED","system_event_id":3133,"project":"8269cefc298b2c0875fc52773c5ac5183725dc7907bea37b4f3775a448a613db"},"id":"select"}}
{"recorder_version":"75","session":"26041821-657e48cd12a9","build":"232.9559.62","bucket":"37","time":1776549121214,"group":{"id":"editor.notification.panel","version":"3"},"event":{"count":1,"data":{"plugin_type":"PLATFORM","system_event_id":3134,"project":"8269cefc298b2c0875fc52773c5ac5183725dc7907bea37b4f3775a448a613db","provider_class":"com.intellij.openapi.updateSettings.impl.pluginsAdvertisement.PluginAdvertiserEditorNotificationProvider","created":1776549121214},"id":"notificationShown"}}
{"recorder_version":"75","session":"26041821-657e48cd12a9","build":"232.9559.62","bucket":"37","time":1776549137037,"group":{"id":"performance","version":"67"},"event":{"count":1,"data":{"duration_ms":0,"system_event_id":3135,"created":1776549137037},"id":"ui.latency"}}
{"recorder_version":"75","session":"26041821-657e48cd12a9","build":"232.9559.62","bucket":"37","time":1776549137500,"group":{"id":"file.editor","version":"3"},"event":{"count":1,"data":{"fileEditor":"com.intellij.openapi.fileEditor.impl.text.PsiAwareTextEditorImpl","plugin_type":"PLATFORM","system_event_id":3136,"file_path":"891f7a2a7451608ee81b4a9838dcbc7d960092e7babc53b739dc9556e1af5688","project":"8269cefc298b2c0875fc52773c5ac5183725dc7907bea37b4f3775a448a613db","created":1776549137500},"id":"alternative.file.editor.selected"}}
{"recorder_version":"75","session":"26041821-657e48cd12a9","build":"232.9559.62","bucket":"37","time":1776549137500,"group":{"id":"file.types.usage","version":"69"},"event":{"count":1,"data":{"file_path":"891f7a2a7451608ee81b4a9838dcbc7d960092e7babc53b739dc9556e1af5688","plugin_version":"232.9559.62","plugin":"org.jetbrains.plugins.textmate","file_type":"textmate","created":1776549137500,"plugin_type":"JB_BUNDLED","system_event_id":3137,"project":"8269cefc298b2c0875fc52773c5ac5183725dc7907bea37b4f3775a448a613db"},"id":"select"}}
{"recorder_version":"75","session":"26041821-657e48cd12a9","build":"232.9559.62","bucket":"37","time":1776549137523,"group":{"id":"file.types.usage","version":"69"},"event":{"count":1,"data":{"file_editor":"com.intellij.openapi.fileEditor.impl.text.PsiAwareTextEditorImpl","file_path":"891f7a2a7451608ee81b4a9838dcbc7d960092e7babc53b739dc9556e1af5688","time_to_show":91,"plugin_version":"232.9559.62","created":1776549137523,"is_preview_tab":false,"system_event_id":3138,"project":"8269cefc298b2c0875fc52773c5ac5183725dc7907bea37b4f3775a448a613db","is_writable":true,"duration_ms":140,"plugin":"org.jetbrains.plugins.textmate","file_type":"textmate","plugin_type":"JB_BUNDLED"},"id":"open"}}
{"recorder_version":"75","session":"26041821-657e48cd12a9","build":"232.9559.62","bucket":"37","time":1776549137656,"group":{"id":"editor.notification.panel","version":"3"},"event":{"count":1,"data":{"plugin_type":"PLATFORM","system_event_id":3139,"project":"8269cefc298b2c0875fc52773c5ac5183725dc7907bea37b4f3775a448a613db","provider_class":"com.intellij.openapi.updateSettings.impl.pluginsAdvertisement.PluginAdvertiserEditorNotificationProvider","created":1776549137656},"id":"notificationShown"}}
{"recorder_version":"75","session":"26041821-657e48cd12a9","build":"232.9559.62","bucket":"37","time":1776549149396,"group":{"id":"file.editor","version":"3"},"event":{"count":1,"data":{"fileEditor":"com.intellij.openapi.fileEditor.impl.text.PsiAwareTextEditorImpl","plugin_type":"PLATFORM","system_event_id":3140,"file_path":"da9d7a491d6c1c6697ee1cc39d197923c4635d66e91267404c879db7f79232ec","project":"8269cefc298b2c0875fc52773c5ac5183725dc7907bea37b4f3775a448a613db","created":1776549149396},"id":"alternative.file.editor.selected"}}
{"recorder_version":"75","session":"26041821-657e48cd12a9","build":"232.9559.62","bucket":"37","time":1776549149397,"group":{"id":"file.types.usage","version":"69"},"event":{"count":1,"data":{"file_path":"da9d7a491d6c1c6697ee1cc39d197923c4635d66e91267404c879db7f79232ec","plugin_version":"232.9559.62","plugin":"org.jetbrains.plugins.textmate","file_type":"textmate","created":1776549149397,"plugin_type":"JB_BUNDLED","system_event_id":3141,"project":"8269cefc298b2c0875fc52773c5ac5183725dc7907bea37b4f3775a448a613db"},"id":"select"}}
{"recorder_version":"75","session":"26041821-657e48cd12a9","build":"232.9559.62","bucket":"37","time":1776549191241,"group":{"id":"file.types.usage","version":"69"},"event":{"count":1,"data":{"file_editor":"com.intellij.openapi.fileEditor.impl.text.PsiAwareTextEditorImpl","file_path":"46bc174d46649c4feb2f6eb0d39cdbdca806f64cacbe8c5e6ed1243881ee3b3c","time_to_show":40,"plugin_version":"232.9559.62","created":1776549191241,"is_preview_tab":false,"system_event_id":3142,"project":"8269cefc298b2c0875fc52773c5ac5183725dc7907bea37b4f3775a448a613db","is_writable":true,"duration_ms":67,"plugin":"org.jetbrains.plugins.textmate","file_type":"textmate","plugin_type":"JB_BUNDLED"},"id":"open"}}
{"recorder_version":"75","session":"26041821-657e48cd12a9","build":"232.9559.62","bucket":"37","time":1776549191254,"group":{"id":"file.editor","version":"3"},"event":{"count":1,"data":{"fileEditor":"com.intellij.openapi.fileEditor.impl.text.PsiAwareTextEditorImpl","plugin_type":"PLATFORM","system_event_id":3143,"file_path":"46bc174d46649c4feb2f6eb0d39cdbdca806f64cacbe8c5e6ed1243881ee3b3c","project":"8269cefc298b2c0875fc52773c5ac5183725dc7907bea37b4f3775a448a613db","created":1776549191254},"id":"alternative.file.editor.selected"}}
{"recorder_version":"75","session":"26041821-657e48cd12a9","build":"232.9559.62","bucket":"37","time":1776549191254,"group":{"id":"file.types.usage","version":"69"},"event":{"count":1,"data":{"file_path":"46bc174d46649c4feb2f6eb0d39cdbdca806f64cacbe8c5e6ed1243881ee3b3c","plugin_version":"232.9559.62","plugin":"org.jetbrains.plugins.textmate","file_type":"textmate","created":1776549191255,"plugin_type":"JB_BUNDLED","system_event_id":3144,"project":"8269cefc298b2c0875fc52773c5ac5183725dc7907bea37b4f3775a448a613db"},"id":"select"}}
{"recorder_version":"75","session":"26041821-657e48cd12a9","build":"232.9559.62","bucket":"37","time":1776549191366,"group":{"id":"editor.notification.panel","version":"3"},"event":{"count":1,"data":{"plugin_type":"PLATFORM","system_event_id":3145,"project":"8269cefc298b2c0875fc52773c5ac5183725dc7907bea37b4f3775a448a613db","provider_class":"com.intellij.openapi.updateSettings.impl.pluginsAdvertisement.PluginAdvertiserEditorNotificationProvider","created":1776549191366},"id":"notificationShown"}}
{"recorder_version":"75","session":"26041821-657e48cd12a9","build":"232.9559.62","bucket":"37","time":1776549191558,"group":{"id":"actions","version":"73"},"event":{"count":1,"data":{"duration_ms":11,"action_id":"Run","created":1776549191562,"plugin_type":"PLATFORM","system_event_id":3146,"project":"8269cefc298b2c0875fc52773c5ac5183725dc7907bea37b4f3775a448a613db","lang":"textmate","class":"com.intellij.execution.ExecutorRegistryImpl$ExecutorAction"},"id":"action.updated"}}
{"recorder_version":"75","session":"26041821-657e48cd12a9","build":"232.9559.62","bucket":"37","time":1776549199992,"group":{"id":"performance","version":"67"},"event":{"count":1,"data":{"swap_load":0,"created":1776549199993,"gc_time_ms":38,"system_event_id":3147,"cpu_time_ms":59678,"system_cpu_load":79,"power_save_mode":false,"power_source":"AC"},"id":"heartbeat"}}
{"recorder_version":"75","session":"26041821-657e48cd12a9","build":"232.9559.62","bucket":"37","time":1776549223249,"group":{"id":"file.editor","version":"3"},"event":{"count":1,"data":{"fileEditor":"com.intellij.openapi.fileEditor.impl.text.PsiAwareTextEditorImpl","plugin_type":"PLATFORM","system_event_id":3148,"file_path":"da9d7a491d6c1c6697ee1cc39d197923c4635d66e91267404c879db7f79232ec","project":"8269cefc298b2c0875fc52773c5ac5183725dc7907bea37b4f3775a448a613db","created":1776549223250},"id":"alternative.file.editor.selected"}}
{"recorder_version":"75","session":"26041821-657e48cd12a9","build":"232.9559.62","bucket":"37","time":1776549223250,"group":{"id":"file.types.usage","version":"69"},"event":{"count":1,"data":{"file_path":"da9d7a491d6c1c6697ee1cc39d197923c4635d66e91267404c879db7f79232ec","plugin_version":"232.9559.62","plugin":"org.jetbrains.plugins.textmate","file_type":"textmate","created":1776549223251,"plugin_type":"JB_BUNDLED","system_event_id":3149,"project":"8269cefc298b2c0875fc52773c5ac5183725dc7907bea37b4f3775a448a613db"},"id":"select"}}
{"recorder_version":"75","session":"26041821-657e48cd12a9","build":"232.9559.62","bucket":"37","time":1776549237496,"group":{"id":"performance","version":"67"},"event":{"count":1,"data":{"duration_ms":0,"system_event_id":3150,"created":1776549237496},"id":"ui.latency"}}
{"recorder_version":"75","session":"26041821-657e48cd12a9","build":"232.9559.62","bucket":"37","time":1776549246421,"group":{"id":"lifecycle","version":"69"},"event":{"count":1,"data":{"system_event_id":3151,"project":"8269cefc298b2c0875fc52773c5ac5183725dc7907bea37b4f3775a448a613db","created":1776549246423},"id":"frame.deactivated"}}
{"recorder_version":"75","session":"26041821-657e48cd12a9","build":"232.9559.62","bucket":"37","time":1776549249289,"group":{"id":"lifecycle","version":"69"},"event":{"count":1,"data":{"system_event_id":3152,"project":"8269cefc298b2c0875fc52773c5ac5183725dc7907bea37b4f3775a448a613db","created":1776549249304},"id":"frame.activated"}}
{"recorder_version":"75","session":"26041821-657e48cd12a9","build":"232.9559.62","bucket":"37","time":1776549255672,"group":{"id":"lifecycle","version":"69"},"event":{"count":1,"data":{"system_event_id":3153,"project":"8269cefc298b2c0875fc52773c5ac5183725dc7907bea37b4f3775a448a613db","created":1776549255672},"id":"frame.deactivated"}}
{"recorder_version":"75","session":"26041821-657e48cd12a9","build":"232.9559.62","bucket":"37","time":1776549299999,"group":{"id":"performance","version":"67"},"event":{"count":1,"data":{"swap_load":0,"created":1776549299999,"gc_time_ms":197,"system_event_id":3154,"cpu_time_ms":30228,"system_cpu_load":81,"power_save_mode":false,"power_source":"AC"},"id":"heartbeat"}}
{"recorder_version":"75","session":"26041821-657e48cd12a9","build":"232.9559.62","bucket":"37","time":1776549331558,"group":{"id":"lifecycle","version":"69"},"event":{"count":1,"data":{"system_event_id":3155,"project":"8269cefc298b2c0875fc52773c5ac5183725dc7907bea37b4f3775a448a613db","created":1776549331573},"id":"frame.activated"}}
{"recorder_version":"75","session":"26041821-657e48cd12a9","build":"232.9559.62","bucket":"37","time":1776549337925,"group":{"id":"performance","version":"67"},"event":{"count":1,"data":{"duration_ms":0,"system_event_id":3156,"created":1776549337925},"id":"ui.latency"}}
{"recorder_version":"75","session":"26041821-657e48cd12a9","build":"232.9559.62","bucket":"37","time":1776549350724,"group":{"id":"lifecycle","version":"69"},"event":{"count":1,"data":{"system_event_id":3157,"project":"8269cefc298b2c0875fc52773c5ac5183725dc7907bea37b4f3775a448a613db","created":1776549350724},"id":"frame.deactivated"}}
{"recorder_version":"75","session":"26041821-657e48cd12a9","build":"232.9559.62","bucket":"37","time":1776549400005,"group":{"id":"performance","version":"67"},"event":{"count":1,"data":{"swap_load":0,"created":1776549400005,"gc_time_ms":43,"system_event_id":3158,"cpu_time_ms":63331,"system_cpu_load":80,"power_save_mode":false,"power_source":"AC"},"id":"heartbeat"}}
{"recorder_version":"75","session":"26041821-657e48cd12a9","build":"232.9559.62","bucket":"37","time":1776549438294,"group":{"id":"performance","version":"67"},"event":{"count":1,"data":{"duration_ms":0,"system_event_id":3159,"created":1776549438294},"id":"ui.latency"}}
{"recorder_version":"75","session":"26041821-657e48cd12a9","build":"232.9559.62","bucket":"37","time":1776549482676,"group":{"id":"lifecycle","version":"69"},"event":{"count":1,"data":{"system_event_id":3160,"project":"8269cefc298b2c0875fc52773c5ac5183725dc7907bea37b4f3775a448a613db","created":1776549482676},"id":"frame.activated"}}
{"recorder_version":"75","session":"26041821-657e48cd12a9","build":"232.9559.62","bucket":"37","time":1776549500007,"group":{"id":"performance","version":"67"},"event":{"count":1,"data":{"swap_load":0,"created":1776549500007,"gc_time_ms":206,"system_event_id":3161,"cpu_time_ms":33687,"system_cpu_load":81,"power_save_mode":false,"power_source":"AC"},"id":"heartbeat"}}
{"recorder_version":"75","session":"26041821-657e48cd12a9","build":"232.9559.62","bucket":"37","time":1776549502522,"group":{"id":"actions","version":"73"},"event":{"count":1,"data":{"context_menu":false,"created":1776549502524,"system_event_id":3162,"dumb":false,"dumb_start":false,"project":"8269cefc298b2c0875fc52773c5ac5183725dc7907bea37b4f3775a448a613db","input_event":"Meta+C","result":{"type":"performed"},"duration_ms":0,"start_time":1776549502516,"action_id":"EditorCopy","plugin_type":"PLATFORM","place":"keyboard shortcut","class":"com.intellij.openapi.editor.actions.CopyAction"},"id":"action.finished"}}
{"recorder_version":"75","session":"26041821-657e48cd12a9","build":"232.9559.62","bucket":"37","time":1776549503730,"group":{"id":"lifecycle","version":"69"},"event":{"count":1,"data":{"system_event_id":3163,"project":"8269cefc298b2c0875fc52773c5ac5183725dc7907bea37b4f3775a448a613db","created":1776549503735},"id":"frame.deactivated"}}
{"recorder_version":"75","session":"26041821-657e48cd12a9","build":"232.9559.62","bucket":"37","time":1776549504037,"group":{"id":"settings.changes","version":"57"},"event":{"count":1,"data":{"component":"ConsoleFont","created":1776549504037,"plugin_type":"PLATFORM","name":"VERSION","system_event_id":3164,"id":138,"type":"int"},"id":"component_changed_option"}}
{"recorder_version":"75","session":"26041821-657e48cd12a9","build":"232.9559.62","bucket":"37","time":1776549504037,"group":{"id":"settings.changes","version":"57"},"event":{"count":1,"data":{"plugin_type":"PLATFORM","system_event_id":3165,"component":"ConsoleFont","id":138,"created":1776549504037},"id":"component_changed"}}
{"recorder_version":"75","session":"26041821-657e48cd12a9","build":"232.9559.62","bucket":"37","time":1776549504038,"group":{"id":"settings.changes","version":"57"},"event":{"count":1,"data":{"component":"RecentProjectsManager","created":1776549504038,"plugin_type":"PLATFORM","name":"lastOpenedProject","system_event_id":3166,"id":139,"type":"string"},"id":"component_changed_option"}}
{"recorder_version":"75","session":"26041821-657e48cd12a9","build":"232.9559.62","bucket":"37","time":1776549504038,"group":{"id":"settings.changes","version":"57"},"event":{"count":1,"data":{"plugin_type":"PLATFORM","system_event_id":3167,"component":"RecentProjectsManager","id":139,"created":1776549504038},"id":"component_changed"}}
{"recorder_version":"75","session":"26041821-657e48cd12a9","build":"232.9559.62","bucket":"37","time":1776549509117,"group":{"id":"lifecycle","version":"69"},"event":{"count":1,"data":{"system_event_id":3168,"project":"8269cefc298b2c0875fc52773c5ac5183725dc7907bea37b4f3775a448a613db","created":1776549509117},"id":"frame.activated"}}
{"recorder_version":"75","session":"26041821-657e48cd12a9","build":"232.9559.62","bucket":"37","time":1776549516684,"group":{"id":"lifecycle","version":"69"},"event":{"count":1,"data":{"system_event_id":3169,"project":"8269cefc298b2c0875fc52773c5ac5183725dc7907bea37b4f3775a448a613db","created":1776549516684},"id":"frame.deactivated"}}
{"recorder_version":"75","session":"26041821-657e48cd12a9","build":"232.9559.62","bucket":"37","time":1776549538711,"group":{"id":"performance","version":"67"},"event":{"count":1,"data":{"duration_ms":0,"system_event_id":3170,"created":1776549538711},"id":"ui.latency"}}
{"recorder_version":"75","session":"26041821-657e48cd12a9","build":"232.9559.62","bucket":"37","time":1776549575195,"group":{"id":"lifecycle","version":"69"},"event":{"count":1,"data":{"system_event_id":3171,"project":"8269cefc298b2c0875fc52773c5ac5183725dc7907bea37b4f3775a448a613db","created":1776549575195},"id":"frame.activated"}}
{"recorder_version":"75","session":"26041821-657e48cd12a9","build":"232.9559.62","bucket":"37","time":1776549576901,"group":{"id":"lifecycle","version":"69"},"event":{"count":1,"data":{"system_event_id":3172,"project":"8269cefc298b2c0875fc52773c5ac5183725dc7907bea37b4f3775a448a613db","created":1776549576902},"id":"frame.deactivated"}}
{"recorder_version":"75","session":"26041821-657e48cd12a9","build":"232.9559.62","bucket":"37","time":1776549596068,"group":{"id":"event.log","version":"75"},"event":{"count":1,"data":{"total":1,"external":false,"paths":["60ffcd48afa9fbfe9b1e7e6aac36823017676d1c3c6f8787155e38367cff2b8d"],"created":1776549596069,"succeed":1,"system_event_id":3173,"failed":0,"send":1,"errors":[]},"id":"logs.send"}}
{"recorder_version":"75","session":"26041821-657e48cd12a9","build":"232.9559.62","bucket":"37","time":1776549600010,"group":{"id":"performance","version":"67"},"event":{"count":1,"data":{"swap_load":0,"created":1776549600010,"gc_time_ms":51,"system_event_id":3174,"cpu_time_ms":67059,"system_cpu_load":80,"power_save_mode":false,"power_source":"AC"},"id":"heartbeat"}}
{"recorder_version":"75","session":"26041821-657e48cd12a9","build":"232.9559.62","bucket":"37","time":1776549639209,"group":{"id":"performance","version":"67"},"event":{"count":1,"data":{"duration_ms":0,"system_event_id":3175,"created":1776549639212},"id":"ui.latency"}}
{"recorder_version":"75","session":"26041821-657e48cd12a9","build":"232.9559.62","bucket":"37","time":1776549700016,"group":{"id":"performance","version":"67"},"event":{"count":1,"data":{"swap_load":0,"created":1776549700016,"gc_time_ms":206,"system_event_id":3176,"cpu_time_ms":35905,"system_cpu_load":89,"power_save_mode":false,"power_source":"AC"},"id":"heartbeat"}}
{"recorder_version":"75","session":"26041821-657e48cd12a9","build":"232.9559.62","bucket":"37","time":1776549739796,"group":{"id":"performance","version":"67"},"event":{"count":1,"data":{"duration_ms":1,"system_event_id":3177,"created":1776549739800},"id":"ui.latency"}}
